使用设备: cuda
模型总参数量: 17,280
==================================================
Training Started
==================================================
实验名称: DPSR_x2_0317_1301
放大倍数: 2
批次大小: 64
学习率: 0.003
最小学习率: 1e-05
训练轮数: 200
设备: cuda
模型参数数量: 17,280
训练批次: 612
验证批次: 328
==================================================
Begin Training
Epoch 1/200: Training loss=0.085707, lr=1.00e-07
Epoch 1/200: Validation loss=0.088155
Model saved! Best loss: 0.088155
Set5: PSNR(Y)=27.599, SSIM(Y)=0.6936
Set14: PSNR(Y)=26.141, SSIM(Y)=0.6467
B100: PSNR(Y)=25.767, SSIM(Y)=0.6265
U100: PSNR(Y)=24.049, SSIM(Y)=0.6167
M109: PSNR(Y)=24.773, SSIM(Y)=0.5716
Epoch 2/200: Training loss=0.045314, lr=1.50e-04
Epoch 2/200: Validation loss=0.047431
Model saved! Best loss: 0.047431
Set5: PSNR(Y)=34.264, SSIM(Y)=0.9372
Set14: PSNR(Y)=30.759, SSIM(Y)=0.8866
B100: PSNR(Y)=29.873, SSIM(Y)=0.8648
U100: PSNR(Y)=27.237, SSIM(Y)=0.8600
M109: PSNR(Y)=31.744, SSIM(Y)=0.9446
Epoch 3/200: Training loss=0.041131, lr=3.00e-04
Epoch 3/200: Validation loss=0.039946
Model saved! Best loss: 0.039946
Set5: PSNR(Y)=34.414, SSIM(Y)=0.9389
Set14: PSNR(Y)=30.827, SSIM(Y)=0.8880
B100: PSNR(Y)=29.914, SSIM(Y)=0.8659
U100: PSNR(Y)=27.283, SSIM(Y)=0.8611
M109: PSNR(Y)=31.911, SSIM(Y)=0.9470
Epoch 4/200: Training loss=0.040825, lr=4.50e-04
Epoch 4/200: Validation loss=0.038145
Model saved! Best loss: 0.038145
Set5: PSNR(Y)=34.453, SSIM(Y)=0.9392
Set14: PSNR(Y)=30.846, SSIM(Y)=0.8883
B100: PSNR(Y)=29.927, SSIM(Y)=0.8661
U100: PSNR(Y)=27.300, SSIM(Y)=0.8614
M109: PSNR(Y)=31.952, SSIM(Y)=0.9474
Epoch 5/200: Training loss=0.040626, lr=6.00e-04
Epoch 5/200: Validation loss=0.037525
Model saved! Best loss: 0.037525
Set5: PSNR(Y)=34.519, SSIM(Y)=0.9395
Set14: PSNR(Y)=30.879, SSIM(Y)=0.8884
B100: PSNR(Y)=29.947, SSIM(Y)=0.8662
U100: PSNR(Y)=27.334, SSIM(Y)=0.8617
M109: PSNR(Y)=32.028, SSIM(Y)=0.9473
Epoch 6/200: Training loss=0.040342, lr=7.50e-04
Epoch 6/200: Validation loss=0.037203
Model saved! Best loss: 0.037203
Set5: PSNR(Y)=34.973, SSIM(Y)=0.9426
Set14: PSNR(Y)=31.189, SSIM(Y)=0.8908
B100: PSNR(Y)=30.129, SSIM(Y)=0.8686
U100: PSNR(Y)=27.623, SSIM(Y)=0.8670
M109: PSNR(Y)=32.829, SSIM(Y)=0.9519
Epoch 7/200: Training loss=0.039591, lr=9.00e-04
Epoch 7/200: Validation loss=0.036490
Model saved! Best loss: 0.036490
Set5: PSNR(Y)=35.387, SSIM(Y)=0.9453
Set14: PSNR(Y)=31.418, SSIM(Y)=0.8928
B100: PSNR(Y)=30.296, SSIM(Y)=0.8707
U100: PSNR(Y)=27.951, SSIM(Y)=0.8727
M109: PSNR(Y)=33.527, SSIM(Y)=0.9554
Epoch 8/200: Training loss=0.038991, lr=1.05e-03
Epoch 8/200: Validation loss=0.035685
Model saved! Best loss: 0.035685
Set5: PSNR(Y)=35.633, SSIM(Y)=0.9469
Set14: PSNR(Y)=31.564, SSIM(Y)=0.8943
B100: PSNR(Y)=30.412, SSIM(Y)=0.8722
U100: PSNR(Y)=28.237, SSIM(Y)=0.8776
M109: PSNR(Y)=33.922, SSIM(Y)=0.9574
Epoch 9/200: Training loss=0.038580, lr=1.20e-03
Epoch 9/200: Validation loss=0.035037
Model saved! Best loss: 0.035037
Set5: PSNR(Y)=35.722, SSIM(Y)=0.9475
Set14: PSNR(Y)=31.629, SSIM(Y)=0.8948
B100: PSNR(Y)=30.467, SSIM(Y)=0.8727
U100: PSNR(Y)=28.391, SSIM(Y)=0.8800
M109: PSNR(Y)=34.167, SSIM(Y)=0.9586
Epoch 10/200: Training loss=0.038346, lr=1.35e-03
Epoch 10/200: Validation loss=0.034450
Model saved! Best loss: 0.034450
Set5: PSNR(Y)=35.844, SSIM(Y)=0.9484
Set14: PSNR(Y)=31.707, SSIM(Y)=0.8957
B100: PSNR(Y)=30.537, SSIM(Y)=0.8738
U100: PSNR(Y)=28.562, SSIM(Y)=0.8830
M109: PSNR(Y)=34.470, SSIM(Y)=0.9604
Epoch 11/200: Training loss=0.038055, lr=1.50e-03
Epoch 11/200: Validation loss=0.034013
Model saved! Best loss: 0.034013
Set5: PSNR(Y)=35.912, SSIM(Y)=0.9488
Set14: PSNR(Y)=31.750, SSIM(Y)=0.8961
B100: PSNR(Y)=30.583, SSIM(Y)=0.8744
U100: PSNR(Y)=28.702, SSIM(Y)=0.8853
M109: PSNR(Y)=34.657, SSIM(Y)=0.9612
Epoch 12/200: Training loss=0.037896, lr=1.65e-03
Epoch 12/200: Validation loss=0.033665
Model saved! Best loss: 0.033665
Set5: PSNR(Y)=35.991, SSIM(Y)=0.9492
Set14: PSNR(Y)=31.793, SSIM(Y)=0.8965
B100: PSNR(Y)=30.617, SSIM(Y)=0.8748
U100: PSNR(Y)=28.809, SSIM(Y)=0.8870
M109: PSNR(Y)=34.793, SSIM(Y)=0.9619
Epoch 13/200: Training loss=0.037728, lr=1.80e-03
Epoch 13/200: Validation loss=0.033365
Model saved! Best loss: 0.033365
Set5: PSNR(Y)=36.066, SSIM(Y)=0.9497
Set14: PSNR(Y)=31.823, SSIM(Y)=0.8968
B100: PSNR(Y)=30.641, SSIM(Y)=0.8752
U100: PSNR(Y)=28.907, SSIM(Y)=0.8884
M109: PSNR(Y)=34.952, SSIM(Y)=0.9627
Epoch 14/200: Training loss=0.037550, lr=1.95e-03
Epoch 14/200: Validation loss=0.033115
Model saved! Best loss: 0.033115
Set5: PSNR(Y)=36.122, SSIM(Y)=0.9500
Set14: PSNR(Y)=31.855, SSIM(Y)=0.8971
B100: PSNR(Y)=30.670, SSIM(Y)=0.8756
U100: PSNR(Y)=29.001, SSIM(Y)=0.8897
M109: PSNR(Y)=35.026, SSIM(Y)=0.9632
Epoch 15/200: Training loss=0.037429, lr=2.10e-03
Epoch 15/200: Validation loss=0.032874
Model saved! Best loss: 0.032874
Set5: PSNR(Y)=36.145, SSIM(Y)=0.9502
Set14: PSNR(Y)=31.881, SSIM(Y)=0.8973
B100: PSNR(Y)=30.698, SSIM(Y)=0.8760
U100: PSNR(Y)=29.107, SSIM(Y)=0.8915
M109: PSNR(Y)=35.141, SSIM(Y)=0.9636
Epoch 16/200: Training loss=0.037286, lr=2.25e-03
Epoch 16/200: Validation loss=0.032669
Model saved! Best loss: 0.032669
Set5: PSNR(Y)=36.185, SSIM(Y)=0.9504
Set14: PSNR(Y)=31.916, SSIM(Y)=0.8977
B100: PSNR(Y)=30.733, SSIM(Y)=0.8764
U100: PSNR(Y)=29.203, SSIM(Y)=0.8930
M109: PSNR(Y)=35.142, SSIM(Y)=0.9636
Epoch 17/200: Training loss=0.037205, lr=2.40e-03
Epoch 17/200: Validation loss=0.032502
Model saved! Best loss: 0.032502
Set5: PSNR(Y)=36.224, SSIM(Y)=0.9507
Set14: PSNR(Y)=31.953, SSIM(Y)=0.8983
B100: PSNR(Y)=30.727, SSIM(Y)=0.8766
U100: PSNR(Y)=29.212, SSIM(Y)=0.8930
M109: PSNR(Y)=35.277, SSIM(Y)=0.9643
Epoch 18/200: Training loss=0.037115, lr=2.55e-03
Epoch 18/200: Validation loss=0.032369
Model saved! Best loss: 0.032369
Set5: PSNR(Y)=36.244, SSIM(Y)=0.9507
Set14: PSNR(Y)=31.963, SSIM(Y)=0.8982
B100: PSNR(Y)=30.757, SSIM(Y)=0.8770
U100: PSNR(Y)=29.282, SSIM(Y)=0.8944
M109: PSNR(Y)=35.240, SSIM(Y)=0.9642
Epoch 19/200: Training loss=0.037027, lr=2.70e-03
Epoch 19/200: Validation loss=0.032243
Model saved! Best loss: 0.032243
Set5: PSNR(Y)=36.248, SSIM(Y)=0.9508
Set14: PSNR(Y)=31.996, SSIM(Y)=0.8988
B100: PSNR(Y)=30.783, SSIM(Y)=0.8772
U100: PSNR(Y)=29.334, SSIM(Y)=0.8949
M109: PSNR(Y)=35.320, SSIM(Y)=0.9646
Epoch 20/200: Training loss=0.037000, lr=2.85e-03
Epoch 20/200: Validation loss=0.032145
Epoch 21/200: Training loss=0.036865, lr=3.00e-03
Epoch 21/200: Validation loss=0.032032
Model saved! Best loss: 0.032032
Set5: PSNR(Y)=36.325, SSIM(Y)=0.9510
Set14: PSNR(Y)=32.013, SSIM(Y)=0.8988
B100: PSNR(Y)=30.813, SSIM(Y)=0.8776
U100: PSNR(Y)=29.437, SSIM(Y)=0.8964
M109: PSNR(Y)=35.452, SSIM(Y)=0.9650
Epoch 22/200: Training loss=0.036836, lr=3.00e-03
Epoch 22/200: Validation loss=0.031932
Epoch 23/200: Training loss=0.036839, lr=3.00e-03
Epoch 23/200: Validation loss=0.031863
Model saved! Best loss: 0.031863
Set5: PSNR(Y)=36.342, SSIM(Y)=0.9512
Set14: PSNR(Y)=32.034, SSIM(Y)=0.8993
B100: PSNR(Y)=30.814, SSIM(Y)=0.8778
U100: PSNR(Y)=29.408, SSIM(Y)=0.8959
M109: PSNR(Y)=35.555, SSIM(Y)=0.9655
Epoch 24/200: Training loss=0.036768, lr=3.00e-03
Epoch 24/200: Validation loss=0.031801
Model saved! Best loss: 0.031801
Set5: PSNR(Y)=36.355, SSIM(Y)=0.9513
Set14: PSNR(Y)=32.051, SSIM(Y)=0.8990
B100: PSNR(Y)=30.826, SSIM(Y)=0.8777
U100: PSNR(Y)=29.466, SSIM(Y)=0.8970
M109: PSNR(Y)=35.509, SSIM(Y)=0.9653
Epoch 25/200: Training loss=0.036727, lr=3.00e-03
Epoch 25/200: Validation loss=0.031807
Model saved! Best loss: 0.031807
Set5: PSNR(Y)=36.383, SSIM(Y)=0.9514
Set14: PSNR(Y)=32.071, SSIM(Y)=0.8994
B100: PSNR(Y)=30.842, SSIM(Y)=0.8781
U100: PSNR(Y)=29.501, SSIM(Y)=0.8975
M109: PSNR(Y)=35.670, SSIM(Y)=0.9660
Epoch 26/200: Training loss=0.036643, lr=2.99e-03
Epoch 26/200: Validation loss=0.031929
Model saved! Best loss: 0.031929
Set5: PSNR(Y)=36.387, SSIM(Y)=0.9514
Set14: PSNR(Y)=32.094, SSIM(Y)=0.8997
B100: PSNR(Y)=30.842, SSIM(Y)=0.8782
U100: PSNR(Y)=29.527, SSIM(Y)=0.8979
M109: PSNR(Y)=35.557, SSIM(Y)=0.9655
Epoch 27/200: Training loss=0.036647, lr=2.99e-03
Epoch 27/200: Validation loss=0.032087
Epoch 28/200: Training loss=0.036639, lr=2.99e-03
Epoch 28/200: Validation loss=0.032316
Epoch 29/200: Training loss=0.036597, lr=2.99e-03
Epoch 29/200: Validation loss=0.032499
Epoch 30/200: Training loss=0.036570, lr=2.98e-03
Epoch 30/200: Validation loss=0.032662
Epoch 31/200: Training loss=0.036604, lr=2.98e-03
Epoch 31/200: Validation loss=0.032585
Epoch 32/200: Training loss=0.036532, lr=2.97e-03
Epoch 32/200: Validation loss=0.032514
Model saved! Best loss: 0.032514
Set5: PSNR(Y)=36.406, SSIM(Y)=0.9515
Set14: PSNR(Y)=32.094, SSIM(Y)=0.8999
B100: PSNR(Y)=30.867, SSIM(Y)=0.8786
U100: PSNR(Y)=29.594, SSIM(Y)=0.8987
M109: PSNR(Y)=35.698, SSIM(Y)=0.9662
Epoch 33/200: Training loss=0.036536, lr=2.97e-03
Epoch 33/200: Validation loss=0.032379
Epoch 34/200: Training loss=0.036518, lr=2.96e-03
Epoch 34/200: Validation loss=0.032288
Epoch 35/200: Training loss=0.036451, lr=2.96e-03
Epoch 35/200: Validation loss=0.032094
Epoch 36/200: Training loss=0.036475, lr=2.95e-03
Epoch 36/200: Validation loss=0.031898
Model saved! Best loss: 0.031898
Set5: PSNR(Y)=36.431, SSIM(Y)=0.9515
Set14: PSNR(Y)=32.096, SSIM(Y)=0.8999
B100: PSNR(Y)=30.862, SSIM(Y)=0.8785
U100: PSNR(Y)=29.632, SSIM(Y)=0.8994
M109: PSNR(Y)=35.817, SSIM(Y)=0.9665
Epoch 37/200: Training loss=0.036434, lr=2.94e-03
Epoch 37/200: Validation loss=0.031688
Epoch 38/200: Training loss=0.036455, lr=2.93e-03
Epoch 38/200: Validation loss=0.031605
Model saved! Best loss: 0.031605
Set5: PSNR(Y)=36.437, SSIM(Y)=0.9515
Set14: PSNR(Y)=32.117, SSIM(Y)=0.8999
B100: PSNR(Y)=30.887, SSIM(Y)=0.8789
U100: PSNR(Y)=29.694, SSIM(Y)=0.9003
M109: PSNR(Y)=35.788, SSIM(Y)=0.9665
Epoch 39/200: Training loss=0.036423, lr=2.93e-03
Epoch 39/200: Validation loss=0.031518
Epoch 40/200: Training loss=0.036447, lr=2.92e-03
Epoch 40/200: Validation loss=0.031421
Epoch 41/200: Training loss=0.036460, lr=2.91e-03
Epoch 41/200: Validation loss=0.031362
Epoch 42/200: Training loss=0.036400, lr=2.90e-03
Epoch 42/200: Validation loss=0.031322
Model saved! Best loss: 0.031322
Set5: PSNR(Y)=36.437, SSIM(Y)=0.9516
Set14: PSNR(Y)=32.114, SSIM(Y)=0.9001
B100: PSNR(Y)=30.896, SSIM(Y)=0.8788
U100: PSNR(Y)=29.716, SSIM(Y)=0.9007
M109: PSNR(Y)=35.754, SSIM(Y)=0.9663
Epoch 43/200: Training loss=0.036313, lr=2.89e-03
Epoch 43/200: Validation loss=0.031282
Model saved! Best loss: 0.031282
Set5: PSNR(Y)=36.442, SSIM(Y)=0.9516
Set14: PSNR(Y)=32.102, SSIM(Y)=0.8996
B100: PSNR(Y)=30.899, SSIM(Y)=0.8786
U100: PSNR(Y)=29.748, SSIM(Y)=0.9009
M109: PSNR(Y)=35.691, SSIM(Y)=0.9662
Epoch 44/200: Training loss=0.036410, lr=2.88e-03
Epoch 44/200: Validation loss=0.031249
Model saved! Best loss: 0.031249
Set5: PSNR(Y)=36.452, SSIM(Y)=0.9516
Set14: PSNR(Y)=32.130, SSIM(Y)=0.9002
B100: PSNR(Y)=30.888, SSIM(Y)=0.8789
U100: PSNR(Y)=29.707, SSIM(Y)=0.9005
M109: PSNR(Y)=35.764, SSIM(Y)=0.9665
Epoch 45/200: Training loss=0.036374, lr=2.87e-03
Epoch 45/200: Validation loss=0.031206
Epoch 46/200: Training loss=0.036388, lr=2.86e-03
Epoch 46/200: Validation loss=0.031186
Epoch 47/200: Training loss=0.036338, lr=2.85e-03
Epoch 47/200: Validation loss=0.031174
Epoch 48/200: Training loss=0.036380, lr=2.84e-03
Epoch 48/200: Validation loss=0.031154
Epoch 49/200: Training loss=0.036333, lr=2.83e-03
Epoch 49/200: Validation loss=0.031147
Epoch 50/200: Training loss=0.036381, lr=2.81e-03
Epoch 50/200: Validation loss=0.031135
Epoch 51/200: Training loss=0.036349, lr=2.80e-03
Epoch 51/200: Validation loss=0.031128
Epoch 52/200: Training loss=0.036343, lr=2.79e-03
Epoch 52/200: Validation loss=0.031118
Epoch 53/200: Training loss=0.036322, lr=2.77e-03
Epoch 53/200: Validation loss=0.031109
Model saved! Best loss: 0.031109
Set5: PSNR(Y)=36.463, SSIM(Y)=0.9516
Set14: PSNR(Y)=32.123, SSIM(Y)=0.8999
B100: PSNR(Y)=30.901, SSIM(Y)=0.8789
U100: PSNR(Y)=29.775, SSIM(Y)=0.9011
M109: PSNR(Y)=35.729, SSIM(Y)=0.9665
Epoch 54/200: Training loss=0.036355, lr=2.76e-03
Epoch 54/200: Validation loss=0.031099
Epoch 55/200: Training loss=0.036263, lr=2.74e-03
Epoch 55/200: Validation loss=0.031091
Epoch 56/200: Training loss=0.036261, lr=2.73e-03
Epoch 56/200: Validation loss=0.031089
Epoch 57/200: Training loss=0.036272, lr=2.71e-03
Epoch 57/200: Validation loss=0.031079
Epoch 58/200: Training loss=0.036326, lr=2.70e-03
Epoch 58/200: Validation loss=0.031075
Epoch 59/200: Training loss=0.036245, lr=2.68e-03
Epoch 59/200: Validation loss=0.031073
Epoch 60/200: Training loss=0.036312, lr=2.67e-03
Epoch 60/200: Validation loss=0.031067
Epoch 61/200: Training loss=0.036277, lr=2.65e-03
Epoch 61/200: Validation loss=0.031063
Epoch 62/200: Training loss=0.036253, lr=2.63e-03
Epoch 62/200: Validation loss=0.031058
Epoch 63/200: Training loss=0.036277, lr=2.62e-03
Epoch 63/200: Validation loss=0.031057
Epoch 64/200: Training loss=0.036222, lr=2.60e-03
Epoch 64/200: Validation loss=0.031054
Model saved! Best loss: 0.031054
Set5: PSNR(Y)=36.468, SSIM(Y)=0.9517
Set14: PSNR(Y)=32.124, SSIM(Y)=0.9004
B100: PSNR(Y)=30.903, SSIM(Y)=0.8789
U100: PSNR(Y)=29.750, SSIM(Y)=0.9012
M109: PSNR(Y)=35.822, SSIM(Y)=0.9668
Epoch 65/200: Training loss=0.036244, lr=2.58e-03
Epoch 65/200: Validation loss=0.031050
Epoch 66/200: Training loss=0.036207, lr=2.56e-03
Epoch 66/200: Validation loss=0.031046
Model saved! Best loss: 0.031046
Set5: PSNR(Y)=36.476, SSIM(Y)=0.9517
Set14: PSNR(Y)=32.151, SSIM(Y)=0.9005
B100: PSNR(Y)=30.920, SSIM(Y)=0.8792
U100: PSNR(Y)=29.793, SSIM(Y)=0.9017
M109: PSNR(Y)=35.801, SSIM(Y)=0.9667
Epoch 67/200: Training loss=0.036179, lr=2.54e-03
Epoch 67/200: Validation loss=0.031043
Epoch 68/200: Training loss=0.036239, lr=2.52e-03
Epoch 68/200: Validation loss=0.031034
Epoch 69/200: Training loss=0.036240, lr=2.51e-03
Epoch 69/200: Validation loss=0.031035
Epoch 70/200: Training loss=0.036251, lr=2.49e-03
Epoch 70/200: Validation loss=0.031029
Model saved! Best loss: 0.031029
Set5: PSNR(Y)=36.490, SSIM(Y)=0.9517
Set14: PSNR(Y)=32.158, SSIM(Y)=0.9005
B100: PSNR(Y)=30.915, SSIM(Y)=0.8790
U100: PSNR(Y)=29.782, SSIM(Y)=0.9014
M109: PSNR(Y)=35.858, SSIM(Y)=0.9667
Epoch 71/200: Training loss=0.036192, lr=2.47e-03
Epoch 71/200: Validation loss=0.031026
Epoch 72/200: Training loss=0.036196, lr=2.45e-03
Epoch 72/200: Validation loss=0.031016
Model saved! Best loss: 0.031016
Set5: PSNR(Y)=36.492, SSIM(Y)=0.9517
Set14: PSNR(Y)=32.140, SSIM(Y)=0.9004
B100: PSNR(Y)=30.921, SSIM(Y)=0.8791
U100: PSNR(Y)=29.834, SSIM(Y)=0.9021
M109: PSNR(Y)=35.815, SSIM(Y)=0.9667
Epoch 73/200: Training loss=0.036207, lr=2.43e-03
Epoch 73/200: Validation loss=0.031016
Epoch 74/200: Training loss=0.036216, lr=2.40e-03
Epoch 74/200: Validation loss=0.031018
Epoch 75/200: Training loss=0.036219, lr=2.38e-03
Epoch 75/200: Validation loss=0.031012
Epoch 76/200: Training loss=0.036183, lr=2.36e-03
Epoch 76/200: Validation loss=0.031006
Epoch 77/200: Training loss=0.036175, lr=2.34e-03
Epoch 77/200: Validation loss=0.031003
Epoch 78/200: Training loss=0.036162, lr=2.32e-03
Epoch 78/200: Validation loss=0.031006
Epoch 79/200: Training loss=0.036193, lr=2.30e-03
Epoch 79/200: Validation loss=0.031013
Epoch 80/200: Training loss=0.036204, lr=2.27e-03
Epoch 80/200: Validation loss=0.031009
Epoch 81/200: Training loss=0.036188, lr=2.25e-03
Epoch 81/200: Validation loss=0.031000
Epoch 82/200: Training loss=0.036188, lr=2.23e-03
Epoch 82/200: Validation loss=0.030992
Model saved! Best loss: 0.030992
Set5: PSNR(Y)=36.509, SSIM(Y)=0.9518
Set14: PSNR(Y)=32.162, SSIM(Y)=0.9004
B100: PSNR(Y)=30.929, SSIM(Y)=0.8793
U100: PSNR(Y)=29.870, SSIM(Y)=0.9027
M109: PSNR(Y)=35.908, SSIM(Y)=0.9670
Epoch 83/200: Training loss=0.036151, lr=2.21e-03
Epoch 83/200: Validation loss=0.030990
Epoch 84/200: Training loss=0.036162, lr=2.18e-03
Epoch 84/200: Validation loss=0.030987
Epoch 85/200: Training loss=0.036175, lr=2.16e-03
Epoch 85/200: Validation loss=0.030987
Epoch 86/200: Training loss=0.036148, lr=2.14e-03
Epoch 86/200: Validation loss=0.030986
Epoch 87/200: Training loss=0.036114, lr=2.11e-03
Epoch 87/200: Validation loss=0.030984
Epoch 88/200: Training loss=0.036163, lr=2.09e-03
Epoch 88/200: Validation loss=0.030982
Model saved! Best loss: 0.030982
Set5: PSNR(Y)=36.511, SSIM(Y)=0.9517
Set14: PSNR(Y)=32.155, SSIM(Y)=0.9006
B100: PSNR(Y)=30.935, SSIM(Y)=0.8794
U100: PSNR(Y)=29.845, SSIM(Y)=0.9023
M109: PSNR(Y)=35.872, SSIM(Y)=0.9667
Epoch 89/200: Training loss=0.036182, lr=2.07e-03
Epoch 89/200: Validation loss=0.030973
Epoch 90/200: Training loss=0.036160, lr=2.04e-03
Epoch 90/200: Validation loss=0.030969
Epoch 91/200: Training loss=0.036136, lr=2.02e-03
Epoch 91/200: Validation loss=0.030966
Epoch 92/200: Training loss=0.036166, lr=1.99e-03
Epoch 92/200: Validation loss=0.030961
Epoch 93/200: Training loss=0.036100, lr=1.97e-03
Epoch 93/200: Validation loss=0.030955
Epoch 94/200: Training loss=0.036124, lr=1.94e-03
Epoch 94/200: Validation loss=0.030946
Epoch 95/200: Training loss=0.036114, lr=1.92e-03
Epoch 95/200: Validation loss=0.030941
Epoch 96/200: Training loss=0.036068, lr=1.89e-03
Epoch 96/200: Validation loss=0.030937
Epoch 97/200: Training loss=0.036149, lr=1.87e-03
Epoch 97/200: Validation loss=0.030934
Epoch 98/200: Training loss=0.036118, lr=1.84e-03
Epoch 98/200: Validation loss=0.030929
Epoch 99/200: Training loss=0.036076, lr=1.82e-03
Epoch 99/200: Validation loss=0.030925
Epoch 100/200: Training loss=0.036092, lr=1.79e-03
Epoch 100/200: Validation loss=0.030922
Epoch 101/200: Training loss=0.036085, lr=1.76e-03
Epoch 101/200: Validation loss=0.030920
Epoch 102/200: Training loss=0.036094, lr=1.74e-03
Epoch 102/200: Validation loss=0.030915
Epoch 103/200: Training loss=0.036110, lr=1.71e-03
Epoch 103/200: Validation loss=0.030909
Model saved! Best loss: 0.030909
Set5: PSNR(Y)=36.518, SSIM(Y)=0.9518
Set14: PSNR(Y)=32.181, SSIM(Y)=0.9009
B100: PSNR(Y)=30.946, SSIM(Y)=0.8796
U100: PSNR(Y)=29.915, SSIM(Y)=0.9033
M109: PSNR(Y)=35.939, SSIM(Y)=0.9672
Epoch 104/200: Training loss=0.036103, lr=1.69e-03
Epoch 104/200: Validation loss=0.030904
Epoch 105/200: Training loss=0.036076, lr=1.66e-03
Epoch 105/200: Validation loss=0.030905
Model saved! Best loss: 0.030905
Set5: PSNR(Y)=36.519, SSIM(Y)=0.9518
Set14: PSNR(Y)=32.139, SSIM(Y)=0.9008
B100: PSNR(Y)=30.907, SSIM(Y)=0.8792
U100: PSNR(Y)=29.839, SSIM(Y)=0.9026
M109: PSNR(Y)=35.812, SSIM(Y)=0.9666
Epoch 106/200: Training loss=0.036072, lr=1.64e-03
Epoch 106/200: Validation loss=0.030903
Epoch 107/200: Training loss=0.036090, lr=1.61e-03
Epoch 107/200: Validation loss=0.030900
Epoch 108/200: Training loss=0.036136, lr=1.58e-03
Epoch 108/200: Validation loss=0.030897
Epoch 109/200: Training loss=0.036079, lr=1.56e-03
Epoch 109/200: Validation loss=0.030894
Epoch 110/200: Training loss=0.036058, lr=1.53e-03
Epoch 110/200: Validation loss=0.030891
Epoch 111/200: Training loss=0.036069, lr=1.50e-03
Epoch 111/200: Validation loss=0.030890
Epoch 112/200: Training loss=0.036045, lr=1.48e-03
Epoch 112/200: Validation loss=0.030888
Model saved! Best loss: 0.030888
Set5: PSNR(Y)=36.527, SSIM(Y)=0.9518
Set14: PSNR(Y)=32.205, SSIM(Y)=0.9012
B100: PSNR(Y)=30.957, SSIM(Y)=0.8797
U100: PSNR(Y)=29.919, SSIM(Y)=0.9031
M109: PSNR(Y)=35.904, SSIM(Y)=0.9670
Epoch 113/200: Training loss=0.036035, lr=1.45e-03
Epoch 113/200: Validation loss=0.030884
Epoch 114/200: Training loss=0.036044, lr=1.43e-03
Epoch 114/200: Validation loss=0.030884
Epoch 115/200: Training loss=0.036050, lr=1.40e-03
Epoch 115/200: Validation loss=0.030881
Epoch 116/200: Training loss=0.035996, lr=1.37e-03
Epoch 116/200: Validation loss=0.030880
Epoch 117/200: Training loss=0.036061, lr=1.35e-03
Epoch 117/200: Validation loss=0.030878
Epoch 118/200: Training loss=0.036113, lr=1.32e-03
Epoch 118/200: Validation loss=0.030873
Epoch 119/200: Training loss=0.036020, lr=1.30e-03
Epoch 119/200: Validation loss=0.030871
Epoch 120/200: Training loss=0.036059, lr=1.27e-03
Epoch 120/200: Validation loss=0.030870
Epoch 121/200: Training loss=0.035986, lr=1.25e-03
Epoch 121/200: Validation loss=0.030866
Epoch 122/200: Training loss=0.036092, lr=1.22e-03
Epoch 122/200: Validation loss=0.030865
Epoch 123/200: Training loss=0.035977, lr=1.19e-03
Epoch 123/200: Validation loss=0.030866
Epoch 124/200: Training loss=0.036024, lr=1.17e-03
Epoch 124/200: Validation loss=0.030864
Epoch 125/200: Training loss=0.036024, lr=1.14e-03
Epoch 125/200: Validation loss=0.030864
Epoch 126/200: Training loss=0.035995, lr=1.12e-03
Epoch 126/200: Validation loss=0.030862
Epoch 127/200: Training loss=0.036033, lr=1.09e-03
Epoch 127/200: Validation loss=0.030860
Epoch 128/200: Training loss=0.036009, lr=1.07e-03
Epoch 128/200: Validation loss=0.030858
Model saved! Best loss: 0.030858
Set5: PSNR(Y)=36.530, SSIM(Y)=0.9518
Set14: PSNR(Y)=32.186, SSIM(Y)=0.9007
B100: PSNR(Y)=30.950, SSIM(Y)=0.8796
U100: PSNR(Y)=29.948, SSIM(Y)=0.9035
M109: PSNR(Y)=35.975, SSIM(Y)=0.9673
Epoch 129/200: Training loss=0.035997, lr=1.04e-03
Epoch 129/200: Validation loss=0.030857
Epoch 130/200: Training loss=0.035973, lr=1.02e-03
Epoch 130/200: Validation loss=0.030856
Epoch 131/200: Training loss=0.036009, lr=9.94e-04
Epoch 131/200: Validation loss=0.030854
Epoch 132/200: Training loss=0.036008, lr=9.69e-04
Epoch 132/200: Validation loss=0.030853
Epoch 133/200: Training loss=0.036008, lr=9.45e-04
Epoch 133/200: Validation loss=0.030851
Epoch 134/200: Training loss=0.036036, lr=9.21e-04
Epoch 134/200: Validation loss=0.030850
Epoch 135/200: Training loss=0.036040, lr=8.97e-04
Epoch 135/200: Validation loss=0.030848
Model saved! Best loss: 0.030848
Set5: PSNR(Y)=36.533, SSIM(Y)=0.9519
Set14: PSNR(Y)=32.199, SSIM(Y)=0.9011
B100: PSNR(Y)=30.958, SSIM(Y)=0.8797
U100: PSNR(Y)=29.934, SSIM(Y)=0.9034
M109: PSNR(Y)=35.971, SSIM(Y)=0.9672
Epoch 136/200: Training loss=0.036039, lr=8.73e-04
Epoch 136/200: Validation loss=0.030848
Epoch 137/200: Training loss=0.035985, lr=8.50e-04
Epoch 137/200: Validation loss=0.030846
Epoch 138/200: Training loss=0.036003, lr=8.26e-04
Epoch 138/200: Validation loss=0.030843
Model saved! Best loss: 0.030843
Set5: PSNR(Y)=36.541, SSIM(Y)=0.9519
Set14: PSNR(Y)=32.206, SSIM(Y)=0.9010
B100: PSNR(Y)=30.966, SSIM(Y)=0.8798
U100: PSNR(Y)=29.961, SSIM(Y)=0.9037
M109: PSNR(Y)=35.978, SSIM(Y)=0.9672
Epoch 139/200: Training loss=0.036008, lr=8.03e-04
Epoch 139/200: Validation loss=0.030843
Epoch 140/200: Training loss=0.035962, lr=7.80e-04
Epoch 140/200: Validation loss=0.030841
Epoch 141/200: Training loss=0.035980, lr=7.57e-04
Epoch 141/200: Validation loss=0.030840
Epoch 142/200: Training loss=0.036018, lr=7.35e-04
Epoch 142/200: Validation loss=0.030839
Epoch 143/200: Training loss=0.035992, lr=7.13e-04
Epoch 143/200: Validation loss=0.030837
Epoch 144/200: Training loss=0.035984, lr=6.91e-04
Epoch 144/200: Validation loss=0.030834
Epoch 145/200: Training loss=0.035946, lr=6.69e-04
Epoch 145/200: Validation loss=0.030833
Epoch 146/200: Training loss=0.035952, lr=6.48e-04
Epoch 146/200: Validation loss=0.030832
Epoch 147/200: Training loss=0.035933, lr=6.26e-04
Epoch 147/200: Validation loss=0.030828
Epoch 148/200: Training loss=0.035935, lr=6.05e-04
Epoch 148/200: Validation loss=0.030825
Epoch 149/200: Training loss=0.035992, lr=5.85e-04
Epoch 149/200: Validation loss=0.030825
Epoch 150/200: Training loss=0.035951, lr=5.64e-04
Epoch 150/200: Validation loss=0.030824
Epoch 151/200: Training loss=0.035943, lr=5.44e-04
Epoch 151/200: Validation loss=0.030822
Epoch 152/200: Training loss=0.035933, lr=5.24e-04
Epoch 152/200: Validation loss=0.030819
Epoch 153/200: Training loss=0.035968, lr=5.05e-04
Epoch 153/200: Validation loss=0.030818
Epoch 154/200: Training loss=0.035977, lr=4.85e-04
Epoch 154/200: Validation loss=0.030819
Epoch 155/200: Training loss=0.035975, lr=4.66e-04
Epoch 155/200: Validation loss=0.030817
Epoch 156/200: Training loss=0.035961, lr=4.48e-04
Epoch 156/200: Validation loss=0.030817
Epoch 157/200: Training loss=0.035972, lr=4.30e-04
Epoch 157/200: Validation loss=0.030816
Epoch 158/200: Training loss=0.035900, lr=4.12e-04
Epoch 158/200: Validation loss=0.030815
Epoch 159/200: Training loss=0.035917, lr=3.94e-04
Epoch 159/200: Validation loss=0.030815
Epoch 160/200: Training loss=0.035969, lr=3.77e-04
Epoch 160/200: Validation loss=0.030813
Epoch 161/200: Training loss=0.035903, lr=3.60e-04
Epoch 161/200: Validation loss=0.030812
Epoch 162/200: Training loss=0.035957, lr=3.43e-04
Epoch 162/200: Validation loss=0.030811
Epoch 163/200: Training loss=0.035949, lr=3.27e-04
Epoch 163/200: Validation loss=0.030811
Epoch 164/200: Training loss=0.035900, lr=3.11e-04
Epoch 164/200: Validation loss=0.030810
Epoch 165/200: Training loss=0.035913, lr=2.96e-04
Epoch 165/200: Validation loss=0.030808
Epoch 166/200: Training loss=0.035933, lr=2.80e-04
Epoch 166/200: Validation loss=0.030806
Epoch 167/200: Training loss=0.035935, lr=2.66e-04
Epoch 167/200: Validation loss=0.030805
Epoch 168/200: Training loss=0.035921, lr=2.51e-04
Epoch 168/200: Validation loss=0.030805
Epoch 169/200: Training loss=0.035926, lr=2.37e-04
Epoch 169/200: Validation loss=0.030805
Epoch 170/200: Training loss=0.035931, lr=2.24e-04
Epoch 170/200: Validation loss=0.030805
Epoch 171/200: Training loss=0.035894, lr=2.10e-04
Epoch 171/200: Validation loss=0.030804
Epoch 172/200: Training loss=0.035953, lr=1.97e-04
Epoch 172/200: Validation loss=0.030803
Model saved! Best loss: 0.030803
Set5: PSNR(Y)=36.545, SSIM(Y)=0.9520
Set14: PSNR(Y)=32.207, SSIM(Y)=0.9013
B100: PSNR(Y)=30.970, SSIM(Y)=0.8800
U100: PSNR(Y)=29.988, SSIM(Y)=0.9040
M109: PSNR(Y)=36.009, SSIM(Y)=0.9674
Epoch 173/200: Training loss=0.035941, lr=1.85e-04
Epoch 173/200: Validation loss=0.030803
Epoch 174/200: Training loss=0.035944, lr=1.73e-04
Epoch 174/200: Validation loss=0.030802
Epoch 175/200: Training loss=0.035941, lr=1.61e-04
Epoch 175/200: Validation loss=0.030801
Epoch 176/200: Training loss=0.035930, lr=1.50e-04
Epoch 176/200: Validation loss=0.030801
Epoch 177/200: Training loss=0.035921, lr=1.39e-04
Epoch 177/200: Validation loss=0.030800
Epoch 178/200: Training loss=0.035937, lr=1.29e-04
Epoch 178/200: Validation loss=0.030800
Epoch 179/200: Training loss=0.035887, lr=1.19e-04
Epoch 179/200: Validation loss=0.030799
Epoch 180/200: Training loss=0.035891, lr=1.09e-04
Epoch 180/200: Validation loss=0.030798
Epoch 181/200: Training loss=0.035919, lr=1.00e-04
Epoch 181/200: Validation loss=0.030798
Epoch 182/200: Training loss=0.035868, lr=9.14e-05
Epoch 182/200: Validation loss=0.030797
Epoch 183/200: Training loss=0.035896, lr=8.32e-05
Epoch 183/200: Validation loss=0.030796
Model saved! Best loss: 0.030796
Set5: PSNR(Y)=36.545, SSIM(Y)=0.9520
Set14: PSNR(Y)=32.211, SSIM(Y)=0.9014
B100: PSNR(Y)=30.972, SSIM(Y)=0.8800
U100: PSNR(Y)=29.998, SSIM(Y)=0.9042
M109: PSNR(Y)=36.010, SSIM(Y)=0.9674
Epoch 184/200: Training loss=0.035895, lr=7.53e-05
Epoch 184/200: Validation loss=0.030796
Epoch 185/200: Training loss=0.035930, lr=6.79e-05
Epoch 185/200: Validation loss=0.030796
Epoch 186/200: Training loss=0.035946, lr=6.09e-05
Epoch 186/200: Validation loss=0.030795
Epoch 187/200: Training loss=0.035911, lr=5.44e-05
Epoch 187/200: Validation loss=0.030795
Epoch 188/200: Training loss=0.035942, lr=4.83e-05
Epoch 188/200: Validation loss=0.030795
Epoch 189/200: Training loss=0.035895, lr=4.27e-05
Epoch 189/200: Validation loss=0.030794
Epoch 190/200: Training loss=0.035911, lr=3.75e-05
Epoch 190/200: Validation loss=0.030794
Epoch 191/200: Training loss=0.035909, lr=3.27e-05
Epoch 191/200: Validation loss=0.030793
Epoch 192/200: Training loss=0.035913, lr=2.84e-05
Epoch 192/200: Validation loss=0.030793
Epoch 193/200: Training loss=0.035873, lr=2.45e-05
Epoch 193/200: Validation loss=0.030793
Epoch 194/200: Training loss=0.036010, lr=2.11e-05
Epoch 194/200: Validation loss=0.030793
Epoch 195/200: Training loss=0.035931, lr=1.82e-05
Epoch 195/200: Validation loss=0.030792
Epoch 196/200: Training loss=0.035904, lr=1.57e-05
Epoch 196/200: Validation loss=0.030792
Epoch 197/200: Training loss=0.035893, lr=1.36e-05
Epoch 197/200: Validation loss=0.030792
Epoch 198/200: Training loss=0.035885, lr=1.20e-05
Epoch 198/200: Validation loss=0.030792
Epoch 199/200: Training loss=0.035915, lr=1.09e-05
Epoch 199/200: Validation loss=0.030792
Epoch 200/200: Training loss=0.035920, lr=1.02e-05
Epoch 200/200: Validation loss=0.030791
==================================================
Training Finished
==================================================
==================================================
Testing Best Model
==================================================
Set5: PSNR(Y)=36.545, SSIM(Y)=0.9520
Set14: PSNR(Y)=32.211, SSIM(Y)=0.9014
B100: PSNR(Y)=30.972, SSIM(Y)=0.8800
U100: PSNR(Y)=29.998, SSIM(Y)=0.9042
M109: PSNR(Y)=36.010, SSIM(Y)=0.9674
Set5: PSNR(Y)=34.358, SSIM(Y)=0.9385
Set14: PSNR(Y)=30.643, SSIM(Y)=0.8878
B100: PSNR(Y)=29.835, SSIM(Y)=0.8651
U100: PSNR(Y)=27.208, SSIM(Y)=0.8594
M109: PSNR(Y)=31.992, SSIM(Y)=0.9474
