使用设备: cuda
模型总参数量: 17,928
==================================================
Training Started
==================================================
实验名称: DPSR_x2_0318_1629
放大倍数: 2
批次大小: 64
学习率: 0.001
最小学习率: 1e-05
训练轮数: 200
设备: cuda
模型参数数量: 17,928
训练批次: 1110
验证批次: 328
==================================================
Begin Training
Epoch 1/200: Training loss=0.033870, lr=5.00e-05
Epoch 1/200: Validation loss=0.026803
Model saved! Best loss: 0.026803
Set5: PSNR(Y)=33.911, SSIM(Y)=0.9344
Set14: PSNR(Y)=30.523, SSIM(Y)=0.8824
B100: PSNR(Y)=29.716, SSIM(Y)=0.8609
U100: PSNR(Y)=27.065, SSIM(Y)=0.8559
M109: PSNR(Y)=31.320, SSIM(Y)=0.9409
Epoch 2/200: Training loss=0.019054, lr=1.45e-04
Epoch 2/200: Validation loss=0.024956
Model saved! Best loss: 0.024956
Set5: PSNR(Y)=34.334, SSIM(Y)=0.9390
Set14: PSNR(Y)=30.777, SSIM(Y)=0.8875
B100: PSNR(Y)=29.894, SSIM(Y)=0.8657
U100: PSNR(Y)=27.250, SSIM(Y)=0.8609
M109: PSNR(Y)=31.773, SSIM(Y)=0.9466
Epoch 3/200: Training loss=0.018431, lr=2.40e-04
Epoch 3/200: Validation loss=0.024669
Model saved! Best loss: 0.024669
Set5: PSNR(Y)=34.407, SSIM(Y)=0.9398
Set14: PSNR(Y)=30.817, SSIM(Y)=0.8885
B100: PSNR(Y)=29.919, SSIM(Y)=0.8666
U100: PSNR(Y)=27.281, SSIM(Y)=0.8619
M109: PSNR(Y)=31.862, SSIM(Y)=0.9477
Epoch 4/200: Training loss=0.018484, lr=3.35e-04
Epoch 4/200: Validation loss=0.024573
Model saved! Best loss: 0.024573
Set5: PSNR(Y)=34.433, SSIM(Y)=0.9401
Set14: PSNR(Y)=30.830, SSIM(Y)=0.8888
B100: PSNR(Y)=29.926, SSIM(Y)=0.8670
U100: PSNR(Y)=27.292, SSIM(Y)=0.8623
M109: PSNR(Y)=31.887, SSIM(Y)=0.9481
Epoch 5/200: Training loss=0.018451, lr=4.30e-04
Epoch 5/200: Validation loss=0.024516
Model saved! Best loss: 0.024516
Set5: PSNR(Y)=34.456, SSIM(Y)=0.9404
Set14: PSNR(Y)=30.842, SSIM(Y)=0.8890
B100: PSNR(Y)=29.933, SSIM(Y)=0.8672
U100: PSNR(Y)=27.302, SSIM(Y)=0.8626
M109: PSNR(Y)=31.910, SSIM(Y)=0.9483
Epoch 6/200: Training loss=0.018314, lr=5.25e-04
Epoch 6/200: Validation loss=0.024440
Model saved! Best loss: 0.024440
Set5: PSNR(Y)=34.504, SSIM(Y)=0.9407
Set14: PSNR(Y)=30.867, SSIM(Y)=0.8893
B100: PSNR(Y)=29.950, SSIM(Y)=0.8674
U100: PSNR(Y)=27.329, SSIM(Y)=0.8631
M109: PSNR(Y)=31.958, SSIM(Y)=0.9487
Epoch 7/200: Training loss=0.018109, lr=6.20e-04
Epoch 7/200: Validation loss=0.024084
Model saved! Best loss: 0.024084
Set5: PSNR(Y)=34.745, SSIM(Y)=0.9422
Set14: PSNR(Y)=31.002, SSIM(Y)=0.8904
B100: PSNR(Y)=30.035, SSIM(Y)=0.8684
U100: PSNR(Y)=27.465, SSIM(Y)=0.8655
M109: PSNR(Y)=32.272, SSIM(Y)=0.9504
Epoch 8/200: Training loss=0.017726, lr=7.15e-04
Epoch 8/200: Validation loss=0.023271
Model saved! Best loss: 0.023271
Set5: PSNR(Y)=35.211, SSIM(Y)=0.9452
Set14: PSNR(Y)=31.286, SSIM(Y)=0.8928
B100: PSNR(Y)=30.220, SSIM(Y)=0.8707
U100: PSNR(Y)=27.790, SSIM(Y)=0.8711
M109: PSNR(Y)=33.040, SSIM(Y)=0.9544
Epoch 9/200: Training loss=0.017459, lr=8.10e-04
Epoch 9/200: Validation loss=0.022542
Model saved! Best loss: 0.022542
Set5: PSNR(Y)=35.566, SSIM(Y)=0.9474
Set14: PSNR(Y)=31.501, SSIM(Y)=0.8946
B100: PSNR(Y)=30.371, SSIM(Y)=0.8726
U100: PSNR(Y)=28.113, SSIM(Y)=0.8765
M109: PSNR(Y)=33.702, SSIM(Y)=0.9576
Epoch 10/200: Training loss=0.017281, lr=9.05e-04
Epoch 10/200: Validation loss=0.022035
Model saved! Best loss: 0.022035
Set5: PSNR(Y)=35.781, SSIM(Y)=0.9488
Set14: PSNR(Y)=31.631, SSIM(Y)=0.8958
B100: PSNR(Y)=30.475, SSIM(Y)=0.8739
U100: PSNR(Y)=28.369, SSIM(Y)=0.8806
M109: PSNR(Y)=34.141, SSIM(Y)=0.9597
Epoch 11/200: Training loss=0.017174, lr=1.00e-03
Epoch 11/200: Validation loss=0.021670
Model saved! Best loss: 0.021670
Set5: PSNR(Y)=35.901, SSIM(Y)=0.9495
Set14: PSNR(Y)=31.712, SSIM(Y)=0.8966
B100: PSNR(Y)=30.545, SSIM(Y)=0.8747
U100: PSNR(Y)=28.564, SSIM(Y)=0.8838
M109: PSNR(Y)=34.441, SSIM(Y)=0.9610
Epoch 12/200: Training loss=0.017113, lr=1.00e-03
Epoch 12/200: Validation loss=0.021390
Model saved! Best loss: 0.021390
Set5: PSNR(Y)=35.989, SSIM(Y)=0.9500
Set14: PSNR(Y)=31.771, SSIM(Y)=0.8972
B100: PSNR(Y)=30.596, SSIM(Y)=0.8754
U100: PSNR(Y)=28.719, SSIM(Y)=0.8862
M109: PSNR(Y)=34.659, SSIM(Y)=0.9620
Epoch 13/200: Training loss=0.016952, lr=1.00e-03
Epoch 13/200: Validation loss=0.021168
Model saved! Best loss: 0.021168
Set5: PSNR(Y)=36.054, SSIM(Y)=0.9503
Set14: PSNR(Y)=31.817, SSIM(Y)=0.8976
B100: PSNR(Y)=30.634, SSIM(Y)=0.8759
U100: PSNR(Y)=28.845, SSIM(Y)=0.8881
M109: PSNR(Y)=34.817, SSIM(Y)=0.9628
Epoch 14/200: Training loss=0.016806, lr=9.99e-04
Epoch 14/200: Validation loss=0.020985
Model saved! Best loss: 0.020985
Set5: PSNR(Y)=36.108, SSIM(Y)=0.9506
Set14: PSNR(Y)=31.857, SSIM(Y)=0.8980
B100: PSNR(Y)=30.666, SSIM(Y)=0.8763
U100: PSNR(Y)=28.952, SSIM(Y)=0.8898
M109: PSNR(Y)=34.951, SSIM(Y)=0.9633
Epoch 15/200: Training loss=0.016845, lr=9.99e-04
Epoch 15/200: Validation loss=0.020833
Model saved! Best loss: 0.020833
Set5: PSNR(Y)=36.152, SSIM(Y)=0.9509
Set14: PSNR(Y)=31.890, SSIM(Y)=0.8983
B100: PSNR(Y)=30.693, SSIM(Y)=0.8767
U100: PSNR(Y)=29.044, SSIM(Y)=0.8912
M109: PSNR(Y)=35.056, SSIM(Y)=0.9638
Epoch 16/200: Training loss=0.016855, lr=9.98e-04
Epoch 16/200: Validation loss=0.020717
Model saved! Best loss: 0.020717
Set5: PSNR(Y)=36.188, SSIM(Y)=0.9511
Set14: PSNR(Y)=31.919, SSIM(Y)=0.8985
B100: PSNR(Y)=30.715, SSIM(Y)=0.8770
U100: PSNR(Y)=29.122, SSIM(Y)=0.8923
M109: PSNR(Y)=35.137, SSIM(Y)=0.9641
Epoch 17/200: Training loss=0.016802, lr=9.98e-04
Epoch 17/200: Validation loss=0.020625
Model saved! Best loss: 0.020625
Set5: PSNR(Y)=36.216, SSIM(Y)=0.9512
Set14: PSNR(Y)=31.940, SSIM(Y)=0.8988
B100: PSNR(Y)=30.734, SSIM(Y)=0.8772
U100: PSNR(Y)=29.181, SSIM(Y)=0.8932
M109: PSNR(Y)=35.210, SSIM(Y)=0.9644
Epoch 18/200: Training loss=0.016813, lr=9.97e-04
Epoch 18/200: Validation loss=0.020549
Model saved! Best loss: 0.020549
Set5: PSNR(Y)=36.238, SSIM(Y)=0.9513
Set14: PSNR(Y)=31.963, SSIM(Y)=0.8990
B100: PSNR(Y)=30.750, SSIM(Y)=0.8775
U100: PSNR(Y)=29.231, SSIM(Y)=0.8939
M109: PSNR(Y)=35.278, SSIM(Y)=0.9646
Epoch 19/200: Training loss=0.016753, lr=9.96e-04
Epoch 19/200: Validation loss=0.020486
Model saved! Best loss: 0.020486
Set5: PSNR(Y)=36.260, SSIM(Y)=0.9514
Set14: PSNR(Y)=31.982, SSIM(Y)=0.8991
B100: PSNR(Y)=30.763, SSIM(Y)=0.8776
U100: PSNR(Y)=29.276, SSIM(Y)=0.8946
M109: PSNR(Y)=35.330, SSIM(Y)=0.9648
Epoch 20/200: Training loss=0.016742, lr=9.95e-04
Epoch 20/200: Validation loss=0.020430
Model saved! Best loss: 0.020430
Set5: PSNR(Y)=36.276, SSIM(Y)=0.9515
Set14: PSNR(Y)=31.997, SSIM(Y)=0.8993
B100: PSNR(Y)=30.774, SSIM(Y)=0.8778
U100: PSNR(Y)=29.316, SSIM(Y)=0.8952
M109: PSNR(Y)=35.380, SSIM(Y)=0.9649
Epoch 21/200: Training loss=0.016563, lr=9.93e-04
Epoch 21/200: Validation loss=0.020379
Model saved! Best loss: 0.020379
Set5: PSNR(Y)=36.298, SSIM(Y)=0.9516
Set14: PSNR(Y)=32.006, SSIM(Y)=0.8994
B100: PSNR(Y)=30.783, SSIM(Y)=0.8779
U100: PSNR(Y)=29.352, SSIM(Y)=0.8957
M109: PSNR(Y)=35.422, SSIM(Y)=0.9651
Epoch 22/200: Training loss=0.016633, lr=9.92e-04
Epoch 22/200: Validation loss=0.020338
Model saved! Best loss: 0.020338
Set5: PSNR(Y)=36.316, SSIM(Y)=0.9516
Set14: PSNR(Y)=32.013, SSIM(Y)=0.8995
B100: PSNR(Y)=30.791, SSIM(Y)=0.8780
U100: PSNR(Y)=29.382, SSIM(Y)=0.8961
M109: PSNR(Y)=35.454, SSIM(Y)=0.9652
Epoch 23/200: Training loss=0.016667, lr=9.90e-04
Epoch 23/200: Validation loss=0.020295
Model saved! Best loss: 0.020295
Set5: PSNR(Y)=36.332, SSIM(Y)=0.9517
Set14: PSNR(Y)=32.022, SSIM(Y)=0.8995
B100: PSNR(Y)=30.800, SSIM(Y)=0.8781
U100: PSNR(Y)=29.410, SSIM(Y)=0.8965
M109: PSNR(Y)=35.492, SSIM(Y)=0.9654
Epoch 24/200: Training loss=0.016553, lr=9.89e-04
Epoch 24/200: Validation loss=0.020264
Model saved! Best loss: 0.020264
Set5: PSNR(Y)=36.346, SSIM(Y)=0.9517
Set14: PSNR(Y)=32.031, SSIM(Y)=0.8996
B100: PSNR(Y)=30.807, SSIM(Y)=0.8782
U100: PSNR(Y)=29.433, SSIM(Y)=0.8968
M109: PSNR(Y)=35.515, SSIM(Y)=0.9655
Epoch 25/200: Training loss=0.016682, lr=9.87e-04
Epoch 25/200: Validation loss=0.020232
Model saved! Best loss: 0.020232
Set5: PSNR(Y)=36.355, SSIM(Y)=0.9518
Set14: PSNR(Y)=32.041, SSIM(Y)=0.8997
B100: PSNR(Y)=30.814, SSIM(Y)=0.8783
U100: PSNR(Y)=29.455, SSIM(Y)=0.8971
M109: PSNR(Y)=35.541, SSIM(Y)=0.9656
Epoch 26/200: Training loss=0.016625, lr=9.85e-04
Epoch 26/200: Validation loss=0.020202
Model saved! Best loss: 0.020202
Set5: PSNR(Y)=36.365, SSIM(Y)=0.9518
Set14: PSNR(Y)=32.046, SSIM(Y)=0.8998
B100: PSNR(Y)=30.820, SSIM(Y)=0.8784
U100: PSNR(Y)=29.473, SSIM(Y)=0.8974
M109: PSNR(Y)=35.559, SSIM(Y)=0.9657
Epoch 27/200: Training loss=0.016455, lr=9.83e-04
Epoch 27/200: Validation loss=0.020172
Model saved! Best loss: 0.020172
Set5: PSNR(Y)=36.371, SSIM(Y)=0.9518
Set14: PSNR(Y)=32.047, SSIM(Y)=0.8998
B100: PSNR(Y)=30.825, SSIM(Y)=0.8785
U100: PSNR(Y)=29.492, SSIM(Y)=0.8977
M109: PSNR(Y)=35.578, SSIM(Y)=0.9658
Epoch 28/200: Training loss=0.016562, lr=9.81e-04
Epoch 28/200: Validation loss=0.020144
Model saved! Best loss: 0.020144
Set5: PSNR(Y)=36.377, SSIM(Y)=0.9519
Set14: PSNR(Y)=32.056, SSIM(Y)=0.8999
B100: PSNR(Y)=30.832, SSIM(Y)=0.8786
U100: PSNR(Y)=29.510, SSIM(Y)=0.8979
M109: PSNR(Y)=35.596, SSIM(Y)=0.9658
Epoch 29/200: Training loss=0.016523, lr=9.78e-04
Epoch 29/200: Validation loss=0.020120
Model saved! Best loss: 0.020120
Set5: PSNR(Y)=36.385, SSIM(Y)=0.9519
Set14: PSNR(Y)=32.067, SSIM(Y)=0.9000
B100: PSNR(Y)=30.837, SSIM(Y)=0.8786
U100: PSNR(Y)=29.525, SSIM(Y)=0.8981
M109: PSNR(Y)=35.612, SSIM(Y)=0.9659
Epoch 30/200: Training loss=0.016520, lr=9.76e-04
Epoch 30/200: Validation loss=0.020095
Model saved! Best loss: 0.020095
Set5: PSNR(Y)=36.388, SSIM(Y)=0.9519
Set14: PSNR(Y)=32.073, SSIM(Y)=0.9001
B100: PSNR(Y)=30.842, SSIM(Y)=0.8787
U100: PSNR(Y)=29.544, SSIM(Y)=0.8983
M109: PSNR(Y)=35.627, SSIM(Y)=0.9660
Epoch 31/200: Training loss=0.016611, lr=9.73e-04
Epoch 31/200: Validation loss=0.020074
Model saved! Best loss: 0.020074
Set5: PSNR(Y)=36.391, SSIM(Y)=0.9519
Set14: PSNR(Y)=32.079, SSIM(Y)=0.9002
B100: PSNR(Y)=30.847, SSIM(Y)=0.8788
U100: PSNR(Y)=29.558, SSIM(Y)=0.8985
M109: PSNR(Y)=35.643, SSIM(Y)=0.9661
Epoch 32/200: Training loss=0.016555, lr=9.70e-04
Epoch 32/200: Validation loss=0.020051
Model saved! Best loss: 0.020051
Set5: PSNR(Y)=36.395, SSIM(Y)=0.9520
Set14: PSNR(Y)=32.079, SSIM(Y)=0.9002
B100: PSNR(Y)=30.851, SSIM(Y)=0.8788
U100: PSNR(Y)=29.572, SSIM(Y)=0.8988
M109: PSNR(Y)=35.656, SSIM(Y)=0.9661
Epoch 33/200: Training loss=0.016495, lr=9.68e-04
Epoch 33/200: Validation loss=0.020030
Model saved! Best loss: 0.020030
Set5: PSNR(Y)=36.396, SSIM(Y)=0.9520
Set14: PSNR(Y)=32.081, SSIM(Y)=0.9003
B100: PSNR(Y)=30.855, SSIM(Y)=0.8789
U100: PSNR(Y)=29.588, SSIM(Y)=0.8990
M109: PSNR(Y)=35.667, SSIM(Y)=0.9662
Epoch 34/200: Training loss=0.016549, lr=9.65e-04
Epoch 34/200: Validation loss=0.020012
Model saved! Best loss: 0.020012
Set5: PSNR(Y)=36.400, SSIM(Y)=0.9520
Set14: PSNR(Y)=32.091, SSIM(Y)=0.9004
B100: PSNR(Y)=30.859, SSIM(Y)=0.8789
U100: PSNR(Y)=29.597, SSIM(Y)=0.8991
M109: PSNR(Y)=35.683, SSIM(Y)=0.9662
Epoch 35/200: Training loss=0.016558, lr=9.62e-04
Epoch 35/200: Validation loss=0.019994
Model saved! Best loss: 0.019994
Set5: PSNR(Y)=36.405, SSIM(Y)=0.9520
Set14: PSNR(Y)=32.098, SSIM(Y)=0.9004
B100: PSNR(Y)=30.863, SSIM(Y)=0.8790
U100: PSNR(Y)=29.607, SSIM(Y)=0.8992
M109: PSNR(Y)=35.698, SSIM(Y)=0.9663
Epoch 36/200: Training loss=0.016430, lr=9.58e-04
Epoch 36/200: Validation loss=0.019980
Model saved! Best loss: 0.019980
Set5: PSNR(Y)=36.406, SSIM(Y)=0.9520
Set14: PSNR(Y)=32.093, SSIM(Y)=0.9004
B100: PSNR(Y)=30.865, SSIM(Y)=0.8790
U100: PSNR(Y)=29.617, SSIM(Y)=0.8994
M109: PSNR(Y)=35.703, SSIM(Y)=0.9663
Epoch 37/200: Training loss=0.016513, lr=9.55e-04
Epoch 37/200: Validation loss=0.019966
Model saved! Best loss: 0.019966
Set5: PSNR(Y)=36.411, SSIM(Y)=0.9520
Set14: PSNR(Y)=32.093, SSIM(Y)=0.9004
B100: PSNR(Y)=30.868, SSIM(Y)=0.8790
U100: PSNR(Y)=29.626, SSIM(Y)=0.8995
M109: PSNR(Y)=35.704, SSIM(Y)=0.9664
Epoch 38/200: Training loss=0.016481, lr=9.51e-04
Epoch 38/200: Validation loss=0.019956
Model saved! Best loss: 0.019956
Set5: PSNR(Y)=36.416, SSIM(Y)=0.9521
Set14: PSNR(Y)=32.098, SSIM(Y)=0.9005
B100: PSNR(Y)=30.871, SSIM(Y)=0.8791
U100: PSNR(Y)=29.633, SSIM(Y)=0.8996
M109: PSNR(Y)=35.712, SSIM(Y)=0.9664
Epoch 39/200: Training loss=0.016616, lr=9.48e-04
Epoch 39/200: Validation loss=0.019945
Model saved! Best loss: 0.019945
Set5: PSNR(Y)=36.419, SSIM(Y)=0.9521
Set14: PSNR(Y)=32.104, SSIM(Y)=0.9005
B100: PSNR(Y)=30.873, SSIM(Y)=0.8791
U100: PSNR(Y)=29.641, SSIM(Y)=0.8997
M109: PSNR(Y)=35.715, SSIM(Y)=0.9664
Epoch 40/200: Training loss=0.016409, lr=9.44e-04
Epoch 40/200: Validation loss=0.019929
Model saved! Best loss: 0.019929
Set5: PSNR(Y)=36.421, SSIM(Y)=0.9521
Set14: PSNR(Y)=32.111, SSIM(Y)=0.9006
B100: PSNR(Y)=30.876, SSIM(Y)=0.8791
U100: PSNR(Y)=29.652, SSIM(Y)=0.8999
M109: PSNR(Y)=35.724, SSIM(Y)=0.9665
Epoch 41/200: Training loss=0.016381, lr=9.40e-04
Epoch 41/200: Validation loss=0.019921
Model saved! Best loss: 0.019921
Set5: PSNR(Y)=36.422, SSIM(Y)=0.9521
Set14: PSNR(Y)=32.112, SSIM(Y)=0.9006
B100: PSNR(Y)=30.878, SSIM(Y)=0.8791
U100: PSNR(Y)=29.656, SSIM(Y)=0.8999
M109: PSNR(Y)=35.730, SSIM(Y)=0.9665
Epoch 42/200: Training loss=0.016448, lr=9.36e-04
Epoch 42/200: Validation loss=0.019911
Model saved! Best loss: 0.019911
Set5: PSNR(Y)=36.423, SSIM(Y)=0.9521
Set14: PSNR(Y)=32.111, SSIM(Y)=0.9006
B100: PSNR(Y)=30.880, SSIM(Y)=0.8792
U100: PSNR(Y)=29.664, SSIM(Y)=0.9000
M109: PSNR(Y)=35.736, SSIM(Y)=0.9665
Epoch 43/200: Training loss=0.016468, lr=9.32e-04
Epoch 43/200: Validation loss=0.019898
Model saved! Best loss: 0.019898
Set5: PSNR(Y)=36.427, SSIM(Y)=0.9521
Set14: PSNR(Y)=32.127, SSIM(Y)=0.9008
B100: PSNR(Y)=30.884, SSIM(Y)=0.8792
U100: PSNR(Y)=29.673, SSIM(Y)=0.9001
M109: PSNR(Y)=35.743, SSIM(Y)=0.9666
Epoch 44/200: Training loss=0.016379, lr=9.28e-04
Epoch 44/200: Validation loss=0.019888
Model saved! Best loss: 0.019888
Set5: PSNR(Y)=36.428, SSIM(Y)=0.9521
Set14: PSNR(Y)=32.133, SSIM(Y)=0.9009
B100: PSNR(Y)=30.885, SSIM(Y)=0.8792
U100: PSNR(Y)=29.681, SSIM(Y)=0.9002
M109: PSNR(Y)=35.749, SSIM(Y)=0.9666
Epoch 45/200: Training loss=0.016421, lr=9.24e-04
Epoch 45/200: Validation loss=0.019879
Model saved! Best loss: 0.019879
Set5: PSNR(Y)=36.430, SSIM(Y)=0.9521
Set14: PSNR(Y)=32.126, SSIM(Y)=0.9008
B100: PSNR(Y)=30.886, SSIM(Y)=0.8792
U100: PSNR(Y)=29.686, SSIM(Y)=0.9003
M109: PSNR(Y)=35.758, SSIM(Y)=0.9666
Epoch 46/200: Training loss=0.016344, lr=9.19e-04
Epoch 46/200: Validation loss=0.019870
Model saved! Best loss: 0.019870
Set5: PSNR(Y)=36.432, SSIM(Y)=0.9521
Set14: PSNR(Y)=32.123, SSIM(Y)=0.9008
B100: PSNR(Y)=30.887, SSIM(Y)=0.8793
U100: PSNR(Y)=29.690, SSIM(Y)=0.9004
M109: PSNR(Y)=35.765, SSIM(Y)=0.9666
Epoch 47/200: Training loss=0.016401, lr=9.15e-04
Epoch 47/200: Validation loss=0.019860
Model saved! Best loss: 0.019860
Set5: PSNR(Y)=36.435, SSIM(Y)=0.9521
Set14: PSNR(Y)=32.126, SSIM(Y)=0.9008
B100: PSNR(Y)=30.889, SSIM(Y)=0.8793
U100: PSNR(Y)=29.699, SSIM(Y)=0.9005
M109: PSNR(Y)=35.766, SSIM(Y)=0.9667
Epoch 48/200: Training loss=0.016410, lr=9.10e-04
Epoch 48/200: Validation loss=0.019855
Model saved! Best loss: 0.019855
Set5: PSNR(Y)=36.439, SSIM(Y)=0.9521
Set14: PSNR(Y)=32.133, SSIM(Y)=0.9009
B100: PSNR(Y)=30.890, SSIM(Y)=0.8793
U100: PSNR(Y)=29.702, SSIM(Y)=0.9006
M109: PSNR(Y)=35.767, SSIM(Y)=0.9667
Epoch 49/200: Training loss=0.016379, lr=9.05e-04
Epoch 49/200: Validation loss=0.019845
Model saved! Best loss: 0.019845
Set5: PSNR(Y)=36.442, SSIM(Y)=0.9522
Set14: PSNR(Y)=32.139, SSIM(Y)=0.9009
B100: PSNR(Y)=30.892, SSIM(Y)=0.8793
U100: PSNR(Y)=29.708, SSIM(Y)=0.9007
M109: PSNR(Y)=35.774, SSIM(Y)=0.9667
Epoch 50/200: Training loss=0.016442, lr=9.01e-04
Epoch 50/200: Validation loss=0.019838
Model saved! Best loss: 0.019838
Set5: PSNR(Y)=36.448, SSIM(Y)=0.9522
Set14: PSNR(Y)=32.143, SSIM(Y)=0.9009
B100: PSNR(Y)=30.894, SSIM(Y)=0.8794
U100: PSNR(Y)=29.712, SSIM(Y)=0.9008
M109: PSNR(Y)=35.774, SSIM(Y)=0.9667
Epoch 51/200: Training loss=0.016366, lr=8.96e-04
Epoch 51/200: Validation loss=0.019832
Model saved! Best loss: 0.019832
Set5: PSNR(Y)=36.449, SSIM(Y)=0.9522
Set14: PSNR(Y)=32.134, SSIM(Y)=0.9008
B100: PSNR(Y)=30.895, SSIM(Y)=0.8794
U100: PSNR(Y)=29.713, SSIM(Y)=0.9008
M109: PSNR(Y)=35.785, SSIM(Y)=0.9668
Epoch 52/200: Training loss=0.016459, lr=8.91e-04
Epoch 52/200: Validation loss=0.019826
Model saved! Best loss: 0.019826
Set5: PSNR(Y)=36.452, SSIM(Y)=0.9522
Set14: PSNR(Y)=32.138, SSIM(Y)=0.9009
B100: PSNR(Y)=30.897, SSIM(Y)=0.8794
U100: PSNR(Y)=29.721, SSIM(Y)=0.9009
M109: PSNR(Y)=35.784, SSIM(Y)=0.9668
Epoch 53/200: Training loss=0.016317, lr=8.85e-04
Epoch 53/200: Validation loss=0.019819
Model saved! Best loss: 0.019819
Set5: PSNR(Y)=36.453, SSIM(Y)=0.9522
Set14: PSNR(Y)=32.134, SSIM(Y)=0.9008
B100: PSNR(Y)=30.897, SSIM(Y)=0.8794
U100: PSNR(Y)=29.725, SSIM(Y)=0.9010
M109: PSNR(Y)=35.793, SSIM(Y)=0.9668
Epoch 54/200: Training loss=0.016477, lr=8.80e-04
Epoch 54/200: Validation loss=0.019815
Model saved! Best loss: 0.019815
Set5: PSNR(Y)=36.460, SSIM(Y)=0.9522
Set14: PSNR(Y)=32.141, SSIM(Y)=0.9009
B100: PSNR(Y)=30.898, SSIM(Y)=0.8794
U100: PSNR(Y)=29.725, SSIM(Y)=0.9010
M109: PSNR(Y)=35.798, SSIM(Y)=0.9668
Epoch 55/200: Training loss=0.016409, lr=8.75e-04
Epoch 55/200: Validation loss=0.019807
Model saved! Best loss: 0.019807
Set5: PSNR(Y)=36.460, SSIM(Y)=0.9522
Set14: PSNR(Y)=32.134, SSIM(Y)=0.9009
B100: PSNR(Y)=30.899, SSIM(Y)=0.8795
U100: PSNR(Y)=29.734, SSIM(Y)=0.9011
M109: PSNR(Y)=35.794, SSIM(Y)=0.9668
Epoch 56/200: Training loss=0.016465, lr=8.69e-04
Epoch 56/200: Validation loss=0.019802
Model saved! Best loss: 0.019802
Set5: PSNR(Y)=36.463, SSIM(Y)=0.9522
Set14: PSNR(Y)=32.137, SSIM(Y)=0.9008
B100: PSNR(Y)=30.901, SSIM(Y)=0.8795
U100: PSNR(Y)=29.738, SSIM(Y)=0.9011
M109: PSNR(Y)=35.796, SSIM(Y)=0.9669
Epoch 57/200: Training loss=0.016405, lr=8.64e-04
Epoch 57/200: Validation loss=0.019799
Model saved! Best loss: 0.019799
Set5: PSNR(Y)=36.465, SSIM(Y)=0.9522
Set14: PSNR(Y)=32.146, SSIM(Y)=0.9009
B100: PSNR(Y)=30.901, SSIM(Y)=0.8795
U100: PSNR(Y)=29.738, SSIM(Y)=0.9012
M109: PSNR(Y)=35.801, SSIM(Y)=0.9669
Epoch 58/200: Training loss=0.016399, lr=8.58e-04
Epoch 58/200: Validation loss=0.019793
Model saved! Best loss: 0.019793
Set5: PSNR(Y)=36.467, SSIM(Y)=0.9522
Set14: PSNR(Y)=32.147, SSIM(Y)=0.9010
B100: PSNR(Y)=30.903, SSIM(Y)=0.8795
U100: PSNR(Y)=29.742, SSIM(Y)=0.9013
M109: PSNR(Y)=35.806, SSIM(Y)=0.9669
Epoch 59/200: Training loss=0.016418, lr=8.52e-04
Epoch 59/200: Validation loss=0.019789
Model saved! Best loss: 0.019789
Set5: PSNR(Y)=36.470, SSIM(Y)=0.9522
Set14: PSNR(Y)=32.139, SSIM(Y)=0.9009
B100: PSNR(Y)=30.903, SSIM(Y)=0.8795
U100: PSNR(Y)=29.745, SSIM(Y)=0.9013
M109: PSNR(Y)=35.807, SSIM(Y)=0.9669
Epoch 60/200: Training loss=0.016399, lr=8.46e-04
Epoch 60/200: Validation loss=0.019785
Model saved! Best loss: 0.019785
Set5: PSNR(Y)=36.472, SSIM(Y)=0.9522
Set14: PSNR(Y)=32.140, SSIM(Y)=0.9009
B100: PSNR(Y)=30.904, SSIM(Y)=0.8795
U100: PSNR(Y)=29.750, SSIM(Y)=0.9013
M109: PSNR(Y)=35.809, SSIM(Y)=0.9669
Epoch 61/200: Training loss=0.016312, lr=8.40e-04
Epoch 61/200: Validation loss=0.019783
Model saved! Best loss: 0.019783
Set5: PSNR(Y)=36.475, SSIM(Y)=0.9523
Set14: PSNR(Y)=32.145, SSIM(Y)=0.9009
B100: PSNR(Y)=30.905, SSIM(Y)=0.8795
U100: PSNR(Y)=29.752, SSIM(Y)=0.9014
M109: PSNR(Y)=35.808, SSIM(Y)=0.9669
Epoch 62/200: Training loss=0.016422, lr=8.34e-04
Epoch 62/200: Validation loss=0.019776
Model saved! Best loss: 0.019776
Set5: PSNR(Y)=36.475, SSIM(Y)=0.9522
Set14: PSNR(Y)=32.148, SSIM(Y)=0.9009
B100: PSNR(Y)=30.906, SSIM(Y)=0.8796
U100: PSNR(Y)=29.761, SSIM(Y)=0.9015
M109: PSNR(Y)=35.808, SSIM(Y)=0.9669
Epoch 63/200: Training loss=0.016336, lr=8.28e-04
Epoch 63/200: Validation loss=0.019774
Model saved! Best loss: 0.019774
Set5: PSNR(Y)=36.477, SSIM(Y)=0.9523
Set14: PSNR(Y)=32.139, SSIM(Y)=0.9008
B100: PSNR(Y)=30.906, SSIM(Y)=0.8796
U100: PSNR(Y)=29.758, SSIM(Y)=0.9014
M109: PSNR(Y)=35.809, SSIM(Y)=0.9670
Epoch 64/200: Training loss=0.016417, lr=8.22e-04
Epoch 64/200: Validation loss=0.019772
Model saved! Best loss: 0.019772
Set5: PSNR(Y)=36.479, SSIM(Y)=0.9523
Set14: PSNR(Y)=32.137, SSIM(Y)=0.9008
B100: PSNR(Y)=30.907, SSIM(Y)=0.8796
U100: PSNR(Y)=29.756, SSIM(Y)=0.9015
M109: PSNR(Y)=35.815, SSIM(Y)=0.9670
Epoch 65/200: Training loss=0.016391, lr=8.15e-04
Epoch 65/200: Validation loss=0.019769
Model saved! Best loss: 0.019769
Set5: PSNR(Y)=36.481, SSIM(Y)=0.9523
Set14: PSNR(Y)=32.138, SSIM(Y)=0.9008
B100: PSNR(Y)=30.908, SSIM(Y)=0.8796
U100: PSNR(Y)=29.761, SSIM(Y)=0.9015
M109: PSNR(Y)=35.814, SSIM(Y)=0.9670
Epoch 66/200: Training loss=0.016328, lr=8.09e-04
Epoch 66/200: Validation loss=0.019763
Model saved! Best loss: 0.019763
Set5: PSNR(Y)=36.481, SSIM(Y)=0.9523
Set14: PSNR(Y)=32.141, SSIM(Y)=0.9009
B100: PSNR(Y)=30.908, SSIM(Y)=0.8796
U100: PSNR(Y)=29.766, SSIM(Y)=0.9016
M109: PSNR(Y)=35.819, SSIM(Y)=0.9670
Epoch 67/200: Training loss=0.016416, lr=8.03e-04
Epoch 67/200: Validation loss=0.019758
Model saved! Best loss: 0.019758
Set5: PSNR(Y)=36.480, SSIM(Y)=0.9523
Set14: PSNR(Y)=32.144, SSIM(Y)=0.9009
B100: PSNR(Y)=30.909, SSIM(Y)=0.8796
U100: PSNR(Y)=29.771, SSIM(Y)=0.9016
M109: PSNR(Y)=35.822, SSIM(Y)=0.9670
Epoch 68/200: Training loss=0.016309, lr=7.96e-04
Epoch 68/200: Validation loss=0.019759
Epoch 69/200: Training loss=0.016327, lr=7.89e-04
Epoch 69/200: Validation loss=0.019753
Model saved! Best loss: 0.019753
Set5: PSNR(Y)=36.485, SSIM(Y)=0.9523
Set14: PSNR(Y)=32.140, SSIM(Y)=0.9009
B100: PSNR(Y)=30.910, SSIM(Y)=0.8796
U100: PSNR(Y)=29.771, SSIM(Y)=0.9016
M109: PSNR(Y)=35.828, SSIM(Y)=0.9670
Epoch 70/200: Training loss=0.016348, lr=7.83e-04
Epoch 70/200: Validation loss=0.019751
Model saved! Best loss: 0.019751
Set5: PSNR(Y)=36.485, SSIM(Y)=0.9523
Set14: PSNR(Y)=32.150, SSIM(Y)=0.9010
B100: PSNR(Y)=30.911, SSIM(Y)=0.8796
U100: PSNR(Y)=29.776, SSIM(Y)=0.9017
M109: PSNR(Y)=35.823, SSIM(Y)=0.9670
Epoch 71/200: Training loss=0.016375, lr=7.76e-04
Epoch 71/200: Validation loss=0.019748
Model saved! Best loss: 0.019748
Set5: PSNR(Y)=36.486, SSIM(Y)=0.9523
Set14: PSNR(Y)=32.156, SSIM(Y)=0.9010
B100: PSNR(Y)=30.913, SSIM(Y)=0.8797
U100: PSNR(Y)=29.775, SSIM(Y)=0.9017
M109: PSNR(Y)=35.825, SSIM(Y)=0.9670
Epoch 72/200: Training loss=0.016350, lr=7.69e-04
Epoch 72/200: Validation loss=0.019747
Model saved! Best loss: 0.019747
Set5: PSNR(Y)=36.484, SSIM(Y)=0.9523
Set14: PSNR(Y)=32.152, SSIM(Y)=0.9010
B100: PSNR(Y)=30.913, SSIM(Y)=0.8797
U100: PSNR(Y)=29.777, SSIM(Y)=0.9017
M109: PSNR(Y)=35.824, SSIM(Y)=0.9670
Epoch 73/200: Training loss=0.016331, lr=7.62e-04
Epoch 73/200: Validation loss=0.019742
Model saved! Best loss: 0.019742
Set5: PSNR(Y)=36.485, SSIM(Y)=0.9523
Set14: PSNR(Y)=32.147, SSIM(Y)=0.9010
B100: PSNR(Y)=30.914, SSIM(Y)=0.8797
U100: PSNR(Y)=29.780, SSIM(Y)=0.9017
M109: PSNR(Y)=35.827, SSIM(Y)=0.9671
Epoch 74/200: Training loss=0.016218, lr=7.55e-04
Epoch 74/200: Validation loss=0.019739
Model saved! Best loss: 0.019739
Set5: PSNR(Y)=36.486, SSIM(Y)=0.9523
Set14: PSNR(Y)=32.157, SSIM(Y)=0.9010
B100: PSNR(Y)=30.915, SSIM(Y)=0.8797
U100: PSNR(Y)=29.781, SSIM(Y)=0.9017
M109: PSNR(Y)=35.830, SSIM(Y)=0.9671
Epoch 75/200: Training loss=0.016203, lr=7.48e-04
Epoch 75/200: Validation loss=0.019737
Model saved! Best loss: 0.019737
Set5: PSNR(Y)=36.487, SSIM(Y)=0.9523
Set14: PSNR(Y)=32.160, SSIM(Y)=0.9011
B100: PSNR(Y)=30.915, SSIM(Y)=0.8797
U100: PSNR(Y)=29.785, SSIM(Y)=0.9018
M109: PSNR(Y)=35.830, SSIM(Y)=0.9671
Epoch 76/200: Training loss=0.016218, lr=7.41e-04
Epoch 76/200: Validation loss=0.019731
Model saved! Best loss: 0.019731
Set5: PSNR(Y)=36.484, SSIM(Y)=0.9523
Set14: PSNR(Y)=32.158, SSIM(Y)=0.9011
B100: PSNR(Y)=30.916, SSIM(Y)=0.8797
U100: PSNR(Y)=29.789, SSIM(Y)=0.9019
M109: PSNR(Y)=35.830, SSIM(Y)=0.9671
Epoch 77/200: Training loss=0.016408, lr=7.33e-04
Epoch 77/200: Validation loss=0.019728
Model saved! Best loss: 0.019728
Set5: PSNR(Y)=36.485, SSIM(Y)=0.9523
Set14: PSNR(Y)=32.147, SSIM(Y)=0.9009
B100: PSNR(Y)=30.916, SSIM(Y)=0.8797
U100: PSNR(Y)=29.791, SSIM(Y)=0.9019
M109: PSNR(Y)=35.832, SSIM(Y)=0.9671
Epoch 78/200: Training loss=0.016361, lr=7.26e-04
Epoch 78/200: Validation loss=0.019726
Model saved! Best loss: 0.019726
Set5: PSNR(Y)=36.488, SSIM(Y)=0.9524
Set14: PSNR(Y)=32.148, SSIM(Y)=0.9010
B100: PSNR(Y)=30.916, SSIM(Y)=0.8797
U100: PSNR(Y)=29.794, SSIM(Y)=0.9020
M109: PSNR(Y)=35.837, SSIM(Y)=0.9671
Epoch 79/200: Training loss=0.016385, lr=7.19e-04
Epoch 79/200: Validation loss=0.019724
Model saved! Best loss: 0.019724
Set5: PSNR(Y)=36.491, SSIM(Y)=0.9524
Set14: PSNR(Y)=32.153, SSIM(Y)=0.9010
B100: PSNR(Y)=30.917, SSIM(Y)=0.8797
U100: PSNR(Y)=29.794, SSIM(Y)=0.9020
M109: PSNR(Y)=35.845, SSIM(Y)=0.9671
Epoch 80/200: Training loss=0.016451, lr=7.11e-04
Epoch 80/200: Validation loss=0.019718
Model saved! Best loss: 0.019718
Set5: PSNR(Y)=36.490, SSIM(Y)=0.9524
Set14: PSNR(Y)=32.145, SSIM(Y)=0.9009
B100: PSNR(Y)=30.918, SSIM(Y)=0.8797
U100: PSNR(Y)=29.797, SSIM(Y)=0.9020
M109: PSNR(Y)=35.847, SSIM(Y)=0.9671
Epoch 81/200: Training loss=0.016273, lr=7.04e-04
Epoch 81/200: Validation loss=0.019721
Epoch 82/200: Training loss=0.016325, lr=6.96e-04
Epoch 82/200: Validation loss=0.019719
Epoch 83/200: Training loss=0.016410, lr=6.89e-04
Epoch 83/200: Validation loss=0.019717
Model saved! Best loss: 0.019717
Set5: PSNR(Y)=36.491, SSIM(Y)=0.9524
Set14: PSNR(Y)=32.148, SSIM(Y)=0.9010
B100: PSNR(Y)=30.919, SSIM(Y)=0.8798
U100: PSNR(Y)=29.798, SSIM(Y)=0.9020
M109: PSNR(Y)=35.846, SSIM(Y)=0.9671
Epoch 84/200: Training loss=0.016396, lr=6.81e-04
Epoch 84/200: Validation loss=0.019711
Model saved! Best loss: 0.019711
Set5: PSNR(Y)=36.488, SSIM(Y)=0.9524
Set14: PSNR(Y)=32.143, SSIM(Y)=0.9009
B100: PSNR(Y)=30.920, SSIM(Y)=0.8798
U100: PSNR(Y)=29.804, SSIM(Y)=0.9020
M109: PSNR(Y)=35.849, SSIM(Y)=0.9671
Epoch 85/200: Training loss=0.016251, lr=6.73e-04
Epoch 85/200: Validation loss=0.019706
Model saved! Best loss: 0.019706
Set5: PSNR(Y)=36.487, SSIM(Y)=0.9524
Set14: PSNR(Y)=32.152, SSIM(Y)=0.9010
B100: PSNR(Y)=30.921, SSIM(Y)=0.8798
U100: PSNR(Y)=29.810, SSIM(Y)=0.9022
M109: PSNR(Y)=35.848, SSIM(Y)=0.9671
Epoch 86/200: Training loss=0.016290, lr=6.66e-04
Epoch 86/200: Validation loss=0.019705
Model saved! Best loss: 0.019705
Set5: PSNR(Y)=36.489, SSIM(Y)=0.9524
Set14: PSNR(Y)=32.156, SSIM(Y)=0.9011
B100: PSNR(Y)=30.921, SSIM(Y)=0.8798
U100: PSNR(Y)=29.810, SSIM(Y)=0.9022
M109: PSNR(Y)=35.852, SSIM(Y)=0.9672
Epoch 87/200: Training loss=0.016363, lr=6.58e-04
Epoch 87/200: Validation loss=0.019702
Model saved! Best loss: 0.019702
Set5: PSNR(Y)=36.488, SSIM(Y)=0.9523
Set14: PSNR(Y)=32.159, SSIM(Y)=0.9011
B100: PSNR(Y)=30.922, SSIM(Y)=0.8798
U100: PSNR(Y)=29.812, SSIM(Y)=0.9021
M109: PSNR(Y)=35.855, SSIM(Y)=0.9672
Epoch 88/200: Training loss=0.016295, lr=6.50e-04
Epoch 88/200: Validation loss=0.019703
Epoch 89/200: Training loss=0.016329, lr=6.42e-04
Epoch 89/200: Validation loss=0.019699
Model saved! Best loss: 0.019699
Set5: PSNR(Y)=36.489, SSIM(Y)=0.9523
Set14: PSNR(Y)=32.167, SSIM(Y)=0.9012
B100: PSNR(Y)=30.922, SSIM(Y)=0.8798
U100: PSNR(Y)=29.810, SSIM(Y)=0.9022
M109: PSNR(Y)=35.857, SSIM(Y)=0.9672
Epoch 90/200: Training loss=0.016305, lr=6.34e-04
Epoch 90/200: Validation loss=0.019698
Model saved! Best loss: 0.019698
Set5: PSNR(Y)=36.489, SSIM(Y)=0.9523
Set14: PSNR(Y)=32.156, SSIM(Y)=0.9011
B100: PSNR(Y)=30.923, SSIM(Y)=0.8798
U100: PSNR(Y)=29.809, SSIM(Y)=0.9022
M109: PSNR(Y)=35.860, SSIM(Y)=0.9672
Epoch 91/200: Training loss=0.016432, lr=6.27e-04
Epoch 91/200: Validation loss=0.019694
Model saved! Best loss: 0.019694
Set5: PSNR(Y)=36.490, SSIM(Y)=0.9523
Set14: PSNR(Y)=32.157, SSIM(Y)=0.9011
B100: PSNR(Y)=30.923, SSIM(Y)=0.8798
U100: PSNR(Y)=29.814, SSIM(Y)=0.9023
M109: PSNR(Y)=35.861, SSIM(Y)=0.9672
Epoch 92/200: Training loss=0.016264, lr=6.19e-04
Epoch 92/200: Validation loss=0.019692
Model saved! Best loss: 0.019692
Set5: PSNR(Y)=36.489, SSIM(Y)=0.9523
Set14: PSNR(Y)=32.151, SSIM(Y)=0.9011
B100: PSNR(Y)=30.923, SSIM(Y)=0.8798
U100: PSNR(Y)=29.815, SSIM(Y)=0.9023
M109: PSNR(Y)=35.861, SSIM(Y)=0.9672
Epoch 93/200: Training loss=0.016263, lr=6.11e-04
Epoch 93/200: Validation loss=0.019690
Model saved! Best loss: 0.019690
Set5: PSNR(Y)=36.491, SSIM(Y)=0.9523
Set14: PSNR(Y)=32.155, SSIM(Y)=0.9011
B100: PSNR(Y)=30.924, SSIM(Y)=0.8798
U100: PSNR(Y)=29.816, SSIM(Y)=0.9023
M109: PSNR(Y)=35.859, SSIM(Y)=0.9672
Epoch 94/200: Training loss=0.016275, lr=6.03e-04
Epoch 94/200: Validation loss=0.019690
Epoch 95/200: Training loss=0.016430, lr=5.95e-04
Epoch 95/200: Validation loss=0.019685
Model saved! Best loss: 0.019685
Set5: PSNR(Y)=36.492, SSIM(Y)=0.9523
Set14: PSNR(Y)=32.158, SSIM(Y)=0.9012
B100: PSNR(Y)=30.925, SSIM(Y)=0.8798
U100: PSNR(Y)=29.821, SSIM(Y)=0.9023
M109: PSNR(Y)=35.864, SSIM(Y)=0.9672
Epoch 96/200: Training loss=0.016306, lr=5.86e-04
Epoch 96/200: Validation loss=0.019684
Model saved! Best loss: 0.019684
Set5: PSNR(Y)=36.493, SSIM(Y)=0.9523
Set14: PSNR(Y)=32.159, SSIM(Y)=0.9012
B100: PSNR(Y)=30.925, SSIM(Y)=0.8798
U100: PSNR(Y)=29.820, SSIM(Y)=0.9024
M109: PSNR(Y)=35.864, SSIM(Y)=0.9673
Epoch 97/200: Training loss=0.016296, lr=5.78e-04
Epoch 97/200: Validation loss=0.019682
Model saved! Best loss: 0.019682
Set5: PSNR(Y)=36.492, SSIM(Y)=0.9523
Set14: PSNR(Y)=32.167, SSIM(Y)=0.9012
B100: PSNR(Y)=30.925, SSIM(Y)=0.8798
U100: PSNR(Y)=29.822, SSIM(Y)=0.9024
M109: PSNR(Y)=35.865, SSIM(Y)=0.9672
Epoch 98/200: Training loss=0.016364, lr=5.70e-04
Epoch 98/200: Validation loss=0.019679
Model saved! Best loss: 0.019679
Set5: PSNR(Y)=36.492, SSIM(Y)=0.9523
Set14: PSNR(Y)=32.160, SSIM(Y)=0.9011
B100: PSNR(Y)=30.925, SSIM(Y)=0.8798
U100: PSNR(Y)=29.828, SSIM(Y)=0.9024
M109: PSNR(Y)=35.863, SSIM(Y)=0.9672
Epoch 99/200: Training loss=0.016384, lr=5.62e-04
Epoch 99/200: Validation loss=0.019675
Model saved! Best loss: 0.019675
Set5: PSNR(Y)=36.492, SSIM(Y)=0.9523
Set14: PSNR(Y)=32.170, SSIM(Y)=0.9013
B100: PSNR(Y)=30.926, SSIM(Y)=0.8798
U100: PSNR(Y)=29.829, SSIM(Y)=0.9025
M109: PSNR(Y)=35.868, SSIM(Y)=0.9672
Epoch 100/200: Training loss=0.016260, lr=5.54e-04
Epoch 100/200: Validation loss=0.019675
Epoch 101/200: Training loss=0.016270, lr=5.46e-04
Epoch 101/200: Validation loss=0.019672
Model saved! Best loss: 0.019672
Set5: PSNR(Y)=36.493, SSIM(Y)=0.9523
Set14: PSNR(Y)=32.170, SSIM(Y)=0.9012
B100: PSNR(Y)=30.927, SSIM(Y)=0.8799
U100: PSNR(Y)=29.826, SSIM(Y)=0.9025
M109: PSNR(Y)=35.871, SSIM(Y)=0.9673
Epoch 102/200: Training loss=0.016315, lr=5.38e-04
Epoch 102/200: Validation loss=0.019672
Model saved! Best loss: 0.019672
Set5: PSNR(Y)=36.492, SSIM(Y)=0.9523
Set14: PSNR(Y)=32.164, SSIM(Y)=0.9012
B100: PSNR(Y)=30.928, SSIM(Y)=0.8799
U100: PSNR(Y)=29.828, SSIM(Y)=0.9025
M109: PSNR(Y)=35.870, SSIM(Y)=0.9673
Epoch 103/200: Training loss=0.016347, lr=5.30e-04
Epoch 103/200: Validation loss=0.019670
Model saved! Best loss: 0.019670
Set5: PSNR(Y)=36.490, SSIM(Y)=0.9523
Set14: PSNR(Y)=32.157, SSIM(Y)=0.9011
B100: PSNR(Y)=30.927, SSIM(Y)=0.8799
U100: PSNR(Y)=29.829, SSIM(Y)=0.9025
M109: PSNR(Y)=35.869, SSIM(Y)=0.9673
Epoch 104/200: Training loss=0.016335, lr=5.21e-04
Epoch 104/200: Validation loss=0.019668
Model saved! Best loss: 0.019668
Set5: PSNR(Y)=36.493, SSIM(Y)=0.9523
Set14: PSNR(Y)=32.164, SSIM(Y)=0.9012
B100: PSNR(Y)=30.928, SSIM(Y)=0.8799
U100: PSNR(Y)=29.832, SSIM(Y)=0.9025
M109: PSNR(Y)=35.873, SSIM(Y)=0.9673
Epoch 105/200: Training loss=0.016368, lr=5.13e-04
Epoch 105/200: Validation loss=0.019667
Model saved! Best loss: 0.019667
Set5: PSNR(Y)=36.494, SSIM(Y)=0.9523
Set14: PSNR(Y)=32.165, SSIM(Y)=0.9012
B100: PSNR(Y)=30.928, SSIM(Y)=0.8799
U100: PSNR(Y)=29.833, SSIM(Y)=0.9026
M109: PSNR(Y)=35.871, SSIM(Y)=0.9673
Epoch 106/200: Training loss=0.016279, lr=5.05e-04
Epoch 106/200: Validation loss=0.019667
Model saved! Best loss: 0.019667
Set5: PSNR(Y)=36.493, SSIM(Y)=0.9523
Set14: PSNR(Y)=32.162, SSIM(Y)=0.9012
B100: PSNR(Y)=30.927, SSIM(Y)=0.8799
U100: PSNR(Y)=29.831, SSIM(Y)=0.9026
M109: PSNR(Y)=35.874, SSIM(Y)=0.9673
Epoch 107/200: Training loss=0.016319, lr=4.97e-04
Epoch 107/200: Validation loss=0.019665
Model saved! Best loss: 0.019665
Set5: PSNR(Y)=36.493, SSIM(Y)=0.9523
Set14: PSNR(Y)=32.155, SSIM(Y)=0.9011
B100: PSNR(Y)=30.928, SSIM(Y)=0.8799
U100: PSNR(Y)=29.833, SSIM(Y)=0.9026
M109: PSNR(Y)=35.872, SSIM(Y)=0.9673
Epoch 108/200: Training loss=0.016349, lr=4.89e-04
Epoch 108/200: Validation loss=0.019664
Model saved! Best loss: 0.019664
Set5: PSNR(Y)=36.495, SSIM(Y)=0.9523
Set14: PSNR(Y)=32.166, SSIM(Y)=0.9012
B100: PSNR(Y)=30.929, SSIM(Y)=0.8799
U100: PSNR(Y)=29.832, SSIM(Y)=0.9026
M109: PSNR(Y)=35.877, SSIM(Y)=0.9673
Epoch 109/200: Training loss=0.016331, lr=4.80e-04
Epoch 109/200: Validation loss=0.019660
Model saved! Best loss: 0.019660
Set5: PSNR(Y)=36.493, SSIM(Y)=0.9523
Set14: PSNR(Y)=32.161, SSIM(Y)=0.9011
B100: PSNR(Y)=30.930, SSIM(Y)=0.8799
U100: PSNR(Y)=29.838, SSIM(Y)=0.9027
M109: PSNR(Y)=35.872, SSIM(Y)=0.9673
Epoch 110/200: Training loss=0.016399, lr=4.72e-04
Epoch 110/200: Validation loss=0.019656
Model saved! Best loss: 0.019656
Set5: PSNR(Y)=36.494, SSIM(Y)=0.9523
Set14: PSNR(Y)=32.163, SSIM(Y)=0.9012
B100: PSNR(Y)=30.930, SSIM(Y)=0.8799
U100: PSNR(Y)=29.840, SSIM(Y)=0.9027
M109: PSNR(Y)=35.877, SSIM(Y)=0.9673
Epoch 111/200: Training loss=0.016277, lr=4.64e-04
Epoch 111/200: Validation loss=0.019653
Model saved! Best loss: 0.019653
Set5: PSNR(Y)=36.495, SSIM(Y)=0.9523
Set14: PSNR(Y)=32.159, SSIM(Y)=0.9012
B100: PSNR(Y)=30.930, SSIM(Y)=0.8799
U100: PSNR(Y)=29.844, SSIM(Y)=0.9027
M109: PSNR(Y)=35.881, SSIM(Y)=0.9673
Epoch 112/200: Training loss=0.016245, lr=4.56e-04
Epoch 112/200: Validation loss=0.019652
Model saved! Best loss: 0.019652
Set5: PSNR(Y)=36.495, SSIM(Y)=0.9523
Set14: PSNR(Y)=32.163, SSIM(Y)=0.9012
B100: PSNR(Y)=30.930, SSIM(Y)=0.8799
U100: PSNR(Y)=29.846, SSIM(Y)=0.9027
M109: PSNR(Y)=35.889, SSIM(Y)=0.9673
Epoch 113/200: Training loss=0.016183, lr=4.48e-04
Epoch 113/200: Validation loss=0.019652
Epoch 114/200: Training loss=0.016327, lr=4.40e-04
Epoch 114/200: Validation loss=0.019652
Epoch 115/200: Training loss=0.016293, lr=4.32e-04
Epoch 115/200: Validation loss=0.019650
Model saved! Best loss: 0.019650
Set5: PSNR(Y)=36.498, SSIM(Y)=0.9523
Set14: PSNR(Y)=32.169, SSIM(Y)=0.9013
B100: PSNR(Y)=30.931, SSIM(Y)=0.8799
U100: PSNR(Y)=29.845, SSIM(Y)=0.9028
M109: PSNR(Y)=35.883, SSIM(Y)=0.9673
Epoch 116/200: Training loss=0.016288, lr=4.24e-04
Epoch 116/200: Validation loss=0.019647
Model saved! Best loss: 0.019647
Set5: PSNR(Y)=36.496, SSIM(Y)=0.9523
Set14: PSNR(Y)=32.172, SSIM(Y)=0.9013
B100: PSNR(Y)=30.931, SSIM(Y)=0.8799
U100: PSNR(Y)=29.847, SSIM(Y)=0.9028
M109: PSNR(Y)=35.883, SSIM(Y)=0.9673
Epoch 117/200: Training loss=0.016319, lr=4.15e-04
Epoch 117/200: Validation loss=0.019643
Model saved! Best loss: 0.019643
Set5: PSNR(Y)=36.496, SSIM(Y)=0.9523
Set14: PSNR(Y)=32.169, SSIM(Y)=0.9013
B100: PSNR(Y)=30.932, SSIM(Y)=0.8799
U100: PSNR(Y)=29.851, SSIM(Y)=0.9029
M109: PSNR(Y)=35.886, SSIM(Y)=0.9674
Epoch 118/200: Training loss=0.016298, lr=4.07e-04
Epoch 118/200: Validation loss=0.019640
Model saved! Best loss: 0.019640
Set5: PSNR(Y)=36.497, SSIM(Y)=0.9523
Set14: PSNR(Y)=32.165, SSIM(Y)=0.9012
B100: PSNR(Y)=30.932, SSIM(Y)=0.8799
U100: PSNR(Y)=29.855, SSIM(Y)=0.9029
M109: PSNR(Y)=35.885, SSIM(Y)=0.9674
Epoch 119/200: Training loss=0.016299, lr=3.99e-04
Epoch 119/200: Validation loss=0.019643
Epoch 120/200: Training loss=0.016354, lr=3.91e-04
Epoch 120/200: Validation loss=0.019643
Epoch 121/200: Training loss=0.016294, lr=3.83e-04
Epoch 121/200: Validation loss=0.019642
Epoch 122/200: Training loss=0.016264, lr=3.76e-04
Epoch 122/200: Validation loss=0.019641
Epoch 123/200: Training loss=0.016326, lr=3.68e-04
Epoch 123/200: Validation loss=0.019639
Model saved! Best loss: 0.019639
Set5: PSNR(Y)=36.501, SSIM(Y)=0.9523
Set14: PSNR(Y)=32.168, SSIM(Y)=0.9013
B100: PSNR(Y)=30.932, SSIM(Y)=0.8799
U100: PSNR(Y)=29.854, SSIM(Y)=0.9028
M109: PSNR(Y)=35.892, SSIM(Y)=0.9674
Epoch 124/200: Training loss=0.016307, lr=3.60e-04
Epoch 124/200: Validation loss=0.019636
Model saved! Best loss: 0.019636
Set5: PSNR(Y)=36.500, SSIM(Y)=0.9524
Set14: PSNR(Y)=32.164, SSIM(Y)=0.9012
B100: PSNR(Y)=30.932, SSIM(Y)=0.8799
U100: PSNR(Y)=29.853, SSIM(Y)=0.9029
M109: PSNR(Y)=35.893, SSIM(Y)=0.9674
Epoch 125/200: Training loss=0.016217, lr=3.52e-04
Epoch 125/200: Validation loss=0.019637
Epoch 126/200: Training loss=0.016254, lr=3.44e-04
Epoch 126/200: Validation loss=0.019634
Model saved! Best loss: 0.019634
Set5: PSNR(Y)=36.500, SSIM(Y)=0.9524
Set14: PSNR(Y)=32.166, SSIM(Y)=0.9013
B100: PSNR(Y)=30.933, SSIM(Y)=0.8800
U100: PSNR(Y)=29.854, SSIM(Y)=0.9028
M109: PSNR(Y)=35.896, SSIM(Y)=0.9674
Epoch 127/200: Training loss=0.016288, lr=3.37e-04
Epoch 127/200: Validation loss=0.019633
Model saved! Best loss: 0.019633
Set5: PSNR(Y)=36.498, SSIM(Y)=0.9523
Set14: PSNR(Y)=32.161, SSIM(Y)=0.9012
B100: PSNR(Y)=30.934, SSIM(Y)=0.8800
U100: PSNR(Y)=29.856, SSIM(Y)=0.9028
M109: PSNR(Y)=35.896, SSIM(Y)=0.9674
Epoch 128/200: Training loss=0.016216, lr=3.29e-04
Epoch 128/200: Validation loss=0.019632
Model saved! Best loss: 0.019632
Set5: PSNR(Y)=36.500, SSIM(Y)=0.9524
Set14: PSNR(Y)=32.165, SSIM(Y)=0.9012
B100: PSNR(Y)=30.935, SSIM(Y)=0.8800
U100: PSNR(Y)=29.857, SSIM(Y)=0.9029
M109: PSNR(Y)=35.893, SSIM(Y)=0.9674
Epoch 129/200: Training loss=0.016119, lr=3.21e-04
Epoch 129/200: Validation loss=0.019631
Model saved! Best loss: 0.019631
Set5: PSNR(Y)=36.499, SSIM(Y)=0.9524
Set14: PSNR(Y)=32.169, SSIM(Y)=0.9013
B100: PSNR(Y)=30.935, SSIM(Y)=0.8800
U100: PSNR(Y)=29.859, SSIM(Y)=0.9029
M109: PSNR(Y)=35.895, SSIM(Y)=0.9674
Epoch 130/200: Training loss=0.016338, lr=3.14e-04
Epoch 130/200: Validation loss=0.019628
Model saved! Best loss: 0.019628
Set5: PSNR(Y)=36.499, SSIM(Y)=0.9523
Set14: PSNR(Y)=32.172, SSIM(Y)=0.9013
B100: PSNR(Y)=30.935, SSIM(Y)=0.8800
U100: PSNR(Y)=29.861, SSIM(Y)=0.9029
M109: PSNR(Y)=35.899, SSIM(Y)=0.9674
Epoch 131/200: Training loss=0.016246, lr=3.06e-04
Epoch 131/200: Validation loss=0.019627
Model saved! Best loss: 0.019627
Set5: PSNR(Y)=36.500, SSIM(Y)=0.9523
Set14: PSNR(Y)=32.178, SSIM(Y)=0.9014
B100: PSNR(Y)=30.936, SSIM(Y)=0.8800
U100: PSNR(Y)=29.862, SSIM(Y)=0.9030
M109: PSNR(Y)=35.893, SSIM(Y)=0.9674
Epoch 132/200: Training loss=0.016385, lr=2.99e-04
Epoch 132/200: Validation loss=0.019627
Model saved! Best loss: 0.019627
Set5: PSNR(Y)=36.501, SSIM(Y)=0.9523
Set14: PSNR(Y)=32.173, SSIM(Y)=0.9013
B100: PSNR(Y)=30.935, SSIM(Y)=0.8800
U100: PSNR(Y)=29.862, SSIM(Y)=0.9030
M109: PSNR(Y)=35.892, SSIM(Y)=0.9674
Epoch 133/200: Training loss=0.016307, lr=2.91e-04
Epoch 133/200: Validation loss=0.019626
Model saved! Best loss: 0.019626
Set5: PSNR(Y)=36.500, SSIM(Y)=0.9523
Set14: PSNR(Y)=32.174, SSIM(Y)=0.9014
B100: PSNR(Y)=30.935, SSIM(Y)=0.8800
U100: PSNR(Y)=29.861, SSIM(Y)=0.9030
M109: PSNR(Y)=35.894, SSIM(Y)=0.9674
Epoch 134/200: Training loss=0.016132, lr=2.84e-04
Epoch 134/200: Validation loss=0.019625
Model saved! Best loss: 0.019625
Set5: PSNR(Y)=36.500, SSIM(Y)=0.9523
Set14: PSNR(Y)=32.172, SSIM(Y)=0.9014
B100: PSNR(Y)=30.935, SSIM(Y)=0.8800
U100: PSNR(Y)=29.862, SSIM(Y)=0.9030
M109: PSNR(Y)=35.895, SSIM(Y)=0.9674
Epoch 135/200: Training loss=0.016230, lr=2.77e-04
Epoch 135/200: Validation loss=0.019623
Model saved! Best loss: 0.019623
Set5: PSNR(Y)=36.501, SSIM(Y)=0.9523
Set14: PSNR(Y)=32.171, SSIM(Y)=0.9013
B100: PSNR(Y)=30.935, SSIM(Y)=0.8800
U100: PSNR(Y)=29.866, SSIM(Y)=0.9030
M109: PSNR(Y)=35.900, SSIM(Y)=0.9674
Epoch 136/200: Training loss=0.016257, lr=2.69e-04
Epoch 136/200: Validation loss=0.019623
Epoch 137/200: Training loss=0.016181, lr=2.62e-04
Epoch 137/200: Validation loss=0.019623
Model saved! Best loss: 0.019623
Set5: PSNR(Y)=36.502, SSIM(Y)=0.9524
Set14: PSNR(Y)=32.173, SSIM(Y)=0.9013
B100: PSNR(Y)=30.935, SSIM(Y)=0.8800
U100: PSNR(Y)=29.864, SSIM(Y)=0.9031
M109: PSNR(Y)=35.899, SSIM(Y)=0.9674
Epoch 138/200: Training loss=0.016297, lr=2.55e-04
Epoch 138/200: Validation loss=0.019623
Epoch 139/200: Training loss=0.016334, lr=2.48e-04
Epoch 139/200: Validation loss=0.019622
Model saved! Best loss: 0.019622
Set5: PSNR(Y)=36.504, SSIM(Y)=0.9524
Set14: PSNR(Y)=32.171, SSIM(Y)=0.9013
B100: PSNR(Y)=30.935, SSIM(Y)=0.8800
U100: PSNR(Y)=29.863, SSIM(Y)=0.9030
M109: PSNR(Y)=35.901, SSIM(Y)=0.9674
Epoch 140/200: Training loss=0.016266, lr=2.41e-04
Epoch 140/200: Validation loss=0.019621
Model saved! Best loss: 0.019621
Set5: PSNR(Y)=36.502, SSIM(Y)=0.9523
Set14: PSNR(Y)=32.172, SSIM(Y)=0.9013
B100: PSNR(Y)=30.935, SSIM(Y)=0.8800
U100: PSNR(Y)=29.864, SSIM(Y)=0.9030
M109: PSNR(Y)=35.902, SSIM(Y)=0.9674
Epoch 141/200: Training loss=0.016354, lr=2.34e-04
Epoch 141/200: Validation loss=0.019620
Model saved! Best loss: 0.019620
Set5: PSNR(Y)=36.502, SSIM(Y)=0.9524
Set14: PSNR(Y)=32.177, SSIM(Y)=0.9014
B100: PSNR(Y)=30.936, SSIM(Y)=0.8800
U100: PSNR(Y)=29.865, SSIM(Y)=0.9031
M109: PSNR(Y)=35.899, SSIM(Y)=0.9674
Epoch 142/200: Training loss=0.016242, lr=2.27e-04
Epoch 142/200: Validation loss=0.019619
Model saved! Best loss: 0.019619
Set5: PSNR(Y)=36.504, SSIM(Y)=0.9524
Set14: PSNR(Y)=32.178, SSIM(Y)=0.9014
B100: PSNR(Y)=30.936, SSIM(Y)=0.8800
U100: PSNR(Y)=29.868, SSIM(Y)=0.9031
M109: PSNR(Y)=35.898, SSIM(Y)=0.9674
Epoch 143/200: Training loss=0.016256, lr=2.21e-04
Epoch 143/200: Validation loss=0.019619
Epoch 144/200: Training loss=0.016329, lr=2.14e-04
Epoch 144/200: Validation loss=0.019618
Model saved! Best loss: 0.019618
Set5: PSNR(Y)=36.503, SSIM(Y)=0.9524
Set14: PSNR(Y)=32.174, SSIM(Y)=0.9013
B100: PSNR(Y)=30.936, SSIM(Y)=0.8800
U100: PSNR(Y)=29.868, SSIM(Y)=0.9031
M109: PSNR(Y)=35.900, SSIM(Y)=0.9674
Epoch 145/200: Training loss=0.016272, lr=2.07e-04
Epoch 145/200: Validation loss=0.019617
Model saved! Best loss: 0.019617
Set5: PSNR(Y)=36.503, SSIM(Y)=0.9524
Set14: PSNR(Y)=32.179, SSIM(Y)=0.9014
B100: PSNR(Y)=30.937, SSIM(Y)=0.8800
U100: PSNR(Y)=29.869, SSIM(Y)=0.9031
M109: PSNR(Y)=35.899, SSIM(Y)=0.9674
Epoch 146/200: Training loss=0.016266, lr=2.01e-04
Epoch 146/200: Validation loss=0.019615
Model saved! Best loss: 0.019615
Set5: PSNR(Y)=36.503, SSIM(Y)=0.9524
Set14: PSNR(Y)=32.177, SSIM(Y)=0.9013
B100: PSNR(Y)=30.937, SSIM(Y)=0.8800
U100: PSNR(Y)=29.870, SSIM(Y)=0.9031
M109: PSNR(Y)=35.902, SSIM(Y)=0.9674
Epoch 147/200: Training loss=0.016314, lr=1.95e-04
Epoch 147/200: Validation loss=0.019617
Epoch 148/200: Training loss=0.016289, lr=1.88e-04
Epoch 148/200: Validation loss=0.019615
Epoch 149/200: Training loss=0.016195, lr=1.82e-04
Epoch 149/200: Validation loss=0.019612
Model saved! Best loss: 0.019612
Set5: PSNR(Y)=36.502, SSIM(Y)=0.9524
Set14: PSNR(Y)=32.181, SSIM(Y)=0.9014
B100: PSNR(Y)=30.938, SSIM(Y)=0.8800
U100: PSNR(Y)=29.871, SSIM(Y)=0.9031
M109: PSNR(Y)=35.905, SSIM(Y)=0.9674
Epoch 150/200: Training loss=0.016188, lr=1.76e-04
Epoch 150/200: Validation loss=0.019612
Epoch 151/200: Training loss=0.016287, lr=1.70e-04
Epoch 151/200: Validation loss=0.019612
Epoch 152/200: Training loss=0.016233, lr=1.64e-04
Epoch 152/200: Validation loss=0.019611
Model saved! Best loss: 0.019611
Set5: PSNR(Y)=36.503, SSIM(Y)=0.9524
Set14: PSNR(Y)=32.184, SSIM(Y)=0.9014
B100: PSNR(Y)=30.938, SSIM(Y)=0.8800
U100: PSNR(Y)=29.874, SSIM(Y)=0.9031
M109: PSNR(Y)=35.902, SSIM(Y)=0.9674
Epoch 153/200: Training loss=0.016313, lr=1.58e-04
Epoch 153/200: Validation loss=0.019610
Model saved! Best loss: 0.019610
Set5: PSNR(Y)=36.503, SSIM(Y)=0.9524
Set14: PSNR(Y)=32.181, SSIM(Y)=0.9014
B100: PSNR(Y)=30.938, SSIM(Y)=0.8800
U100: PSNR(Y)=29.874, SSIM(Y)=0.9032
M109: PSNR(Y)=35.903, SSIM(Y)=0.9674
Epoch 154/200: Training loss=0.016156, lr=1.52e-04
Epoch 154/200: Validation loss=0.019609
Model saved! Best loss: 0.019609
Set5: PSNR(Y)=36.505, SSIM(Y)=0.9524
Set14: PSNR(Y)=32.176, SSIM(Y)=0.9014
B100: PSNR(Y)=30.938, SSIM(Y)=0.8800
U100: PSNR(Y)=29.875, SSIM(Y)=0.9032
M109: PSNR(Y)=35.909, SSIM(Y)=0.9675
Epoch 155/200: Training loss=0.016233, lr=1.46e-04
Epoch 155/200: Validation loss=0.019609
Epoch 156/200: Training loss=0.016271, lr=1.41e-04
Epoch 156/200: Validation loss=0.019608
Model saved! Best loss: 0.019608
Set5: PSNR(Y)=36.503, SSIM(Y)=0.9524
Set14: PSNR(Y)=32.172, SSIM(Y)=0.9013
B100: PSNR(Y)=30.938, SSIM(Y)=0.8800
U100: PSNR(Y)=29.877, SSIM(Y)=0.9032
M109: PSNR(Y)=35.903, SSIM(Y)=0.9675
Epoch 157/200: Training loss=0.016301, lr=1.35e-04
Epoch 157/200: Validation loss=0.019608
Model saved! Best loss: 0.019608
Set5: PSNR(Y)=36.501, SSIM(Y)=0.9524
Set14: PSNR(Y)=32.173, SSIM(Y)=0.9013
B100: PSNR(Y)=30.938, SSIM(Y)=0.8800
U100: PSNR(Y)=29.877, SSIM(Y)=0.9032
M109: PSNR(Y)=35.905, SSIM(Y)=0.9675
Epoch 158/200: Training loss=0.016185, lr=1.30e-04
Epoch 158/200: Validation loss=0.019607
Model saved! Best loss: 0.019607
Set5: PSNR(Y)=36.504, SSIM(Y)=0.9524
Set14: PSNR(Y)=32.182, SSIM(Y)=0.9014
B100: PSNR(Y)=30.939, SSIM(Y)=0.8800
U100: PSNR(Y)=29.875, SSIM(Y)=0.9031
M109: PSNR(Y)=35.910, SSIM(Y)=0.9675
Epoch 159/200: Training loss=0.016232, lr=1.25e-04
Epoch 159/200: Validation loss=0.019608
Epoch 160/200: Training loss=0.016238, lr=1.19e-04
Epoch 160/200: Validation loss=0.019608
Epoch 161/200: Training loss=0.016279, lr=1.14e-04
Epoch 161/200: Validation loss=0.019606
Model saved! Best loss: 0.019606
Set5: PSNR(Y)=36.505, SSIM(Y)=0.9524
Set14: PSNR(Y)=32.188, SSIM(Y)=0.9015
B100: PSNR(Y)=30.939, SSIM(Y)=0.8800
U100: PSNR(Y)=29.878, SSIM(Y)=0.9032
M109: PSNR(Y)=35.902, SSIM(Y)=0.9674
Epoch 162/200: Training loss=0.016153, lr=1.09e-04
Epoch 162/200: Validation loss=0.019606
Model saved! Best loss: 0.019606
Set5: PSNR(Y)=36.505, SSIM(Y)=0.9524
Set14: PSNR(Y)=32.185, SSIM(Y)=0.9014
B100: PSNR(Y)=30.939, SSIM(Y)=0.8800
U100: PSNR(Y)=29.877, SSIM(Y)=0.9032
M109: PSNR(Y)=35.905, SSIM(Y)=0.9675
Epoch 163/200: Training loss=0.016274, lr=1.05e-04
Epoch 163/200: Validation loss=0.019605
Model saved! Best loss: 0.019605
Set5: PSNR(Y)=36.506, SSIM(Y)=0.9524
Set14: PSNR(Y)=32.186, SSIM(Y)=0.9015
B100: PSNR(Y)=30.939, SSIM(Y)=0.8800
U100: PSNR(Y)=29.878, SSIM(Y)=0.9032
M109: PSNR(Y)=35.903, SSIM(Y)=0.9675
Epoch 164/200: Training loss=0.016283, lr=9.98e-05
Epoch 164/200: Validation loss=0.019603
Model saved! Best loss: 0.019603
Set5: PSNR(Y)=36.506, SSIM(Y)=0.9524
Set14: PSNR(Y)=32.185, SSIM(Y)=0.9014
B100: PSNR(Y)=30.940, SSIM(Y)=0.8800
U100: PSNR(Y)=29.881, SSIM(Y)=0.9033
M109: PSNR(Y)=35.903, SSIM(Y)=0.9675
Epoch 165/200: Training loss=0.016281, lr=9.51e-05
Epoch 165/200: Validation loss=0.019605
Epoch 166/200: Training loss=0.016261, lr=9.06e-05
Epoch 166/200: Validation loss=0.019604
Epoch 167/200: Training loss=0.016233, lr=8.62e-05
Epoch 167/200: Validation loss=0.019602
Model saved! Best loss: 0.019602
Set5: PSNR(Y)=36.503, SSIM(Y)=0.9524
Set14: PSNR(Y)=32.190, SSIM(Y)=0.9015
B100: PSNR(Y)=30.940, SSIM(Y)=0.8800
U100: PSNR(Y)=29.883, SSIM(Y)=0.9033
M109: PSNR(Y)=35.902, SSIM(Y)=0.9675
Epoch 168/200: Training loss=0.016185, lr=8.19e-05
Epoch 168/200: Validation loss=0.019603
Epoch 169/200: Training loss=0.016229, lr=7.77e-05
Epoch 169/200: Validation loss=0.019603
Epoch 170/200: Training loss=0.016143, lr=7.36e-05
Epoch 170/200: Validation loss=0.019602
Model saved! Best loss: 0.019602
Set5: PSNR(Y)=36.505, SSIM(Y)=0.9524
Set14: PSNR(Y)=32.190, SSIM(Y)=0.9015
B100: PSNR(Y)=30.940, SSIM(Y)=0.8801
U100: PSNR(Y)=29.881, SSIM(Y)=0.9033
M109: PSNR(Y)=35.906, SSIM(Y)=0.9675
Epoch 171/200: Training loss=0.016230, lr=6.97e-05
Epoch 171/200: Validation loss=0.019602
Model saved! Best loss: 0.019602
Set5: PSNR(Y)=36.504, SSIM(Y)=0.9524
Set14: PSNR(Y)=32.193, SSIM(Y)=0.9015
B100: PSNR(Y)=30.940, SSIM(Y)=0.8801
U100: PSNR(Y)=29.882, SSIM(Y)=0.9033
M109: PSNR(Y)=35.904, SSIM(Y)=0.9675
Epoch 172/200: Training loss=0.016211, lr=6.58e-05
Epoch 172/200: Validation loss=0.019601
Model saved! Best loss: 0.019601
Set5: PSNR(Y)=36.504, SSIM(Y)=0.9524
Set14: PSNR(Y)=32.188, SSIM(Y)=0.9015
B100: PSNR(Y)=30.940, SSIM(Y)=0.8801
U100: PSNR(Y)=29.883, SSIM(Y)=0.9033
M109: PSNR(Y)=35.905, SSIM(Y)=0.9675
Epoch 173/200: Training loss=0.016270, lr=6.21e-05
Epoch 173/200: Validation loss=0.019601
Model saved! Best loss: 0.019601
Set5: PSNR(Y)=36.504, SSIM(Y)=0.9524
Set14: PSNR(Y)=32.190, SSIM(Y)=0.9015
B100: PSNR(Y)=30.940, SSIM(Y)=0.8801
U100: PSNR(Y)=29.883, SSIM(Y)=0.9033
M109: PSNR(Y)=35.905, SSIM(Y)=0.9675
Epoch 174/200: Training loss=0.016186, lr=5.85e-05
Epoch 174/200: Validation loss=0.019600
Model saved! Best loss: 0.019600
Set5: PSNR(Y)=36.504, SSIM(Y)=0.9524
Set14: PSNR(Y)=32.189, SSIM(Y)=0.9015
B100: PSNR(Y)=30.940, SSIM(Y)=0.8801
U100: PSNR(Y)=29.883, SSIM(Y)=0.9033
M109: PSNR(Y)=35.909, SSIM(Y)=0.9675
Epoch 175/200: Training loss=0.016228, lr=5.50e-05
Epoch 175/200: Validation loss=0.019601
Epoch 176/200: Training loss=0.016280, lr=5.17e-05
Epoch 176/200: Validation loss=0.019600
Model saved! Best loss: 0.019600
Set5: PSNR(Y)=36.505, SSIM(Y)=0.9524
Set14: PSNR(Y)=32.189, SSIM(Y)=0.9015
B100: PSNR(Y)=30.940, SSIM(Y)=0.8801
U100: PSNR(Y)=29.882, SSIM(Y)=0.9033
M109: PSNR(Y)=35.907, SSIM(Y)=0.9675
Epoch 177/200: Training loss=0.016209, lr=4.85e-05
Epoch 177/200: Validation loss=0.019601
Epoch 178/200: Training loss=0.016283, lr=4.54e-05
Epoch 178/200: Validation loss=0.019601
Epoch 179/200: Training loss=0.016248, lr=4.24e-05
Epoch 179/200: Validation loss=0.019599
Model saved! Best loss: 0.019599
Set5: PSNR(Y)=36.505, SSIM(Y)=0.9524
Set14: PSNR(Y)=32.187, SSIM(Y)=0.9014
B100: PSNR(Y)=30.940, SSIM(Y)=0.8801
U100: PSNR(Y)=29.883, SSIM(Y)=0.9033
M109: PSNR(Y)=35.909, SSIM(Y)=0.9675
Epoch 180/200: Training loss=0.016270, lr=3.95e-05
Epoch 180/200: Validation loss=0.019598
Model saved! Best loss: 0.019598
Set5: PSNR(Y)=36.505, SSIM(Y)=0.9524
Set14: PSNR(Y)=32.187, SSIM(Y)=0.9014
B100: PSNR(Y)=30.940, SSIM(Y)=0.8801
U100: PSNR(Y)=29.884, SSIM(Y)=0.9033
M109: PSNR(Y)=35.910, SSIM(Y)=0.9675
Epoch 181/200: Training loss=0.016177, lr=3.68e-05
Epoch 181/200: Validation loss=0.019597
Model saved! Best loss: 0.019597
Set5: PSNR(Y)=36.505, SSIM(Y)=0.9524
Set14: PSNR(Y)=32.186, SSIM(Y)=0.9014
B100: PSNR(Y)=30.940, SSIM(Y)=0.8801
U100: PSNR(Y)=29.886, SSIM(Y)=0.9033
M109: PSNR(Y)=35.908, SSIM(Y)=0.9675
Epoch 182/200: Training loss=0.016254, lr=3.42e-05
Epoch 182/200: Validation loss=0.019598
Epoch 183/200: Training loss=0.016173, lr=3.18e-05
Epoch 183/200: Validation loss=0.019598
Epoch 184/200: Training loss=0.016181, lr=2.94e-05
Epoch 184/200: Validation loss=0.019598
Epoch 185/200: Training loss=0.016305, lr=2.72e-05
Epoch 185/200: Validation loss=0.019598
Epoch 186/200: Training loss=0.016258, lr=2.51e-05
Epoch 186/200: Validation loss=0.019599
Epoch 187/200: Training loss=0.016253, lr=2.32e-05
Epoch 187/200: Validation loss=0.019599
Epoch 188/200: Training loss=0.016227, lr=2.14e-05
Epoch 188/200: Validation loss=0.019599
Epoch 189/200: Training loss=0.016369, lr=1.97e-05
Epoch 189/200: Validation loss=0.019597
Model saved! Best loss: 0.019597
Set5: PSNR(Y)=36.505, SSIM(Y)=0.9524
Set14: PSNR(Y)=32.183, SSIM(Y)=0.9014
B100: PSNR(Y)=30.941, SSIM(Y)=0.8801
U100: PSNR(Y)=29.886, SSIM(Y)=0.9033
M109: PSNR(Y)=35.911, SSIM(Y)=0.9675
Epoch 190/200: Training loss=0.016159, lr=1.82e-05
Epoch 190/200: Validation loss=0.019597
Model saved! Best loss: 0.019597
Set5: PSNR(Y)=36.504, SSIM(Y)=0.9524
Set14: PSNR(Y)=32.182, SSIM(Y)=0.9014
B100: PSNR(Y)=30.940, SSIM(Y)=0.8801
U100: PSNR(Y)=29.886, SSIM(Y)=0.9033
M109: PSNR(Y)=35.910, SSIM(Y)=0.9675
Epoch 191/200: Training loss=0.016236, lr=1.68e-05
Epoch 191/200: Validation loss=0.019598
Epoch 192/200: Training loss=0.016375, lr=1.55e-05
Epoch 192/200: Validation loss=0.019598
Epoch 193/200: Training loss=0.016272, lr=1.43e-05
Epoch 193/200: Validation loss=0.019598
Epoch 194/200: Training loss=0.016194, lr=1.33e-05
Epoch 194/200: Validation loss=0.019598
Epoch 195/200: Training loss=0.016248, lr=1.24e-05
Epoch 195/200: Validation loss=0.019598
Epoch 196/200: Training loss=0.016297, lr=1.17e-05
Epoch 196/200: Validation loss=0.019596
Model saved! Best loss: 0.019596
Set5: PSNR(Y)=36.504, SSIM(Y)=0.9524
Set14: PSNR(Y)=32.182, SSIM(Y)=0.9014
B100: PSNR(Y)=30.940, SSIM(Y)=0.8801
U100: PSNR(Y)=29.888, SSIM(Y)=0.9034
M109: PSNR(Y)=35.908, SSIM(Y)=0.9675
Epoch 197/200: Training loss=0.016351, lr=1.11e-05
Epoch 197/200: Validation loss=0.019596
Epoch 198/200: Training loss=0.016189, lr=1.06e-05
Epoch 198/200: Validation loss=0.019597
Epoch 199/200: Training loss=0.016349, lr=1.03e-05
Epoch 199/200: Validation loss=0.019597
Epoch 200/200: Training loss=0.016136, lr=1.01e-05
Epoch 200/200: Validation loss=0.019598
==================================================
Training Finished
==================================================
==================================================
Testing Best Model
==================================================
Set5: PSNR(Y)=36.504, SSIM(Y)=0.9524
Set14: PSNR(Y)=32.182, SSIM(Y)=0.9014
B100: PSNR(Y)=30.940, SSIM(Y)=0.8801
U100: PSNR(Y)=29.888, SSIM(Y)=0.9034
M109: PSNR(Y)=35.908, SSIM(Y)=0.9675
==================================================
Testing Bicubic Interpolation
==================================================
Set5: PSNR(Y)=34.419, SSIM(Y)=0.9395
Set14: PSNR(Y)=30.758, SSIM(Y)=0.8880
B100: PSNR(Y)=29.834, SSIM(Y)=0.8656
U100: PSNR(Y)=27.184, SSIM(Y)=0.8593
M109: PSNR(Y)=31.952, SSIM(Y)=0.9479
