使用设备: cuda
模型总参数量: 14,656
==================================================
Training Started
==================================================
实验名称: ISCSR_x2_0920_1337
放大倍数: 2
批次大小: 64
学习率: 0.002
最小学习率: 2e-05
训练轮数: 300
设备: cuda
模型参数数量: 14,656
训练批次: 612
验证批次: 328
==================================================
Begin Training
Epoch 1/300: Training loss=0.039002, lr=2.00e-03
Epoch 1/300: Validation loss=0.036238
Model saved! Best loss: 0.036238
Set5: PSNR(Y)=35.966, SSIM(Y)=0.9492
Set14: PSNR(Y)=31.770, SSIM(Y)=0.8966
B100: PSNR(Y)=30.581, SSIM(Y)=0.8746
U100: PSNR(Y)=28.693, SSIM(Y)=0.8855
M109: PSNR(Y)=34.671, SSIM(Y)=0.9614
Epoch 2/300: Training loss=0.037717, lr=2.00e-03
Epoch 2/300: Validation loss=0.033530
Model saved! Best loss: 0.033530
Set5: PSNR(Y)=36.086, SSIM(Y)=0.9499
Set14: PSNR(Y)=31.844, SSIM(Y)=0.8972
B100: PSNR(Y)=30.651, SSIM(Y)=0.8755
U100: PSNR(Y)=28.933, SSIM(Y)=0.8892
M109: PSNR(Y)=34.988, SSIM(Y)=0.9628
Epoch 3/300: Training loss=0.037551, lr=2.00e-03
Epoch 3/300: Validation loss=0.032715
Model saved! Best loss: 0.032715
Set5: PSNR(Y)=36.132, SSIM(Y)=0.9500
Set14: PSNR(Y)=31.882, SSIM(Y)=0.8974
B100: PSNR(Y)=30.692, SSIM(Y)=0.8760
U100: PSNR(Y)=29.073, SSIM(Y)=0.8911
M109: PSNR(Y)=35.039, SSIM(Y)=0.9630
Epoch 4/300: Training loss=0.037344, lr=2.00e-03
Epoch 4/300: Validation loss=0.032462
Model saved! Best loss: 0.032462
Set5: PSNR(Y)=36.200, SSIM(Y)=0.9504
Set14: PSNR(Y)=31.899, SSIM(Y)=0.8977
B100: PSNR(Y)=30.715, SSIM(Y)=0.8764
U100: PSNR(Y)=29.132, SSIM(Y)=0.8920
M109: PSNR(Y)=35.165, SSIM(Y)=0.9637
Epoch 5/300: Training loss=0.037292, lr=2.00e-03
Epoch 5/300: Validation loss=0.032347
Model saved! Best loss: 0.032347
Set5: PSNR(Y)=36.215, SSIM(Y)=0.9505
Set14: PSNR(Y)=31.916, SSIM(Y)=0.8980
B100: PSNR(Y)=30.720, SSIM(Y)=0.8765
U100: PSNR(Y)=29.163, SSIM(Y)=0.8925
M109: PSNR(Y)=35.195, SSIM(Y)=0.9639
Epoch 6/300: Training loss=0.037240, lr=2.00e-03
Epoch 6/300: Validation loss=0.032297
Model saved! Best loss: 0.032297
Set5: PSNR(Y)=36.220, SSIM(Y)=0.9505
Set14: PSNR(Y)=31.918, SSIM(Y)=0.8981
B100: PSNR(Y)=30.717, SSIM(Y)=0.8764
U100: PSNR(Y)=29.155, SSIM(Y)=0.8923
M109: PSNR(Y)=35.193, SSIM(Y)=0.9641
Epoch 7/300: Training loss=0.037175, lr=2.00e-03
Epoch 7/300: Validation loss=0.032168
Model saved! Best loss: 0.032168
Set5: PSNR(Y)=36.260, SSIM(Y)=0.9506
Set14: PSNR(Y)=31.944, SSIM(Y)=0.8981
B100: PSNR(Y)=30.737, SSIM(Y)=0.8765
U100: PSNR(Y)=29.264, SSIM(Y)=0.8938
M109: PSNR(Y)=35.264, SSIM(Y)=0.9642
Epoch 8/300: Training loss=0.037058, lr=2.00e-03
Epoch 8/300: Validation loss=0.032088
Model saved! Best loss: 0.032088
Set5: PSNR(Y)=36.264, SSIM(Y)=0.9507
Set14: PSNR(Y)=31.972, SSIM(Y)=0.8984
B100: PSNR(Y)=30.754, SSIM(Y)=0.8767
U100: PSNR(Y)=29.277, SSIM(Y)=0.8939
M109: PSNR(Y)=35.342, SSIM(Y)=0.9645
Epoch 9/300: Training loss=0.037080, lr=2.00e-03
Epoch 9/300: Validation loss=0.032047
Model saved! Best loss: 0.032047
Set5: PSNR(Y)=36.266, SSIM(Y)=0.9508
Set14: PSNR(Y)=31.965, SSIM(Y)=0.8985
B100: PSNR(Y)=30.750, SSIM(Y)=0.8768
U100: PSNR(Y)=29.274, SSIM(Y)=0.8939
M109: PSNR(Y)=35.341, SSIM(Y)=0.9646
Epoch 10/300: Training loss=0.037024, lr=2.00e-03
Epoch 10/300: Validation loss=0.032020
Model saved! Best loss: 0.032020
Set5: PSNR(Y)=36.293, SSIM(Y)=0.9509
Set14: PSNR(Y)=31.973, SSIM(Y)=0.8984
B100: PSNR(Y)=30.763, SSIM(Y)=0.8769
U100: PSNR(Y)=29.313, SSIM(Y)=0.8943
M109: PSNR(Y)=35.287, SSIM(Y)=0.9643
Epoch 11/300: Training loss=0.036985, lr=1.99e-03
Epoch 11/300: Validation loss=0.031972
Model saved! Best loss: 0.031972
Set5: PSNR(Y)=36.282, SSIM(Y)=0.9509
Set14: PSNR(Y)=31.974, SSIM(Y)=0.8986
B100: PSNR(Y)=30.765, SSIM(Y)=0.8770
U100: PSNR(Y)=29.312, SSIM(Y)=0.8946
M109: PSNR(Y)=35.363, SSIM(Y)=0.9647
Epoch 12/300: Training loss=0.036965, lr=1.99e-03
Epoch 12/300: Validation loss=0.031904
Model saved! Best loss: 0.031904
Set5: PSNR(Y)=36.302, SSIM(Y)=0.9510
Set14: PSNR(Y)=31.998, SSIM(Y)=0.8987
B100: PSNR(Y)=30.784, SSIM(Y)=0.8770
U100: PSNR(Y)=29.371, SSIM(Y)=0.8952
M109: PSNR(Y)=35.367, SSIM(Y)=0.9647
Epoch 13/300: Training loss=0.036910, lr=1.99e-03
Epoch 13/300: Validation loss=0.031850
Model saved! Best loss: 0.031850
Set5: PSNR(Y)=36.329, SSIM(Y)=0.9510
Set14: PSNR(Y)=32.004, SSIM(Y)=0.8985
B100: PSNR(Y)=30.786, SSIM(Y)=0.8772
U100: PSNR(Y)=29.376, SSIM(Y)=0.8954
M109: PSNR(Y)=35.426, SSIM(Y)=0.9649
Epoch 14/300: Training loss=0.036930, lr=1.99e-03
Epoch 14/300: Validation loss=0.031801
Model saved! Best loss: 0.031801
Set5: PSNR(Y)=36.324, SSIM(Y)=0.9511
Set14: PSNR(Y)=32.018, SSIM(Y)=0.8987
B100: PSNR(Y)=30.795, SSIM(Y)=0.8774
U100: PSNR(Y)=29.412, SSIM(Y)=0.8959
M109: PSNR(Y)=35.495, SSIM(Y)=0.9651
Epoch 15/300: Training loss=0.036864, lr=1.99e-03
Epoch 15/300: Validation loss=0.031773
Model saved! Best loss: 0.031773
Set5: PSNR(Y)=36.341, SSIM(Y)=0.9512
Set14: PSNR(Y)=32.015, SSIM(Y)=0.8988
B100: PSNR(Y)=30.794, SSIM(Y)=0.8774
U100: PSNR(Y)=29.425, SSIM(Y)=0.8960
M109: PSNR(Y)=35.506, SSIM(Y)=0.9653
Epoch 16/300: Training loss=0.036869, lr=1.99e-03
Epoch 16/300: Validation loss=0.031743
Model saved! Best loss: 0.031743
Set5: PSNR(Y)=36.345, SSIM(Y)=0.9512
Set14: PSNR(Y)=32.032, SSIM(Y)=0.8991
B100: PSNR(Y)=30.809, SSIM(Y)=0.8776
U100: PSNR(Y)=29.446, SSIM(Y)=0.8964
M109: PSNR(Y)=35.506, SSIM(Y)=0.9653
Epoch 17/300: Training loss=0.036863, lr=1.99e-03
Epoch 17/300: Validation loss=0.031718
Model saved! Best loss: 0.031718
Set5: PSNR(Y)=36.335, SSIM(Y)=0.9511
Set14: PSNR(Y)=32.023, SSIM(Y)=0.8989
B100: PSNR(Y)=30.807, SSIM(Y)=0.8776
U100: PSNR(Y)=29.463, SSIM(Y)=0.8967
M109: PSNR(Y)=35.497, SSIM(Y)=0.9652
Epoch 18/300: Training loss=0.036757, lr=1.98e-03
Epoch 18/300: Validation loss=0.031692
Model saved! Best loss: 0.031692
Set5: PSNR(Y)=36.351, SSIM(Y)=0.9512
Set14: PSNR(Y)=32.035, SSIM(Y)=0.8991
B100: PSNR(Y)=30.813, SSIM(Y)=0.8777
U100: PSNR(Y)=29.468, SSIM(Y)=0.8968
M109: PSNR(Y)=35.568, SSIM(Y)=0.9656
Epoch 19/300: Training loss=0.036838, lr=1.98e-03
Epoch 19/300: Validation loss=0.031679
Model saved! Best loss: 0.031679
Set5: PSNR(Y)=36.362, SSIM(Y)=0.9513
Set14: PSNR(Y)=32.049, SSIM(Y)=0.8992
B100: PSNR(Y)=30.811, SSIM(Y)=0.8776
U100: PSNR(Y)=29.445, SSIM(Y)=0.8964
M109: PSNR(Y)=35.570, SSIM(Y)=0.9655
Epoch 20/300: Training loss=0.036884, lr=1.98e-03
Epoch 20/300: Validation loss=0.031664
Model saved! Best loss: 0.031664
Set5: PSNR(Y)=36.345, SSIM(Y)=0.9512
Set14: PSNR(Y)=32.063, SSIM(Y)=0.8993
B100: PSNR(Y)=30.824, SSIM(Y)=0.8777
U100: PSNR(Y)=29.467, SSIM(Y)=0.8966
M109: PSNR(Y)=35.531, SSIM(Y)=0.9654
Epoch 21/300: Training loss=0.036808, lr=1.98e-03
Epoch 21/300: Validation loss=0.031649
Model saved! Best loss: 0.031649
Set5: PSNR(Y)=36.346, SSIM(Y)=0.9512
Set14: PSNR(Y)=32.042, SSIM(Y)=0.8992
B100: PSNR(Y)=30.814, SSIM(Y)=0.8777
U100: PSNR(Y)=29.480, SSIM(Y)=0.8969
M109: PSNR(Y)=35.577, SSIM(Y)=0.9656
Epoch 22/300: Training loss=0.036800, lr=1.98e-03
Epoch 22/300: Validation loss=0.031637
Model saved! Best loss: 0.031637
Set5: PSNR(Y)=36.349, SSIM(Y)=0.9512
Set14: PSNR(Y)=32.047, SSIM(Y)=0.8994
B100: PSNR(Y)=30.810, SSIM(Y)=0.8776
U100: PSNR(Y)=29.426, SSIM(Y)=0.8961
M109: PSNR(Y)=35.558, SSIM(Y)=0.9655
Epoch 23/300: Training loss=0.036784, lr=1.97e-03
Epoch 23/300: Validation loss=0.031636
Model saved! Best loss: 0.031636
Set5: PSNR(Y)=36.371, SSIM(Y)=0.9513
Set14: PSNR(Y)=32.025, SSIM(Y)=0.8991
B100: PSNR(Y)=30.789, SSIM(Y)=0.8774
U100: PSNR(Y)=29.425, SSIM(Y)=0.8961
M109: PSNR(Y)=35.597, SSIM(Y)=0.9658
Epoch 24/300: Training loss=0.036787, lr=1.97e-03
Epoch 24/300: Validation loss=0.031631
Model saved! Best loss: 0.031631
Set5: PSNR(Y)=36.365, SSIM(Y)=0.9513
Set14: PSNR(Y)=32.040, SSIM(Y)=0.8991
B100: PSNR(Y)=30.810, SSIM(Y)=0.8776
U100: PSNR(Y)=29.445, SSIM(Y)=0.8964
M109: PSNR(Y)=35.538, SSIM(Y)=0.9654
Epoch 25/300: Training loss=0.036755, lr=1.97e-03
Epoch 25/300: Validation loss=0.031601
Model saved! Best loss: 0.031601
Set5: PSNR(Y)=36.361, SSIM(Y)=0.9512
Set14: PSNR(Y)=32.044, SSIM(Y)=0.8992
B100: PSNR(Y)=30.832, SSIM(Y)=0.8778
U100: PSNR(Y)=29.518, SSIM(Y)=0.8976
M109: PSNR(Y)=35.549, SSIM(Y)=0.9653
Epoch 26/300: Training loss=0.036813, lr=1.97e-03
Epoch 26/300: Validation loss=0.031599
Model saved! Best loss: 0.031599
Set5: PSNR(Y)=36.349, SSIM(Y)=0.9512
Set14: PSNR(Y)=32.042, SSIM(Y)=0.8989
B100: PSNR(Y)=30.809, SSIM(Y)=0.8776
U100: PSNR(Y)=29.509, SSIM(Y)=0.8971
M109: PSNR(Y)=35.453, SSIM(Y)=0.9652
Epoch 27/300: Training loss=0.036751, lr=1.96e-03
Epoch 27/300: Validation loss=0.031576
Model saved! Best loss: 0.031576
Set5: PSNR(Y)=36.368, SSIM(Y)=0.9512
Set14: PSNR(Y)=32.057, SSIM(Y)=0.8994
B100: PSNR(Y)=30.833, SSIM(Y)=0.8781
U100: PSNR(Y)=29.512, SSIM(Y)=0.8974
M109: PSNR(Y)=35.614, SSIM(Y)=0.9657
Epoch 28/300: Training loss=0.036720, lr=1.96e-03
Epoch 28/300: Validation loss=0.031558
Model saved! Best loss: 0.031558
Set5: PSNR(Y)=36.357, SSIM(Y)=0.9513
Set14: PSNR(Y)=32.033, SSIM(Y)=0.8992
B100: PSNR(Y)=30.813, SSIM(Y)=0.8777
U100: PSNR(Y)=29.537, SSIM(Y)=0.8981
M109: PSNR(Y)=35.556, SSIM(Y)=0.9654
Epoch 29/300: Training loss=0.036682, lr=1.96e-03
Epoch 29/300: Validation loss=0.031548
Model saved! Best loss: 0.031548
Set5: PSNR(Y)=36.393, SSIM(Y)=0.9513
Set14: PSNR(Y)=32.064, SSIM(Y)=0.8994
B100: PSNR(Y)=30.846, SSIM(Y)=0.8781
U100: PSNR(Y)=29.533, SSIM(Y)=0.8976
M109: PSNR(Y)=35.548, SSIM(Y)=0.9655
Epoch 30/300: Training loss=0.036714, lr=1.95e-03
Epoch 30/300: Validation loss=0.031547
Model saved! Best loss: 0.031547
Set5: PSNR(Y)=36.380, SSIM(Y)=0.9513
Set14: PSNR(Y)=32.054, SSIM(Y)=0.8995
B100: PSNR(Y)=30.817, SSIM(Y)=0.8777
U100: PSNR(Y)=29.479, SSIM(Y)=0.8970
M109: PSNR(Y)=35.525, SSIM(Y)=0.9655
Epoch 31/300: Training loss=0.036679, lr=1.95e-03
Epoch 31/300: Validation loss=0.031529
Model saved! Best loss: 0.031529
Set5: PSNR(Y)=36.386, SSIM(Y)=0.9514
Set14: PSNR(Y)=32.070, SSIM(Y)=0.8996
B100: PSNR(Y)=30.844, SSIM(Y)=0.8782
U100: PSNR(Y)=29.545, SSIM(Y)=0.8980
M109: PSNR(Y)=35.679, SSIM(Y)=0.9658
Epoch 32/300: Training loss=0.036687, lr=1.95e-03
Epoch 32/300: Validation loss=0.031516
Model saved! Best loss: 0.031516
Set5: PSNR(Y)=36.374, SSIM(Y)=0.9513
Set14: PSNR(Y)=32.067, SSIM(Y)=0.8994
B100: PSNR(Y)=30.841, SSIM(Y)=0.8779
U100: PSNR(Y)=29.534, SSIM(Y)=0.8976
M109: PSNR(Y)=35.527, SSIM(Y)=0.9653
Epoch 33/300: Training loss=0.036718, lr=1.94e-03
Epoch 33/300: Validation loss=0.031500
Model saved! Best loss: 0.031500
Set5: PSNR(Y)=36.390, SSIM(Y)=0.9514
Set14: PSNR(Y)=32.074, SSIM(Y)=0.8996
B100: PSNR(Y)=30.846, SSIM(Y)=0.8782
U100: PSNR(Y)=29.559, SSIM(Y)=0.8984
M109: PSNR(Y)=35.613, SSIM(Y)=0.9658
Epoch 34/300: Training loss=0.036655, lr=1.94e-03
Epoch 34/300: Validation loss=0.031498
Model saved! Best loss: 0.031498
Set5: PSNR(Y)=36.367, SSIM(Y)=0.9513
Set14: PSNR(Y)=32.090, SSIM(Y)=0.8997
B100: PSNR(Y)=30.823, SSIM(Y)=0.8778
U100: PSNR(Y)=29.464, SSIM(Y)=0.8968
M109: PSNR(Y)=35.478, SSIM(Y)=0.9652
Epoch 35/300: Training loss=0.036682, lr=1.94e-03
Epoch 35/300: Validation loss=0.031492
Model saved! Best loss: 0.031492
Set5: PSNR(Y)=36.402, SSIM(Y)=0.9514
Set14: PSNR(Y)=32.051, SSIM(Y)=0.8997
B100: PSNR(Y)=30.832, SSIM(Y)=0.8781
U100: PSNR(Y)=29.545, SSIM(Y)=0.8980
M109: PSNR(Y)=35.667, SSIM(Y)=0.9658
Epoch 36/300: Training loss=0.036682, lr=1.93e-03
Epoch 36/300: Validation loss=0.031484
Model saved! Best loss: 0.031484
Set5: PSNR(Y)=36.405, SSIM(Y)=0.9514
Set14: PSNR(Y)=32.084, SSIM(Y)=0.8997
B100: PSNR(Y)=30.846, SSIM(Y)=0.8783
U100: PSNR(Y)=29.563, SSIM(Y)=0.8982
M109: PSNR(Y)=35.662, SSIM(Y)=0.9659
Epoch 37/300: Training loss=0.036682, lr=1.93e-03
Epoch 37/300: Validation loss=0.031479
Model saved! Best loss: 0.031479
Set5: PSNR(Y)=36.402, SSIM(Y)=0.9514
Set14: PSNR(Y)=32.066, SSIM(Y)=0.8996
B100: PSNR(Y)=30.843, SSIM(Y)=0.8782
U100: PSNR(Y)=29.577, SSIM(Y)=0.8986
M109: PSNR(Y)=35.591, SSIM(Y)=0.9657
Epoch 38/300: Training loss=0.036638, lr=1.93e-03
Epoch 38/300: Validation loss=0.031479
Epoch 39/300: Training loss=0.036667, lr=1.92e-03
Epoch 39/300: Validation loss=0.031468
Model saved! Best loss: 0.031468
Set5: PSNR(Y)=36.381, SSIM(Y)=0.9514
Set14: PSNR(Y)=32.084, SSIM(Y)=0.8998
B100: PSNR(Y)=30.843, SSIM(Y)=0.8782
U100: PSNR(Y)=29.555, SSIM(Y)=0.8982
M109: PSNR(Y)=35.644, SSIM(Y)=0.9659
Epoch 40/300: Training loss=0.036672, lr=1.92e-03
Epoch 40/300: Validation loss=0.031458
Model saved! Best loss: 0.031458
Set5: PSNR(Y)=36.393, SSIM(Y)=0.9513
Set14: PSNR(Y)=32.068, SSIM(Y)=0.8997
B100: PSNR(Y)=30.840, SSIM(Y)=0.8782
U100: PSNR(Y)=29.583, SSIM(Y)=0.8987
M109: PSNR(Y)=35.652, SSIM(Y)=0.9659
Epoch 41/300: Training loss=0.036622, lr=1.91e-03
Epoch 41/300: Validation loss=0.031451
Model saved! Best loss: 0.031451
Set5: PSNR(Y)=36.392, SSIM(Y)=0.9514
Set14: PSNR(Y)=32.067, SSIM(Y)=0.8997
B100: PSNR(Y)=30.837, SSIM(Y)=0.8782
U100: PSNR(Y)=29.566, SSIM(Y)=0.8984
M109: PSNR(Y)=35.612, SSIM(Y)=0.9659
Epoch 42/300: Training loss=0.036582, lr=1.91e-03
Epoch 42/300: Validation loss=0.031445
Model saved! Best loss: 0.031445
Set5: PSNR(Y)=36.391, SSIM(Y)=0.9513
Set14: PSNR(Y)=32.085, SSIM(Y)=0.8999
B100: PSNR(Y)=30.849, SSIM(Y)=0.8782
U100: PSNR(Y)=29.574, SSIM(Y)=0.8986
M109: PSNR(Y)=35.574, SSIM(Y)=0.9657
Epoch 43/300: Training loss=0.036612, lr=1.91e-03
Epoch 43/300: Validation loss=0.031441
Model saved! Best loss: 0.031441
Set5: PSNR(Y)=36.418, SSIM(Y)=0.9515
Set14: PSNR(Y)=32.091, SSIM(Y)=0.8999
B100: PSNR(Y)=30.854, SSIM(Y)=0.8782
U100: PSNR(Y)=29.569, SSIM(Y)=0.8981
M109: PSNR(Y)=35.656, SSIM(Y)=0.9659
Epoch 44/300: Training loss=0.036608, lr=1.90e-03
Epoch 44/300: Validation loss=0.031434
Model saved! Best loss: 0.031434
Set5: PSNR(Y)=36.413, SSIM(Y)=0.9514
Set14: PSNR(Y)=32.092, SSIM(Y)=0.8998
B100: PSNR(Y)=30.842, SSIM(Y)=0.8783
U100: PSNR(Y)=29.564, SSIM(Y)=0.8983
M109: PSNR(Y)=35.714, SSIM(Y)=0.9661
Epoch 45/300: Training loss=0.036583, lr=1.90e-03
Epoch 45/300: Validation loss=0.031432
Model saved! Best loss: 0.031432
Set5: PSNR(Y)=36.397, SSIM(Y)=0.9514
Set14: PSNR(Y)=32.083, SSIM(Y)=0.8997
B100: PSNR(Y)=30.847, SSIM(Y)=0.8782
U100: PSNR(Y)=29.526, SSIM(Y)=0.8978
M109: PSNR(Y)=35.642, SSIM(Y)=0.9658
Epoch 46/300: Training loss=0.036579, lr=1.89e-03
Epoch 46/300: Validation loss=0.031422
Model saved! Best loss: 0.031422
Set5: PSNR(Y)=36.415, SSIM(Y)=0.9515
Set14: PSNR(Y)=32.106, SSIM(Y)=0.8998
B100: PSNR(Y)=30.861, SSIM(Y)=0.8784
U100: PSNR(Y)=29.603, SSIM(Y)=0.8987
M109: PSNR(Y)=35.646, SSIM(Y)=0.9659
Epoch 47/300: Training loss=0.036580, lr=1.89e-03
Epoch 47/300: Validation loss=0.031414
Model saved! Best loss: 0.031414
Set5: PSNR(Y)=36.385, SSIM(Y)=0.9513
Set14: PSNR(Y)=32.086, SSIM(Y)=0.8998
B100: PSNR(Y)=30.854, SSIM(Y)=0.8782
U100: PSNR(Y)=29.589, SSIM(Y)=0.8984
M109: PSNR(Y)=35.629, SSIM(Y)=0.9657
Epoch 48/300: Training loss=0.036587, lr=1.88e-03
Epoch 48/300: Validation loss=0.031409
Model saved! Best loss: 0.031409
Set5: PSNR(Y)=36.375, SSIM(Y)=0.9512
Set14: PSNR(Y)=32.080, SSIM(Y)=0.8997
B100: PSNR(Y)=30.853, SSIM(Y)=0.8782
U100: PSNR(Y)=29.600, SSIM(Y)=0.8990
M109: PSNR(Y)=35.622, SSIM(Y)=0.9657
Epoch 49/300: Training loss=0.036598, lr=1.88e-03
Epoch 49/300: Validation loss=0.031405
Model saved! Best loss: 0.031405
Set5: PSNR(Y)=36.409, SSIM(Y)=0.9515
Set14: PSNR(Y)=32.082, SSIM(Y)=0.8993
B100: PSNR(Y)=30.828, SSIM(Y)=0.8779
U100: PSNR(Y)=29.564, SSIM(Y)=0.8984
M109: PSNR(Y)=35.626, SSIM(Y)=0.9658
Epoch 50/300: Training loss=0.036544, lr=1.87e-03
Epoch 50/300: Validation loss=0.031398
Model saved! Best loss: 0.031398
Set5: PSNR(Y)=36.385, SSIM(Y)=0.9513
Set14: PSNR(Y)=32.089, SSIM(Y)=0.8996
B100: PSNR(Y)=30.861, SSIM(Y)=0.8784
U100: PSNR(Y)=29.604, SSIM(Y)=0.8989
M109: PSNR(Y)=35.665, SSIM(Y)=0.9660
Epoch 51/300: Training loss=0.036585, lr=1.87e-03
Epoch 51/300: Validation loss=0.031390
Model saved! Best loss: 0.031390
Set5: PSNR(Y)=36.365, SSIM(Y)=0.9512
Set14: PSNR(Y)=32.098, SSIM(Y)=0.8998
B100: PSNR(Y)=30.863, SSIM(Y)=0.8785
U100: PSNR(Y)=29.620, SSIM(Y)=0.8990
M109: PSNR(Y)=35.655, SSIM(Y)=0.9659
Epoch 52/300: Training loss=0.036622, lr=1.86e-03
Epoch 52/300: Validation loss=0.031390
Epoch 53/300: Training loss=0.036601, lr=1.86e-03
Epoch 53/300: Validation loss=0.031382
Model saved! Best loss: 0.031382
Set5: PSNR(Y)=36.412, SSIM(Y)=0.9514
Set14: PSNR(Y)=32.105, SSIM(Y)=0.8999
B100: PSNR(Y)=30.862, SSIM(Y)=0.8784
U100: PSNR(Y)=29.611, SSIM(Y)=0.8988
M109: PSNR(Y)=35.737, SSIM(Y)=0.9662
Epoch 54/300: Training loss=0.036548, lr=1.85e-03
Epoch 54/300: Validation loss=0.031378
Model saved! Best loss: 0.031378
Set5: PSNR(Y)=36.420, SSIM(Y)=0.9514
Set14: PSNR(Y)=32.098, SSIM(Y)=0.9000
B100: PSNR(Y)=30.858, SSIM(Y)=0.8783
U100: PSNR(Y)=29.619, SSIM(Y)=0.8988
M109: PSNR(Y)=35.707, SSIM(Y)=0.9662
Epoch 55/300: Training loss=0.036581, lr=1.85e-03
Epoch 55/300: Validation loss=0.031368
Model saved! Best loss: 0.031368
Set5: PSNR(Y)=36.411, SSIM(Y)=0.9514
Set14: PSNR(Y)=32.106, SSIM(Y)=0.8998
B100: PSNR(Y)=30.867, SSIM(Y)=0.8785
U100: PSNR(Y)=29.659, SSIM(Y)=0.8996
M109: PSNR(Y)=35.651, SSIM(Y)=0.9660
Epoch 56/300: Training loss=0.036556, lr=1.84e-03
Epoch 56/300: Validation loss=0.031365
Model saved! Best loss: 0.031365
Set5: PSNR(Y)=36.418, SSIM(Y)=0.9515
Set14: PSNR(Y)=32.107, SSIM(Y)=0.9000
B100: PSNR(Y)=30.865, SSIM(Y)=0.8785
U100: PSNR(Y)=29.614, SSIM(Y)=0.8991
M109: PSNR(Y)=35.662, SSIM(Y)=0.9660
Epoch 57/300: Training loss=0.036555, lr=1.83e-03
Epoch 57/300: Validation loss=0.031359
Model saved! Best loss: 0.031359
Set5: PSNR(Y)=36.434, SSIM(Y)=0.9516
Set14: PSNR(Y)=32.111, SSIM(Y)=0.9000
B100: PSNR(Y)=30.859, SSIM(Y)=0.8784
U100: PSNR(Y)=29.642, SSIM(Y)=0.8993
M109: PSNR(Y)=35.693, SSIM(Y)=0.9661
Epoch 58/300: Training loss=0.036544, lr=1.83e-03
Epoch 58/300: Validation loss=0.031353
Model saved! Best loss: 0.031353
Set5: PSNR(Y)=36.394, SSIM(Y)=0.9513
Set14: PSNR(Y)=32.072, SSIM(Y)=0.8996
B100: PSNR(Y)=30.860, SSIM(Y)=0.8785
U100: PSNR(Y)=29.621, SSIM(Y)=0.8992
M109: PSNR(Y)=35.653, SSIM(Y)=0.9660
Epoch 59/300: Training loss=0.036507, lr=1.82e-03
Epoch 59/300: Validation loss=0.031349
Model saved! Best loss: 0.031349
Set5: PSNR(Y)=36.420, SSIM(Y)=0.9515
Set14: PSNR(Y)=32.105, SSIM(Y)=0.9000
B100: PSNR(Y)=30.865, SSIM(Y)=0.8785
U100: PSNR(Y)=29.644, SSIM(Y)=0.8993
M109: PSNR(Y)=35.711, SSIM(Y)=0.9662
Epoch 60/300: Training loss=0.036581, lr=1.82e-03
Epoch 60/300: Validation loss=0.031342
Model saved! Best loss: 0.031342
Set5: PSNR(Y)=36.399, SSIM(Y)=0.9514
Set14: PSNR(Y)=32.101, SSIM(Y)=0.8999
B100: PSNR(Y)=30.863, SSIM(Y)=0.8786
U100: PSNR(Y)=29.649, SSIM(Y)=0.8995
M109: PSNR(Y)=35.682, SSIM(Y)=0.9661
Epoch 61/300: Training loss=0.036552, lr=1.81e-03
Epoch 61/300: Validation loss=0.031340
Model saved! Best loss: 0.031340
Set5: PSNR(Y)=36.411, SSIM(Y)=0.9515
Set14: PSNR(Y)=32.087, SSIM(Y)=0.9000
B100: PSNR(Y)=30.858, SSIM(Y)=0.8785
U100: PSNR(Y)=29.598, SSIM(Y)=0.8989
M109: PSNR(Y)=35.739, SSIM(Y)=0.9663
Epoch 62/300: Training loss=0.036521, lr=1.80e-03
Epoch 62/300: Validation loss=0.031339
Model saved! Best loss: 0.031339
Set5: PSNR(Y)=36.402, SSIM(Y)=0.9514
Set14: PSNR(Y)=32.091, SSIM(Y)=0.8999
B100: PSNR(Y)=30.866, SSIM(Y)=0.8785
U100: PSNR(Y)=29.626, SSIM(Y)=0.8993
M109: PSNR(Y)=35.668, SSIM(Y)=0.9660
Epoch 63/300: Training loss=0.036527, lr=1.80e-03
Epoch 63/300: Validation loss=0.031333
Model saved! Best loss: 0.031333
Set5: PSNR(Y)=36.426, SSIM(Y)=0.9514
Set14: PSNR(Y)=32.107, SSIM(Y)=0.9000
B100: PSNR(Y)=30.853, SSIM(Y)=0.8785
U100: PSNR(Y)=29.643, SSIM(Y)=0.8993
M109: PSNR(Y)=35.684, SSIM(Y)=0.9661
Epoch 64/300: Training loss=0.036505, lr=1.79e-03
Epoch 64/300: Validation loss=0.031328
Model saved! Best loss: 0.031328
Set5: PSNR(Y)=36.425, SSIM(Y)=0.9515
Set14: PSNR(Y)=32.118, SSIM(Y)=0.9002
B100: PSNR(Y)=30.873, SSIM(Y)=0.8786
U100: PSNR(Y)=29.652, SSIM(Y)=0.8994
M109: PSNR(Y)=35.749, SSIM(Y)=0.9663
Epoch 65/300: Training loss=0.036533, lr=1.79e-03
Epoch 65/300: Validation loss=0.031324
Model saved! Best loss: 0.031324
Set5: PSNR(Y)=36.401, SSIM(Y)=0.9514
Set14: PSNR(Y)=32.133, SSIM(Y)=0.9001
B100: PSNR(Y)=30.856, SSIM(Y)=0.8783
U100: PSNR(Y)=29.589, SSIM(Y)=0.8984
M109: PSNR(Y)=35.577, SSIM(Y)=0.9657
Epoch 66/300: Training loss=0.036513, lr=1.78e-03
Epoch 66/300: Validation loss=0.031320
Model saved! Best loss: 0.031320
Set5: PSNR(Y)=36.421, SSIM(Y)=0.9515
Set14: PSNR(Y)=32.099, SSIM(Y)=0.9000
B100: PSNR(Y)=30.862, SSIM(Y)=0.8785
U100: PSNR(Y)=29.631, SSIM(Y)=0.8993
M109: PSNR(Y)=35.774, SSIM(Y)=0.9663
Epoch 67/300: Training loss=0.036535, lr=1.77e-03
Epoch 67/300: Validation loss=0.031314
Model saved! Best loss: 0.031314
Set5: PSNR(Y)=36.426, SSIM(Y)=0.9515
Set14: PSNR(Y)=32.085, SSIM(Y)=0.8999
B100: PSNR(Y)=30.864, SSIM(Y)=0.8785
U100: PSNR(Y)=29.654, SSIM(Y)=0.8995
M109: PSNR(Y)=35.748, SSIM(Y)=0.9664
Epoch 68/300: Training loss=0.036454, lr=1.77e-03
Epoch 68/300: Validation loss=0.031312
Model saved! Best loss: 0.031312
Set5: PSNR(Y)=36.428, SSIM(Y)=0.9514
Set14: PSNR(Y)=32.124, SSIM(Y)=0.9001
B100: PSNR(Y)=30.858, SSIM(Y)=0.8785
U100: PSNR(Y)=29.623, SSIM(Y)=0.8988
M109: PSNR(Y)=35.702, SSIM(Y)=0.9662
Epoch 69/300: Training loss=0.036492, lr=1.76e-03
Epoch 69/300: Validation loss=0.031309
Model saved! Best loss: 0.031309
Set5: PSNR(Y)=36.421, SSIM(Y)=0.9514
Set14: PSNR(Y)=32.105, SSIM(Y)=0.8998
B100: PSNR(Y)=30.858, SSIM(Y)=0.8785
U100: PSNR(Y)=29.644, SSIM(Y)=0.8992
M109: PSNR(Y)=35.703, SSIM(Y)=0.9660
Epoch 70/300: Training loss=0.036470, lr=1.75e-03
Epoch 70/300: Validation loss=0.031307
Model saved! Best loss: 0.031307
Set5: PSNR(Y)=36.421, SSIM(Y)=0.9515
Set14: PSNR(Y)=32.143, SSIM(Y)=0.9004
B100: PSNR(Y)=30.870, SSIM(Y)=0.8787
U100: PSNR(Y)=29.641, SSIM(Y)=0.8993
M109: PSNR(Y)=35.706, SSIM(Y)=0.9661
Epoch 71/300: Training loss=0.036507, lr=1.75e-03
Epoch 71/300: Validation loss=0.031313
Epoch 72/300: Training loss=0.036451, lr=1.74e-03
Epoch 72/300: Validation loss=0.031312
Epoch 73/300: Training loss=0.036467, lr=1.73e-03
Epoch 73/300: Validation loss=0.031306
Model saved! Best loss: 0.031306
Set5: PSNR(Y)=36.423, SSIM(Y)=0.9515
Set14: PSNR(Y)=32.098, SSIM(Y)=0.8998
B100: PSNR(Y)=30.871, SSIM(Y)=0.8785
U100: PSNR(Y)=29.692, SSIM(Y)=0.9000
M109: PSNR(Y)=35.703, SSIM(Y)=0.9660
Epoch 74/300: Training loss=0.036513, lr=1.72e-03
Epoch 74/300: Validation loss=0.031300
Model saved! Best loss: 0.031300
Set5: PSNR(Y)=36.437, SSIM(Y)=0.9516
Set14: PSNR(Y)=32.098, SSIM(Y)=0.9000
B100: PSNR(Y)=30.873, SSIM(Y)=0.8787
U100: PSNR(Y)=29.660, SSIM(Y)=0.8996
M109: PSNR(Y)=35.764, SSIM(Y)=0.9662
Epoch 75/300: Training loss=0.036477, lr=1.72e-03
Epoch 75/300: Validation loss=0.031301
Epoch 76/300: Training loss=0.036524, lr=1.71e-03
Epoch 76/300: Validation loss=0.031296
Model saved! Best loss: 0.031296
Set5: PSNR(Y)=36.445, SSIM(Y)=0.9517
Set14: PSNR(Y)=32.118, SSIM(Y)=0.9001
B100: PSNR(Y)=30.879, SSIM(Y)=0.8787
U100: PSNR(Y)=29.684, SSIM(Y)=0.8998
M109: PSNR(Y)=35.751, SSIM(Y)=0.9663
Epoch 77/300: Training loss=0.036412, lr=1.70e-03
Epoch 77/300: Validation loss=0.031289
Model saved! Best loss: 0.031289
Set5: PSNR(Y)=36.410, SSIM(Y)=0.9515
Set14: PSNR(Y)=32.096, SSIM(Y)=0.8998
B100: PSNR(Y)=30.872, SSIM(Y)=0.8786
U100: PSNR(Y)=29.671, SSIM(Y)=0.8999
M109: PSNR(Y)=35.736, SSIM(Y)=0.9662
Epoch 78/300: Training loss=0.036455, lr=1.70e-03
Epoch 78/300: Validation loss=0.031284
Model saved! Best loss: 0.031284
Set5: PSNR(Y)=36.436, SSIM(Y)=0.9515
Set14: PSNR(Y)=32.122, SSIM(Y)=0.9000
B100: PSNR(Y)=30.875, SSIM(Y)=0.8785
U100: PSNR(Y)=29.694, SSIM(Y)=0.9000
M109: PSNR(Y)=35.724, SSIM(Y)=0.9661
Epoch 79/300: Training loss=0.036440, lr=1.69e-03
Epoch 79/300: Validation loss=0.031283
Model saved! Best loss: 0.031283
Set5: PSNR(Y)=36.440, SSIM(Y)=0.9515
Set14: PSNR(Y)=32.140, SSIM(Y)=0.9003
B100: PSNR(Y)=30.868, SSIM(Y)=0.8785
U100: PSNR(Y)=29.644, SSIM(Y)=0.8993
M109: PSNR(Y)=35.745, SSIM(Y)=0.9662
Epoch 80/300: Training loss=0.036476, lr=1.68e-03
Epoch 80/300: Validation loss=0.031279
Model saved! Best loss: 0.031279
Set5: PSNR(Y)=36.433, SSIM(Y)=0.9515
Set14: PSNR(Y)=32.106, SSIM(Y)=0.8998
B100: PSNR(Y)=30.874, SSIM(Y)=0.8785
U100: PSNR(Y)=29.607, SSIM(Y)=0.8990
M109: PSNR(Y)=35.691, SSIM(Y)=0.9660
Epoch 81/300: Training loss=0.036498, lr=1.67e-03
Epoch 81/300: Validation loss=0.031275
Model saved! Best loss: 0.031275
Set5: PSNR(Y)=36.447, SSIM(Y)=0.9516
Set14: PSNR(Y)=32.132, SSIM(Y)=0.9002
B100: PSNR(Y)=30.886, SSIM(Y)=0.8786
U100: PSNR(Y)=29.678, SSIM(Y)=0.8998
M109: PSNR(Y)=35.727, SSIM(Y)=0.9662
Epoch 82/300: Training loss=0.036440, lr=1.66e-03
Epoch 82/300: Validation loss=0.031276
Epoch 83/300: Training loss=0.036515, lr=1.66e-03
Epoch 83/300: Validation loss=0.031276
Epoch 84/300: Training loss=0.036507, lr=1.65e-03
Epoch 84/300: Validation loss=0.031270
Model saved! Best loss: 0.031270
Set5: PSNR(Y)=36.450, SSIM(Y)=0.9516
Set14: PSNR(Y)=32.139, SSIM(Y)=0.9004
B100: PSNR(Y)=30.883, SSIM(Y)=0.8788
U100: PSNR(Y)=29.677, SSIM(Y)=0.8999
M109: PSNR(Y)=35.794, SSIM(Y)=0.9664
Epoch 85/300: Training loss=0.036494, lr=1.64e-03
Epoch 85/300: Validation loss=0.031270
Epoch 86/300: Training loss=0.036419, lr=1.63e-03
Epoch 86/300: Validation loss=0.031268
Model saved! Best loss: 0.031268
Set5: PSNR(Y)=36.440, SSIM(Y)=0.9515
Set14: PSNR(Y)=32.113, SSIM(Y)=0.9003
B100: PSNR(Y)=30.860, SSIM(Y)=0.8787
U100: PSNR(Y)=29.643, SSIM(Y)=0.8994
M109: PSNR(Y)=35.801, SSIM(Y)=0.9665
Epoch 87/300: Training loss=0.036443, lr=1.62e-03
Epoch 87/300: Validation loss=0.031264
Model saved! Best loss: 0.031264
Set5: PSNR(Y)=36.436, SSIM(Y)=0.9516
Set14: PSNR(Y)=32.115, SSIM(Y)=0.9001
B100: PSNR(Y)=30.878, SSIM(Y)=0.8786
U100: PSNR(Y)=29.665, SSIM(Y)=0.8997
M109: PSNR(Y)=35.767, SSIM(Y)=0.9663
Epoch 88/300: Training loss=0.036430, lr=1.62e-03
Epoch 88/300: Validation loss=0.031263
Model saved! Best loss: 0.031263
Set5: PSNR(Y)=36.452, SSIM(Y)=0.9515
Set14: PSNR(Y)=32.124, SSIM(Y)=0.9003
B100: PSNR(Y)=30.868, SSIM(Y)=0.8787
U100: PSNR(Y)=29.630, SSIM(Y)=0.8992
M109: PSNR(Y)=35.812, SSIM(Y)=0.9665
Epoch 89/300: Training loss=0.036484, lr=1.61e-03
Epoch 89/300: Validation loss=0.031260
Model saved! Best loss: 0.031260
Set5: PSNR(Y)=36.429, SSIM(Y)=0.9515
Set14: PSNR(Y)=32.136, SSIM(Y)=0.9003
B100: PSNR(Y)=30.879, SSIM(Y)=0.8788
U100: PSNR(Y)=29.698, SSIM(Y)=0.9000
M109: PSNR(Y)=35.758, SSIM(Y)=0.9663
Epoch 90/300: Training loss=0.036467, lr=1.60e-03
Epoch 90/300: Validation loss=0.031260
Model saved! Best loss: 0.031260
Set5: PSNR(Y)=36.440, SSIM(Y)=0.9516
Set14: PSNR(Y)=32.102, SSIM(Y)=0.8999
B100: PSNR(Y)=30.869, SSIM(Y)=0.8787
U100: PSNR(Y)=29.644, SSIM(Y)=0.8994
M109: PSNR(Y)=35.727, SSIM(Y)=0.9663
Epoch 91/300: Training loss=0.036436, lr=1.59e-03
Epoch 91/300: Validation loss=0.031260
Epoch 92/300: Training loss=0.036461, lr=1.58e-03
Epoch 92/300: Validation loss=0.031260
Model saved! Best loss: 0.031260
Set5: PSNR(Y)=36.452, SSIM(Y)=0.9517
Set14: PSNR(Y)=32.139, SSIM(Y)=0.9005
B100: PSNR(Y)=30.876, SSIM(Y)=0.8787
U100: PSNR(Y)=29.653, SSIM(Y)=0.8995
M109: PSNR(Y)=35.721, SSIM(Y)=0.9662
Epoch 93/300: Training loss=0.036417, lr=1.58e-03
Epoch 93/300: Validation loss=0.031256
Model saved! Best loss: 0.031256
Set5: PSNR(Y)=36.450, SSIM(Y)=0.9516
Set14: PSNR(Y)=32.132, SSIM(Y)=0.9003
B100: PSNR(Y)=30.881, SSIM(Y)=0.8788
U100: PSNR(Y)=29.691, SSIM(Y)=0.9001
M109: PSNR(Y)=35.772, SSIM(Y)=0.9665
Epoch 94/300: Training loss=0.036435, lr=1.57e-03
Epoch 94/300: Validation loss=0.031260
Epoch 95/300: Training loss=0.036412, lr=1.56e-03
Epoch 95/300: Validation loss=0.031258
Epoch 96/300: Training loss=0.036419, lr=1.55e-03
Epoch 96/300: Validation loss=0.031254
Model saved! Best loss: 0.031254
Set5: PSNR(Y)=36.458, SSIM(Y)=0.9516
Set14: PSNR(Y)=32.135, SSIM(Y)=0.9004
B100: PSNR(Y)=30.879, SSIM(Y)=0.8788
U100: PSNR(Y)=29.697, SSIM(Y)=0.9000
M109: PSNR(Y)=35.805, SSIM(Y)=0.9665
Epoch 97/300: Training loss=0.036463, lr=1.54e-03
Epoch 97/300: Validation loss=0.031248
Model saved! Best loss: 0.031248
Set5: PSNR(Y)=36.434, SSIM(Y)=0.9516
Set14: PSNR(Y)=32.119, SSIM(Y)=0.9004
B100: PSNR(Y)=30.873, SSIM(Y)=0.8788
U100: PSNR(Y)=29.713, SSIM(Y)=0.9004
M109: PSNR(Y)=35.803, SSIM(Y)=0.9665
Epoch 98/300: Training loss=0.036409, lr=1.53e-03
Epoch 98/300: Validation loss=0.031242
Model saved! Best loss: 0.031242
Set5: PSNR(Y)=36.411, SSIM(Y)=0.9515
Set14: PSNR(Y)=32.132, SSIM(Y)=0.9002
B100: PSNR(Y)=30.873, SSIM(Y)=0.8788
U100: PSNR(Y)=29.710, SSIM(Y)=0.9004
M109: PSNR(Y)=35.697, SSIM(Y)=0.9663
Epoch 99/300: Training loss=0.036397, lr=1.52e-03
Epoch 99/300: Validation loss=0.031241
Model saved! Best loss: 0.031241
Set5: PSNR(Y)=36.457, SSIM(Y)=0.9517
Set14: PSNR(Y)=32.108, SSIM(Y)=0.9002
B100: PSNR(Y)=30.877, SSIM(Y)=0.8787
U100: PSNR(Y)=29.641, SSIM(Y)=0.8995
M109: PSNR(Y)=35.821, SSIM(Y)=0.9666
Epoch 100/300: Training loss=0.036422, lr=1.51e-03
Epoch 100/300: Validation loss=0.031235
Model saved! Best loss: 0.031235
Set5: PSNR(Y)=36.442, SSIM(Y)=0.9516
Set14: PSNR(Y)=32.133, SSIM(Y)=0.9002
B100: PSNR(Y)=30.889, SSIM(Y)=0.8788
U100: PSNR(Y)=29.710, SSIM(Y)=0.9004
M109: PSNR(Y)=35.797, SSIM(Y)=0.9664
Epoch 101/300: Training loss=0.036418, lr=1.50e-03
Epoch 101/300: Validation loss=0.031232
Model saved! Best loss: 0.031232
Set5: PSNR(Y)=36.456, SSIM(Y)=0.9517
Set14: PSNR(Y)=32.127, SSIM(Y)=0.9003
B100: PSNR(Y)=30.874, SSIM(Y)=0.8788
U100: PSNR(Y)=29.701, SSIM(Y)=0.9001
M109: PSNR(Y)=35.807, SSIM(Y)=0.9666
Epoch 102/300: Training loss=0.036453, lr=1.50e-03
Epoch 102/300: Validation loss=0.031231
Model saved! Best loss: 0.031231
Set5: PSNR(Y)=36.417, SSIM(Y)=0.9515
Set14: PSNR(Y)=32.113, SSIM(Y)=0.9001
B100: PSNR(Y)=30.875, SSIM(Y)=0.8787
U100: PSNR(Y)=29.660, SSIM(Y)=0.8998
M109: PSNR(Y)=35.743, SSIM(Y)=0.9664
Epoch 103/300: Training loss=0.036484, lr=1.49e-03
Epoch 103/300: Validation loss=0.031229
Model saved! Best loss: 0.031229
Set5: PSNR(Y)=36.435, SSIM(Y)=0.9516
Set14: PSNR(Y)=32.111, SSIM(Y)=0.9000
B100: PSNR(Y)=30.880, SSIM(Y)=0.8789
U100: PSNR(Y)=29.730, SSIM(Y)=0.9006
M109: PSNR(Y)=35.749, SSIM(Y)=0.9663
Epoch 104/300: Training loss=0.036384, lr=1.48e-03
Epoch 104/300: Validation loss=0.031226
Model saved! Best loss: 0.031226
Set5: PSNR(Y)=36.454, SSIM(Y)=0.9517
Set14: PSNR(Y)=32.162, SSIM(Y)=0.9007
B100: PSNR(Y)=30.888, SSIM(Y)=0.8789
U100: PSNR(Y)=29.679, SSIM(Y)=0.9000
M109: PSNR(Y)=35.805, SSIM(Y)=0.9666
Epoch 105/300: Training loss=0.036417, lr=1.47e-03
Epoch 105/300: Validation loss=0.031225
Model saved! Best loss: 0.031225
Set5: PSNR(Y)=36.450, SSIM(Y)=0.9517
Set14: PSNR(Y)=32.142, SSIM(Y)=0.9003
B100: PSNR(Y)=30.890, SSIM(Y)=0.8790
U100: PSNR(Y)=29.712, SSIM(Y)=0.9003
M109: PSNR(Y)=35.746, SSIM(Y)=0.9664
Epoch 106/300: Training loss=0.036391, lr=1.46e-03
Epoch 106/300: Validation loss=0.031222
Model saved! Best loss: 0.031222
Set5: PSNR(Y)=36.451, SSIM(Y)=0.9516
Set14: PSNR(Y)=32.123, SSIM(Y)=0.9001
B100: PSNR(Y)=30.890, SSIM(Y)=0.8788
U100: PSNR(Y)=29.719, SSIM(Y)=0.9004
M109: PSNR(Y)=35.760, SSIM(Y)=0.9663
Epoch 107/300: Training loss=0.036407, lr=1.45e-03
Epoch 107/300: Validation loss=0.031218
Model saved! Best loss: 0.031218
Set5: PSNR(Y)=36.455, SSIM(Y)=0.9517
Set14: PSNR(Y)=32.171, SSIM(Y)=0.9006
B100: PSNR(Y)=30.891, SSIM(Y)=0.8788
U100: PSNR(Y)=29.708, SSIM(Y)=0.9003
M109: PSNR(Y)=35.741, SSIM(Y)=0.9662
Epoch 108/300: Training loss=0.036421, lr=1.44e-03
Epoch 108/300: Validation loss=0.031218
Epoch 109/300: Training loss=0.036377, lr=1.43e-03
Epoch 109/300: Validation loss=0.031217
Model saved! Best loss: 0.031217
Set5: PSNR(Y)=36.450, SSIM(Y)=0.9517
Set14: PSNR(Y)=32.099, SSIM(Y)=0.8999
B100: PSNR(Y)=30.867, SSIM(Y)=0.8787
U100: PSNR(Y)=29.689, SSIM(Y)=0.9001
M109: PSNR(Y)=35.748, SSIM(Y)=0.9663
Epoch 110/300: Training loss=0.036447, lr=1.42e-03
Epoch 110/300: Validation loss=0.031212
Model saved! Best loss: 0.031212
Set5: PSNR(Y)=36.437, SSIM(Y)=0.9516
Set14: PSNR(Y)=32.124, SSIM(Y)=0.9003
B100: PSNR(Y)=30.879, SSIM(Y)=0.8787
U100: PSNR(Y)=29.722, SSIM(Y)=0.9005
M109: PSNR(Y)=35.791, SSIM(Y)=0.9664
Epoch 111/300: Training loss=0.036443, lr=1.41e-03
Epoch 111/300: Validation loss=0.031214
Epoch 112/300: Training loss=0.036386, lr=1.40e-03
Epoch 112/300: Validation loss=0.031212
Model saved! Best loss: 0.031212
Set5: PSNR(Y)=36.442, SSIM(Y)=0.9517
Set14: PSNR(Y)=32.122, SSIM(Y)=0.9004
B100: PSNR(Y)=30.886, SSIM(Y)=0.8789
U100: PSNR(Y)=29.707, SSIM(Y)=0.9006
M109: PSNR(Y)=35.812, SSIM(Y)=0.9665
Epoch 113/300: Training loss=0.036410, lr=1.39e-03
Epoch 113/300: Validation loss=0.031209
Model saved! Best loss: 0.031209
Set5: PSNR(Y)=36.455, SSIM(Y)=0.9517
Set14: PSNR(Y)=32.144, SSIM(Y)=0.9004
B100: PSNR(Y)=30.893, SSIM(Y)=0.8788
U100: PSNR(Y)=29.697, SSIM(Y)=0.9002
M109: PSNR(Y)=35.827, SSIM(Y)=0.9665
Epoch 114/300: Training loss=0.036404, lr=1.38e-03
Epoch 114/300: Validation loss=0.031205
Model saved! Best loss: 0.031205
Set5: PSNR(Y)=36.443, SSIM(Y)=0.9516
Set14: PSNR(Y)=32.135, SSIM(Y)=0.9004
B100: PSNR(Y)=30.887, SSIM(Y)=0.8788
U100: PSNR(Y)=29.736, SSIM(Y)=0.9006
M109: PSNR(Y)=35.749, SSIM(Y)=0.9662
Epoch 115/300: Training loss=0.036384, lr=1.37e-03
Epoch 115/300: Validation loss=0.031206
Epoch 116/300: Training loss=0.036395, lr=1.36e-03
Epoch 116/300: Validation loss=0.031202
Model saved! Best loss: 0.031202
Set5: PSNR(Y)=36.405, SSIM(Y)=0.9515
Set14: PSNR(Y)=32.128, SSIM(Y)=0.9004
B100: PSNR(Y)=30.881, SSIM(Y)=0.8789
U100: PSNR(Y)=29.701, SSIM(Y)=0.9006
M109: PSNR(Y)=35.776, SSIM(Y)=0.9666
Epoch 117/300: Training loss=0.036358, lr=1.36e-03
Epoch 117/300: Validation loss=0.031202
Model saved! Best loss: 0.031202
Set5: PSNR(Y)=36.449, SSIM(Y)=0.9517
Set14: PSNR(Y)=32.131, SSIM(Y)=0.9004
B100: PSNR(Y)=30.894, SSIM(Y)=0.8789
U100: PSNR(Y)=29.692, SSIM(Y)=0.9002
M109: PSNR(Y)=35.789, SSIM(Y)=0.9664
Epoch 118/300: Training loss=0.036408, lr=1.35e-03
Epoch 118/300: Validation loss=0.031206
Epoch 119/300: Training loss=0.036362, lr=1.34e-03
Epoch 119/300: Validation loss=0.031206
Epoch 120/300: Training loss=0.036366, lr=1.33e-03
Epoch 120/300: Validation loss=0.031208
Epoch 121/300: Training loss=0.036370, lr=1.32e-03
Epoch 121/300: Validation loss=0.031206
Epoch 122/300: Training loss=0.036423, lr=1.31e-03
Epoch 122/300: Validation loss=0.031200
Model saved! Best loss: 0.031200
Set5: PSNR(Y)=36.423, SSIM(Y)=0.9516
Set14: PSNR(Y)=32.130, SSIM(Y)=0.9001
B100: PSNR(Y)=30.894, SSIM(Y)=0.8787
U100: PSNR(Y)=29.729, SSIM(Y)=0.9008
M109: PSNR(Y)=35.785, SSIM(Y)=0.9664
Epoch 123/300: Training loss=0.036393, lr=1.30e-03
Epoch 123/300: Validation loss=0.031197
Model saved! Best loss: 0.031197
Set5: PSNR(Y)=36.462, SSIM(Y)=0.9517
Set14: PSNR(Y)=32.140, SSIM(Y)=0.9004
B100: PSNR(Y)=30.881, SSIM(Y)=0.8790
U100: PSNR(Y)=29.707, SSIM(Y)=0.9004
M109: PSNR(Y)=35.842, SSIM(Y)=0.9667
Epoch 124/300: Training loss=0.036373, lr=1.29e-03
Epoch 124/300: Validation loss=0.031196
Model saved! Best loss: 0.031196
Set5: PSNR(Y)=36.442, SSIM(Y)=0.9516
Set14: PSNR(Y)=32.122, SSIM(Y)=0.9003
B100: PSNR(Y)=30.889, SSIM(Y)=0.8789
U100: PSNR(Y)=29.726, SSIM(Y)=0.9006
M109: PSNR(Y)=35.823, SSIM(Y)=0.9666
Epoch 125/300: Training loss=0.036335, lr=1.28e-03
Epoch 125/300: Validation loss=0.031193
Model saved! Best loss: 0.031193
Set5: PSNR(Y)=36.445, SSIM(Y)=0.9516
Set14: PSNR(Y)=32.136, SSIM(Y)=0.9002
B100: PSNR(Y)=30.890, SSIM(Y)=0.8789
U100: PSNR(Y)=29.714, SSIM(Y)=0.9004
M109: PSNR(Y)=35.816, SSIM(Y)=0.9666
Epoch 126/300: Training loss=0.036335, lr=1.27e-03
Epoch 126/300: Validation loss=0.031190
Model saved! Best loss: 0.031190
Set5: PSNR(Y)=36.450, SSIM(Y)=0.9517
Set14: PSNR(Y)=32.143, SSIM(Y)=0.9004
B100: PSNR(Y)=30.894, SSIM(Y)=0.8789
U100: PSNR(Y)=29.734, SSIM(Y)=0.9007
M109: PSNR(Y)=35.831, SSIM(Y)=0.9666
Epoch 127/300: Training loss=0.036422, lr=1.26e-03
Epoch 127/300: Validation loss=0.031186
Model saved! Best loss: 0.031186
Set5: PSNR(Y)=36.436, SSIM(Y)=0.9516
Set14: PSNR(Y)=32.139, SSIM(Y)=0.9003
B100: PSNR(Y)=30.897, SSIM(Y)=0.8789
U100: PSNR(Y)=29.764, SSIM(Y)=0.9010
M109: PSNR(Y)=35.770, SSIM(Y)=0.9664
Epoch 128/300: Training loss=0.036331, lr=1.25e-03
Epoch 128/300: Validation loss=0.031185
Model saved! Best loss: 0.031185
Set5: PSNR(Y)=36.464, SSIM(Y)=0.9517
Set14: PSNR(Y)=32.125, SSIM(Y)=0.9002
B100: PSNR(Y)=30.887, SSIM(Y)=0.8788
U100: PSNR(Y)=29.722, SSIM(Y)=0.9005
M109: PSNR(Y)=35.792, SSIM(Y)=0.9664
Epoch 129/300: Training loss=0.036337, lr=1.24e-03
Epoch 129/300: Validation loss=0.031183
Model saved! Best loss: 0.031183
Set5: PSNR(Y)=36.457, SSIM(Y)=0.9517
Set14: PSNR(Y)=32.139, SSIM(Y)=0.9004
B100: PSNR(Y)=30.889, SSIM(Y)=0.8789
U100: PSNR(Y)=29.728, SSIM(Y)=0.9005
M109: PSNR(Y)=35.832, SSIM(Y)=0.9666
Epoch 130/300: Training loss=0.036320, lr=1.23e-03
Epoch 130/300: Validation loss=0.031181
Model saved! Best loss: 0.031181
Set5: PSNR(Y)=36.462, SSIM(Y)=0.9517
Set14: PSNR(Y)=32.147, SSIM(Y)=0.9006
B100: PSNR(Y)=30.898, SSIM(Y)=0.8790
U100: PSNR(Y)=29.756, SSIM(Y)=0.9011
M109: PSNR(Y)=35.800, SSIM(Y)=0.9665
Epoch 131/300: Training loss=0.036373, lr=1.22e-03
Epoch 131/300: Validation loss=0.031181
Epoch 132/300: Training loss=0.036384, lr=1.21e-03
Epoch 132/300: Validation loss=0.031179
Model saved! Best loss: 0.031179
Set5: PSNR(Y)=36.436, SSIM(Y)=0.9516
Set14: PSNR(Y)=32.133, SSIM(Y)=0.9004
B100: PSNR(Y)=30.886, SSIM(Y)=0.8789
U100: PSNR(Y)=29.713, SSIM(Y)=0.9006
M109: PSNR(Y)=35.823, SSIM(Y)=0.9665
Epoch 133/300: Training loss=0.036329, lr=1.20e-03
Epoch 133/300: Validation loss=0.031176
Model saved! Best loss: 0.031176
Set5: PSNR(Y)=36.458, SSIM(Y)=0.9516
Set14: PSNR(Y)=32.139, SSIM(Y)=0.9004
B100: PSNR(Y)=30.892, SSIM(Y)=0.8790
U100: PSNR(Y)=29.732, SSIM(Y)=0.9007
M109: PSNR(Y)=35.825, SSIM(Y)=0.9666
Epoch 134/300: Training loss=0.036347, lr=1.19e-03
Epoch 134/300: Validation loss=0.031173
Model saved! Best loss: 0.031173
Set5: PSNR(Y)=36.448, SSIM(Y)=0.9516
Set14: PSNR(Y)=32.128, SSIM(Y)=0.9001
B100: PSNR(Y)=30.880, SSIM(Y)=0.8789
U100: PSNR(Y)=29.740, SSIM(Y)=0.9009
M109: PSNR(Y)=35.832, SSIM(Y)=0.9666
Epoch 135/300: Training loss=0.036330, lr=1.18e-03
Epoch 135/300: Validation loss=0.031171
Model saved! Best loss: 0.031171
Set5: PSNR(Y)=36.446, SSIM(Y)=0.9515
Set14: PSNR(Y)=32.136, SSIM(Y)=0.9004
B100: PSNR(Y)=30.896, SSIM(Y)=0.8790
U100: PSNR(Y)=29.748, SSIM(Y)=0.9008
M109: PSNR(Y)=35.808, SSIM(Y)=0.9665
Epoch 136/300: Training loss=0.036305, lr=1.16e-03
Epoch 136/300: Validation loss=0.031170
Model saved! Best loss: 0.031170
Set5: PSNR(Y)=36.454, SSIM(Y)=0.9516
Set14: PSNR(Y)=32.141, SSIM(Y)=0.9005
B100: PSNR(Y)=30.896, SSIM(Y)=0.8789
U100: PSNR(Y)=29.743, SSIM(Y)=0.9008
M109: PSNR(Y)=35.790, SSIM(Y)=0.9665
Epoch 137/300: Training loss=0.036304, lr=1.15e-03
Epoch 137/300: Validation loss=0.031169
Model saved! Best loss: 0.031169
Set5: PSNR(Y)=36.461, SSIM(Y)=0.9517
Set14: PSNR(Y)=32.148, SSIM(Y)=0.9004
B100: PSNR(Y)=30.895, SSIM(Y)=0.8789
U100: PSNR(Y)=29.727, SSIM(Y)=0.9005
M109: PSNR(Y)=35.775, SSIM(Y)=0.9665
Epoch 138/300: Training loss=0.036322, lr=1.14e-03
Epoch 138/300: Validation loss=0.031165
Model saved! Best loss: 0.031165
Set5: PSNR(Y)=36.430, SSIM(Y)=0.9515
Set14: PSNR(Y)=32.145, SSIM(Y)=0.9002
B100: PSNR(Y)=30.891, SSIM(Y)=0.8788
U100: PSNR(Y)=29.750, SSIM(Y)=0.9010
M109: PSNR(Y)=35.766, SSIM(Y)=0.9663
Epoch 139/300: Training loss=0.036339, lr=1.13e-03
Epoch 139/300: Validation loss=0.031165
Model saved! Best loss: 0.031165
Set5: PSNR(Y)=36.445, SSIM(Y)=0.9515
Set14: PSNR(Y)=32.112, SSIM(Y)=0.9001
B100: PSNR(Y)=30.888, SSIM(Y)=0.8788
U100: PSNR(Y)=29.756, SSIM(Y)=0.9009
M109: PSNR(Y)=35.693, SSIM(Y)=0.9662
Epoch 140/300: Training loss=0.036345, lr=1.12e-03
Epoch 140/300: Validation loss=0.031164
Model saved! Best loss: 0.031164
Set5: PSNR(Y)=36.447, SSIM(Y)=0.9516
Set14: PSNR(Y)=32.124, SSIM(Y)=0.9003
B100: PSNR(Y)=30.894, SSIM(Y)=0.8790
U100: PSNR(Y)=29.749, SSIM(Y)=0.9009
M109: PSNR(Y)=35.784, SSIM(Y)=0.9665
Epoch 141/300: Training loss=0.036303, lr=1.11e-03
Epoch 141/300: Validation loss=0.031162
Model saved! Best loss: 0.031162
Set5: PSNR(Y)=36.451, SSIM(Y)=0.9517
Set14: PSNR(Y)=32.129, SSIM(Y)=0.9003
B100: PSNR(Y)=30.892, SSIM(Y)=0.8791
U100: PSNR(Y)=29.757, SSIM(Y)=0.9009
M109: PSNR(Y)=35.789, SSIM(Y)=0.9666
Epoch 142/300: Training loss=0.036307, lr=1.10e-03
Epoch 142/300: Validation loss=0.031160
Model saved! Best loss: 0.031160
Set5: PSNR(Y)=36.440, SSIM(Y)=0.9515
Set14: PSNR(Y)=32.106, SSIM(Y)=0.8997
B100: PSNR(Y)=30.884, SSIM(Y)=0.8786
U100: PSNR(Y)=29.757, SSIM(Y)=0.9009
M109: PSNR(Y)=35.749, SSIM(Y)=0.9661
Epoch 143/300: Training loss=0.036360, lr=1.09e-03
Epoch 143/300: Validation loss=0.031160
Model saved! Best loss: 0.031160
Set5: PSNR(Y)=36.446, SSIM(Y)=0.9516
Set14: PSNR(Y)=32.113, SSIM(Y)=0.9000
B100: PSNR(Y)=30.880, SSIM(Y)=0.8786
U100: PSNR(Y)=29.681, SSIM(Y)=0.8998
M109: PSNR(Y)=35.805, SSIM(Y)=0.9664
Epoch 144/300: Training loss=0.036360, lr=1.08e-03
Epoch 144/300: Validation loss=0.031159
Model saved! Best loss: 0.031159
Set5: PSNR(Y)=36.453, SSIM(Y)=0.9516
Set14: PSNR(Y)=32.153, SSIM(Y)=0.9007
B100: PSNR(Y)=30.893, SSIM(Y)=0.8790
U100: PSNR(Y)=29.738, SSIM(Y)=0.9007
M109: PSNR(Y)=35.822, SSIM(Y)=0.9666
Epoch 145/300: Training loss=0.036335, lr=1.07e-03
Epoch 145/300: Validation loss=0.031158
Model saved! Best loss: 0.031158
Set5: PSNR(Y)=36.459, SSIM(Y)=0.9516
Set14: PSNR(Y)=32.139, SSIM(Y)=0.9006
B100: PSNR(Y)=30.896, SSIM(Y)=0.8790
U100: PSNR(Y)=29.742, SSIM(Y)=0.9008
M109: PSNR(Y)=35.761, SSIM(Y)=0.9663
Epoch 146/300: Training loss=0.036319, lr=1.06e-03
Epoch 146/300: Validation loss=0.031158
Epoch 147/300: Training loss=0.036337, lr=1.05e-03
Epoch 147/300: Validation loss=0.031155
Model saved! Best loss: 0.031155
Set5: PSNR(Y)=36.449, SSIM(Y)=0.9517
Set14: PSNR(Y)=32.143, SSIM(Y)=0.9004
B100: PSNR(Y)=30.897, SSIM(Y)=0.8789
U100: PSNR(Y)=29.757, SSIM(Y)=0.9011
M109: PSNR(Y)=35.791, SSIM(Y)=0.9665
Epoch 148/300: Training loss=0.036294, lr=1.04e-03
Epoch 148/300: Validation loss=0.031155
Model saved! Best loss: 0.031155
Set5: PSNR(Y)=36.469, SSIM(Y)=0.9517
Set14: PSNR(Y)=32.126, SSIM(Y)=0.9004
B100: PSNR(Y)=30.890, SSIM(Y)=0.8790
U100: PSNR(Y)=29.710, SSIM(Y)=0.9005
M109: PSNR(Y)=35.826, SSIM(Y)=0.9668
Epoch 149/300: Training loss=0.036360, lr=1.03e-03
Epoch 149/300: Validation loss=0.031152
Model saved! Best loss: 0.031152
Set5: PSNR(Y)=36.451, SSIM(Y)=0.9516
Set14: PSNR(Y)=32.153, SSIM(Y)=0.9004
B100: PSNR(Y)=30.897, SSIM(Y)=0.8791
U100: PSNR(Y)=29.760, SSIM(Y)=0.9010
M109: PSNR(Y)=35.826, SSIM(Y)=0.9667
Epoch 150/300: Training loss=0.036350, lr=1.02e-03
Epoch 150/300: Validation loss=0.031150
Model saved! Best loss: 0.031150
Set5: PSNR(Y)=36.456, SSIM(Y)=0.9518
Set14: PSNR(Y)=32.113, SSIM(Y)=0.9003
B100: PSNR(Y)=30.888, SSIM(Y)=0.8790
U100: PSNR(Y)=29.727, SSIM(Y)=0.9006
M109: PSNR(Y)=35.859, SSIM(Y)=0.9667
Epoch 151/300: Training loss=0.036283, lr=1.01e-03
Epoch 151/300: Validation loss=0.031148
Model saved! Best loss: 0.031148
Set5: PSNR(Y)=36.461, SSIM(Y)=0.9517
Set14: PSNR(Y)=32.152, SSIM(Y)=0.9006
B100: PSNR(Y)=30.897, SSIM(Y)=0.8790
U100: PSNR(Y)=29.733, SSIM(Y)=0.9005
M109: PSNR(Y)=35.857, SSIM(Y)=0.9666
Epoch 152/300: Training loss=0.036284, lr=1.00e-03
Epoch 152/300: Validation loss=0.031145
Model saved! Best loss: 0.031145
Set5: PSNR(Y)=36.448, SSIM(Y)=0.9517
Set14: PSNR(Y)=32.156, SSIM(Y)=0.9006
B100: PSNR(Y)=30.904, SSIM(Y)=0.8790
U100: PSNR(Y)=29.790, SSIM(Y)=0.9015
M109: PSNR(Y)=35.797, SSIM(Y)=0.9665
Epoch 153/300: Training loss=0.036311, lr=9.89e-04
Epoch 153/300: Validation loss=0.031146
Epoch 154/300: Training loss=0.036358, lr=9.79e-04
Epoch 154/300: Validation loss=0.031144
Model saved! Best loss: 0.031144
Set5: PSNR(Y)=36.442, SSIM(Y)=0.9516
Set14: PSNR(Y)=32.140, SSIM(Y)=0.9005
B100: PSNR(Y)=30.900, SSIM(Y)=0.8789
U100: PSNR(Y)=29.777, SSIM(Y)=0.9014
M109: PSNR(Y)=35.824, SSIM(Y)=0.9665
Epoch 155/300: Training loss=0.036349, lr=9.69e-04
Epoch 155/300: Validation loss=0.031145
Epoch 156/300: Training loss=0.036336, lr=9.58e-04
Epoch 156/300: Validation loss=0.031143
Model saved! Best loss: 0.031143
Set5: PSNR(Y)=36.455, SSIM(Y)=0.9516
Set14: PSNR(Y)=32.164, SSIM(Y)=0.9007
B100: PSNR(Y)=30.903, SSIM(Y)=0.8791
U100: PSNR(Y)=29.756, SSIM(Y)=0.9009
M109: PSNR(Y)=35.828, SSIM(Y)=0.9666
Epoch 157/300: Training loss=0.036280, lr=9.48e-04
Epoch 157/300: Validation loss=0.031144
Epoch 158/300: Training loss=0.036336, lr=9.37e-04
Epoch 158/300: Validation loss=0.031141
Model saved! Best loss: 0.031141
Set5: PSNR(Y)=36.453, SSIM(Y)=0.9517
Set14: PSNR(Y)=32.165, SSIM(Y)=0.9007
B100: PSNR(Y)=30.906, SSIM(Y)=0.8791
U100: PSNR(Y)=29.752, SSIM(Y)=0.9009
M109: PSNR(Y)=35.832, SSIM(Y)=0.9666
Epoch 159/300: Training loss=0.036353, lr=9.27e-04
Epoch 159/300: Validation loss=0.031139
Model saved! Best loss: 0.031139
Set5: PSNR(Y)=36.455, SSIM(Y)=0.9516
Set14: PSNR(Y)=32.142, SSIM(Y)=0.9005
B100: PSNR(Y)=30.902, SSIM(Y)=0.8791
U100: PSNR(Y)=29.775, SSIM(Y)=0.9011
M109: PSNR(Y)=35.777, SSIM(Y)=0.9664
Epoch 160/300: Training loss=0.036340, lr=9.17e-04
Epoch 160/300: Validation loss=0.031142
Epoch 161/300: Training loss=0.036271, lr=9.07e-04
Epoch 161/300: Validation loss=0.031140
Epoch 162/300: Training loss=0.036264, lr=8.96e-04
Epoch 162/300: Validation loss=0.031137
Model saved! Best loss: 0.031137
Set5: PSNR(Y)=36.458, SSIM(Y)=0.9517
Set14: PSNR(Y)=32.137, SSIM(Y)=0.9005
B100: PSNR(Y)=30.902, SSIM(Y)=0.8792
U100: PSNR(Y)=29.787, SSIM(Y)=0.9015
M109: PSNR(Y)=35.847, SSIM(Y)=0.9666
Epoch 163/300: Training loss=0.036312, lr=8.86e-04
Epoch 163/300: Validation loss=0.031135
Model saved! Best loss: 0.031135
Set5: PSNR(Y)=36.460, SSIM(Y)=0.9517
Set14: PSNR(Y)=32.164, SSIM(Y)=0.9008
B100: PSNR(Y)=30.906, SSIM(Y)=0.8791
U100: PSNR(Y)=29.765, SSIM(Y)=0.9011
M109: PSNR(Y)=35.801, SSIM(Y)=0.9665
Epoch 164/300: Training loss=0.036298, lr=8.76e-04
Epoch 164/300: Validation loss=0.031132
Model saved! Best loss: 0.031132
Set5: PSNR(Y)=36.475, SSIM(Y)=0.9517
Set14: PSNR(Y)=32.155, SSIM(Y)=0.9005
B100: PSNR(Y)=30.899, SSIM(Y)=0.8791
U100: PSNR(Y)=29.786, SSIM(Y)=0.9015
M109: PSNR(Y)=35.843, SSIM(Y)=0.9666
Epoch 165/300: Training loss=0.036301, lr=8.65e-04
Epoch 165/300: Validation loss=0.031129
Model saved! Best loss: 0.031129
Set5: PSNR(Y)=36.480, SSIM(Y)=0.9518
Set14: PSNR(Y)=32.154, SSIM(Y)=0.9006
B100: PSNR(Y)=30.905, SSIM(Y)=0.8791
U100: PSNR(Y)=29.777, SSIM(Y)=0.9013
M109: PSNR(Y)=35.836, SSIM(Y)=0.9666
Epoch 166/300: Training loss=0.036319, lr=8.55e-04
Epoch 166/300: Validation loss=0.031129
Model saved! Best loss: 0.031129
Set5: PSNR(Y)=36.465, SSIM(Y)=0.9517
Set14: PSNR(Y)=32.161, SSIM(Y)=0.9007
B100: PSNR(Y)=30.898, SSIM(Y)=0.8789
U100: PSNR(Y)=29.724, SSIM(Y)=0.9005
M109: PSNR(Y)=35.850, SSIM(Y)=0.9667
Epoch 167/300: Training loss=0.036309, lr=8.45e-04
Epoch 167/300: Validation loss=0.031129
Epoch 168/300: Training loss=0.036328, lr=8.35e-04
Epoch 168/300: Validation loss=0.031128
Model saved! Best loss: 0.031128
Set5: PSNR(Y)=36.457, SSIM(Y)=0.9516
Set14: PSNR(Y)=32.150, SSIM(Y)=0.9005
B100: PSNR(Y)=30.899, SSIM(Y)=0.8789
U100: PSNR(Y)=29.744, SSIM(Y)=0.9009
M109: PSNR(Y)=35.826, SSIM(Y)=0.9665
Epoch 169/300: Training loss=0.036298, lr=8.24e-04
Epoch 169/300: Validation loss=0.031128
Model saved! Best loss: 0.031128
Set5: PSNR(Y)=36.472, SSIM(Y)=0.9517
Set14: PSNR(Y)=32.152, SSIM(Y)=0.9006
B100: PSNR(Y)=30.902, SSIM(Y)=0.8790
U100: PSNR(Y)=29.774, SSIM(Y)=0.9011
M109: PSNR(Y)=35.840, SSIM(Y)=0.9666
Epoch 170/300: Training loss=0.036299, lr=8.14e-04
Epoch 170/300: Validation loss=0.031127
Model saved! Best loss: 0.031127
Set5: PSNR(Y)=36.461, SSIM(Y)=0.9517
Set14: PSNR(Y)=32.138, SSIM(Y)=0.9006
B100: PSNR(Y)=30.896, SSIM(Y)=0.8791
U100: PSNR(Y)=29.769, SSIM(Y)=0.9013
M109: PSNR(Y)=35.842, SSIM(Y)=0.9667
Epoch 171/300: Training loss=0.036325, lr=8.04e-04
Epoch 171/300: Validation loss=0.031126
Model saved! Best loss: 0.031126
Set5: PSNR(Y)=36.465, SSIM(Y)=0.9517
Set14: PSNR(Y)=32.152, SSIM(Y)=0.9007
B100: PSNR(Y)=30.894, SSIM(Y)=0.8789
U100: PSNR(Y)=29.720, SSIM(Y)=0.9004
M109: PSNR(Y)=35.864, SSIM(Y)=0.9667
Epoch 172/300: Training loss=0.036264, lr=7.94e-04
Epoch 172/300: Validation loss=0.031125
Model saved! Best loss: 0.031125
Set5: PSNR(Y)=36.475, SSIM(Y)=0.9517
Set14: PSNR(Y)=32.153, SSIM(Y)=0.9005
B100: PSNR(Y)=30.896, SSIM(Y)=0.8790
U100: PSNR(Y)=29.758, SSIM(Y)=0.9010
M109: PSNR(Y)=35.860, SSIM(Y)=0.9667
Epoch 173/300: Training loss=0.036302, lr=7.84e-04
Epoch 173/300: Validation loss=0.031123
Model saved! Best loss: 0.031123
Set5: PSNR(Y)=36.451, SSIM(Y)=0.9516
Set14: PSNR(Y)=32.152, SSIM(Y)=0.9005
B100: PSNR(Y)=30.914, SSIM(Y)=0.8790
U100: PSNR(Y)=29.806, SSIM(Y)=0.9017
M109: PSNR(Y)=35.746, SSIM(Y)=0.9662
Epoch 174/300: Training loss=0.036273, lr=7.74e-04
Epoch 174/300: Validation loss=0.031122
Model saved! Best loss: 0.031122
Set5: PSNR(Y)=36.467, SSIM(Y)=0.9517
Set14: PSNR(Y)=32.138, SSIM(Y)=0.9005
B100: PSNR(Y)=30.901, SSIM(Y)=0.8791
U100: PSNR(Y)=29.775, SSIM(Y)=0.9013
M109: PSNR(Y)=35.839, SSIM(Y)=0.9667
Epoch 175/300: Training loss=0.036269, lr=7.64e-04
Epoch 175/300: Validation loss=0.031120
Model saved! Best loss: 0.031120
Set5: PSNR(Y)=36.468, SSIM(Y)=0.9517
Set14: PSNR(Y)=32.145, SSIM(Y)=0.9005
B100: PSNR(Y)=30.900, SSIM(Y)=0.8791
U100: PSNR(Y)=29.782, SSIM(Y)=0.9014
M109: PSNR(Y)=35.860, SSIM(Y)=0.9667
Epoch 176/300: Training loss=0.036258, lr=7.54e-04
Epoch 176/300: Validation loss=0.031119
Model saved! Best loss: 0.031119
Set5: PSNR(Y)=36.478, SSIM(Y)=0.9518
Set14: PSNR(Y)=32.174, SSIM(Y)=0.9009
B100: PSNR(Y)=30.908, SSIM(Y)=0.8792
U100: PSNR(Y)=29.768, SSIM(Y)=0.9012
M109: PSNR(Y)=35.855, SSIM(Y)=0.9667
Epoch 177/300: Training loss=0.036340, lr=7.44e-04
Epoch 177/300: Validation loss=0.031117
Model saved! Best loss: 0.031117
Set5: PSNR(Y)=36.470, SSIM(Y)=0.9516
Set14: PSNR(Y)=32.167, SSIM(Y)=0.9008
B100: PSNR(Y)=30.901, SSIM(Y)=0.8791
U100: PSNR(Y)=29.782, SSIM(Y)=0.9014
M109: PSNR(Y)=35.840, SSIM(Y)=0.9667
Epoch 178/300: Training loss=0.036237, lr=7.34e-04
Epoch 178/300: Validation loss=0.031116
Model saved! Best loss: 0.031116
Set5: PSNR(Y)=36.476, SSIM(Y)=0.9517
Set14: PSNR(Y)=32.148, SSIM(Y)=0.9007
B100: PSNR(Y)=30.898, SSIM(Y)=0.8791
U100: PSNR(Y)=29.751, SSIM(Y)=0.9011
M109: PSNR(Y)=35.872, SSIM(Y)=0.9668
Epoch 179/300: Training loss=0.036298, lr=7.24e-04
Epoch 179/300: Validation loss=0.031116
Epoch 180/300: Training loss=0.036307, lr=7.14e-04
Epoch 180/300: Validation loss=0.031115
Model saved! Best loss: 0.031115
Set5: PSNR(Y)=36.462, SSIM(Y)=0.9517
Set14: PSNR(Y)=32.162, SSIM(Y)=0.9007
B100: PSNR(Y)=30.910, SSIM(Y)=0.8791
U100: PSNR(Y)=29.801, SSIM(Y)=0.9016
M109: PSNR(Y)=35.828, SSIM(Y)=0.9666
Epoch 181/300: Training loss=0.036343, lr=7.04e-04
Epoch 181/300: Validation loss=0.031114
Model saved! Best loss: 0.031114
Set5: PSNR(Y)=36.466, SSIM(Y)=0.9517
Set14: PSNR(Y)=32.141, SSIM(Y)=0.9006
B100: PSNR(Y)=30.908, SSIM(Y)=0.8791
U100: PSNR(Y)=29.799, SSIM(Y)=0.9016
M109: PSNR(Y)=35.825, SSIM(Y)=0.9666
Epoch 182/300: Training loss=0.036283, lr=6.94e-04
Epoch 182/300: Validation loss=0.031114
Model saved! Best loss: 0.031114
Set5: PSNR(Y)=36.462, SSIM(Y)=0.9517
Set14: PSNR(Y)=32.135, SSIM(Y)=0.9006
B100: PSNR(Y)=30.900, SSIM(Y)=0.8791
U100: PSNR(Y)=29.768, SSIM(Y)=0.9011
M109: PSNR(Y)=35.869, SSIM(Y)=0.9667
Epoch 183/300: Training loss=0.036326, lr=6.84e-04
Epoch 183/300: Validation loss=0.031114
Model saved! Best loss: 0.031114
Set5: PSNR(Y)=36.477, SSIM(Y)=0.9518
Set14: PSNR(Y)=32.133, SSIM(Y)=0.9006
B100: PSNR(Y)=30.896, SSIM(Y)=0.8791
U100: PSNR(Y)=29.762, SSIM(Y)=0.9011
M109: PSNR(Y)=35.865, SSIM(Y)=0.9668
Epoch 184/300: Training loss=0.036224, lr=6.75e-04
Epoch 184/300: Validation loss=0.031113
Model saved! Best loss: 0.031113
Set5: PSNR(Y)=36.472, SSIM(Y)=0.9517
Set14: PSNR(Y)=32.172, SSIM(Y)=0.9009
B100: PSNR(Y)=30.903, SSIM(Y)=0.8790
U100: PSNR(Y)=29.754, SSIM(Y)=0.9010
M109: PSNR(Y)=35.850, SSIM(Y)=0.9666
Epoch 185/300: Training loss=0.036319, lr=6.65e-04
Epoch 185/300: Validation loss=0.031113
Model saved! Best loss: 0.031113
Set5: PSNR(Y)=36.481, SSIM(Y)=0.9518
Set14: PSNR(Y)=32.143, SSIM(Y)=0.9007
B100: PSNR(Y)=30.896, SSIM(Y)=0.8791
U100: PSNR(Y)=29.759, SSIM(Y)=0.9011
M109: PSNR(Y)=35.876, SSIM(Y)=0.9668
Epoch 186/300: Training loss=0.036274, lr=6.55e-04
Epoch 186/300: Validation loss=0.031111
Model saved! Best loss: 0.031111
Set5: PSNR(Y)=36.470, SSIM(Y)=0.9517
Set14: PSNR(Y)=32.162, SSIM(Y)=0.9008
B100: PSNR(Y)=30.910, SSIM(Y)=0.8791
U100: PSNR(Y)=29.785, SSIM(Y)=0.9013
M109: PSNR(Y)=35.855, SSIM(Y)=0.9667
Epoch 187/300: Training loss=0.036311, lr=6.46e-04
Epoch 187/300: Validation loss=0.031110
Model saved! Best loss: 0.031110
Set5: PSNR(Y)=36.478, SSIM(Y)=0.9518
Set14: PSNR(Y)=32.171, SSIM(Y)=0.9009
B100: PSNR(Y)=30.908, SSIM(Y)=0.8791
U100: PSNR(Y)=29.761, SSIM(Y)=0.9010
M109: PSNR(Y)=35.843, SSIM(Y)=0.9667
Epoch 188/300: Training loss=0.036272, lr=6.36e-04
Epoch 188/300: Validation loss=0.031109
Model saved! Best loss: 0.031109
Set5: PSNR(Y)=36.456, SSIM(Y)=0.9516
Set14: PSNR(Y)=32.146, SSIM(Y)=0.9005
B100: PSNR(Y)=30.902, SSIM(Y)=0.8791
U100: PSNR(Y)=29.777, SSIM(Y)=0.9012
M109: PSNR(Y)=35.839, SSIM(Y)=0.9666
Epoch 189/300: Training loss=0.036311, lr=6.26e-04
Epoch 189/300: Validation loss=0.031108
Model saved! Best loss: 0.031108
Set5: PSNR(Y)=36.470, SSIM(Y)=0.9517
Set14: PSNR(Y)=32.141, SSIM(Y)=0.9005
B100: PSNR(Y)=30.906, SSIM(Y)=0.8790
U100: PSNR(Y)=29.792, SSIM(Y)=0.9015
M109: PSNR(Y)=35.855, SSIM(Y)=0.9667
Epoch 190/300: Training loss=0.036243, lr=6.17e-04
Epoch 190/300: Validation loss=0.031107
Model saved! Best loss: 0.031107
Set5: PSNR(Y)=36.464, SSIM(Y)=0.9517
Set14: PSNR(Y)=32.163, SSIM(Y)=0.9007
B100: PSNR(Y)=30.907, SSIM(Y)=0.8792
U100: PSNR(Y)=29.788, SSIM(Y)=0.9015
M109: PSNR(Y)=35.840, SSIM(Y)=0.9666
Epoch 191/300: Training loss=0.036266, lr=6.07e-04
Epoch 191/300: Validation loss=0.031106
Model saved! Best loss: 0.031106
Set5: PSNR(Y)=36.471, SSIM(Y)=0.9517
Set14: PSNR(Y)=32.147, SSIM(Y)=0.9006
B100: PSNR(Y)=30.905, SSIM(Y)=0.8791
U100: PSNR(Y)=29.789, SSIM(Y)=0.9014
M109: PSNR(Y)=35.864, SSIM(Y)=0.9667
Epoch 192/300: Training loss=0.036318, lr=5.98e-04
Epoch 192/300: Validation loss=0.031105
Model saved! Best loss: 0.031105
Set5: PSNR(Y)=36.460, SSIM(Y)=0.9517
Set14: PSNR(Y)=32.161, SSIM(Y)=0.9009
B100: PSNR(Y)=30.900, SSIM(Y)=0.8790
U100: PSNR(Y)=29.762, SSIM(Y)=0.9010
M109: PSNR(Y)=35.850, SSIM(Y)=0.9667
Epoch 193/300: Training loss=0.036242, lr=5.88e-04
Epoch 193/300: Validation loss=0.031105
Epoch 194/300: Training loss=0.036260, lr=5.79e-04
Epoch 194/300: Validation loss=0.031103
Model saved! Best loss: 0.031103
Set5: PSNR(Y)=36.462, SSIM(Y)=0.9517
Set14: PSNR(Y)=32.150, SSIM(Y)=0.9006
B100: PSNR(Y)=30.901, SSIM(Y)=0.8790
U100: PSNR(Y)=29.786, SSIM(Y)=0.9014
M109: PSNR(Y)=35.881, SSIM(Y)=0.9667
Epoch 195/300: Training loss=0.036253, lr=5.70e-04
Epoch 195/300: Validation loss=0.031102
Model saved! Best loss: 0.031102
Set5: PSNR(Y)=36.457, SSIM(Y)=0.9516
Set14: PSNR(Y)=32.146, SSIM(Y)=0.9004
B100: PSNR(Y)=30.914, SSIM(Y)=0.8791
U100: PSNR(Y)=29.812, SSIM(Y)=0.9018
M109: PSNR(Y)=35.815, SSIM(Y)=0.9665
Epoch 196/300: Training loss=0.036307, lr=5.61e-04
Epoch 196/300: Validation loss=0.031101
Model saved! Best loss: 0.031101
Set5: PSNR(Y)=36.477, SSIM(Y)=0.9517
Set14: PSNR(Y)=32.143, SSIM(Y)=0.9005
B100: PSNR(Y)=30.912, SSIM(Y)=0.8792
U100: PSNR(Y)=29.803, SSIM(Y)=0.9016
M109: PSNR(Y)=35.841, SSIM(Y)=0.9666
Epoch 197/300: Training loss=0.036293, lr=5.51e-04
Epoch 197/300: Validation loss=0.031100
Model saved! Best loss: 0.031100
Set5: PSNR(Y)=36.481, SSIM(Y)=0.9517
Set14: PSNR(Y)=32.154, SSIM(Y)=0.9005
B100: PSNR(Y)=30.908, SSIM(Y)=0.8791
U100: PSNR(Y)=29.787, SSIM(Y)=0.9014
M109: PSNR(Y)=35.857, SSIM(Y)=0.9667
Epoch 198/300: Training loss=0.036285, lr=5.42e-04
Epoch 198/300: Validation loss=0.031100
Model saved! Best loss: 0.031100
Set5: PSNR(Y)=36.472, SSIM(Y)=0.9518
Set14: PSNR(Y)=32.135, SSIM(Y)=0.9006
B100: PSNR(Y)=30.906, SSIM(Y)=0.8792
U100: PSNR(Y)=29.793, SSIM(Y)=0.9016
M109: PSNR(Y)=35.877, SSIM(Y)=0.9668
Epoch 199/300: Training loss=0.036273, lr=5.33e-04
Epoch 199/300: Validation loss=0.031099
Model saved! Best loss: 0.031099
Set5: PSNR(Y)=36.457, SSIM(Y)=0.9517
Set14: PSNR(Y)=32.157, SSIM(Y)=0.9007
B100: PSNR(Y)=30.911, SSIM(Y)=0.8791
U100: PSNR(Y)=29.801, SSIM(Y)=0.9015
M109: PSNR(Y)=35.833, SSIM(Y)=0.9666
Epoch 200/300: Training loss=0.036280, lr=5.24e-04
Epoch 200/300: Validation loss=0.031099
Epoch 201/300: Training loss=0.036268, lr=5.15e-04
Epoch 201/300: Validation loss=0.031098
Model saved! Best loss: 0.031098
Set5: PSNR(Y)=36.481, SSIM(Y)=0.9518
Set14: PSNR(Y)=32.164, SSIM(Y)=0.9009
B100: PSNR(Y)=30.907, SSIM(Y)=0.8792
U100: PSNR(Y)=29.787, SSIM(Y)=0.9015
M109: PSNR(Y)=35.896, SSIM(Y)=0.9668
Epoch 202/300: Training loss=0.036219, lr=5.06e-04
Epoch 202/300: Validation loss=0.031098
Epoch 203/300: Training loss=0.036286, lr=4.97e-04
Epoch 203/300: Validation loss=0.031098
Model saved! Best loss: 0.031098
Set5: PSNR(Y)=36.472, SSIM(Y)=0.9517
Set14: PSNR(Y)=32.148, SSIM(Y)=0.9007
B100: PSNR(Y)=30.905, SSIM(Y)=0.8792
U100: PSNR(Y)=29.786, SSIM(Y)=0.9015
M109: PSNR(Y)=35.878, SSIM(Y)=0.9668
Epoch 204/300: Training loss=0.036272, lr=4.88e-04
Epoch 204/300: Validation loss=0.031096
Model saved! Best loss: 0.031096
Set5: PSNR(Y)=36.476, SSIM(Y)=0.9517
Set14: PSNR(Y)=32.159, SSIM(Y)=0.9008
B100: PSNR(Y)=30.910, SSIM(Y)=0.8792
U100: PSNR(Y)=29.804, SSIM(Y)=0.9015
M109: PSNR(Y)=35.864, SSIM(Y)=0.9668
Epoch 205/300: Training loss=0.036239, lr=4.80e-04
Epoch 205/300: Validation loss=0.031095
Model saved! Best loss: 0.031095
Set5: PSNR(Y)=36.472, SSIM(Y)=0.9518
Set14: PSNR(Y)=32.162, SSIM(Y)=0.9007
B100: PSNR(Y)=30.906, SSIM(Y)=0.8791
U100: PSNR(Y)=29.781, SSIM(Y)=0.9014
M109: PSNR(Y)=35.822, SSIM(Y)=0.9667
Epoch 206/300: Training loss=0.036263, lr=4.71e-04
Epoch 206/300: Validation loss=0.031095
Model saved! Best loss: 0.031095
Set5: PSNR(Y)=36.471, SSIM(Y)=0.9517
Set14: PSNR(Y)=32.163, SSIM(Y)=0.9009
B100: PSNR(Y)=30.908, SSIM(Y)=0.8791
U100: PSNR(Y)=29.792, SSIM(Y)=0.9013
M109: PSNR(Y)=35.859, SSIM(Y)=0.9667
Epoch 207/300: Training loss=0.036280, lr=4.62e-04
Epoch 207/300: Validation loss=0.031095
Model saved! Best loss: 0.031095
Set5: PSNR(Y)=36.476, SSIM(Y)=0.9518
Set14: PSNR(Y)=32.165, SSIM(Y)=0.9008
B100: PSNR(Y)=30.912, SSIM(Y)=0.8791
U100: PSNR(Y)=29.802, SSIM(Y)=0.9016
M109: PSNR(Y)=35.835, SSIM(Y)=0.9667
Epoch 208/300: Training loss=0.036278, lr=4.54e-04
Epoch 208/300: Validation loss=0.031094
Model saved! Best loss: 0.031094
Set5: PSNR(Y)=36.473, SSIM(Y)=0.9518
Set14: PSNR(Y)=32.166, SSIM(Y)=0.9008
B100: PSNR(Y)=30.913, SSIM(Y)=0.8792
U100: PSNR(Y)=29.806, SSIM(Y)=0.9015
M109: PSNR(Y)=35.866, SSIM(Y)=0.9667
Epoch 209/300: Training loss=0.036221, lr=4.45e-04
Epoch 209/300: Validation loss=0.031092
Model saved! Best loss: 0.031092
Set5: PSNR(Y)=36.473, SSIM(Y)=0.9517
Set14: PSNR(Y)=32.134, SSIM(Y)=0.9007
B100: PSNR(Y)=30.902, SSIM(Y)=0.8791
U100: PSNR(Y)=29.806, SSIM(Y)=0.9018
M109: PSNR(Y)=35.863, SSIM(Y)=0.9668
Epoch 210/300: Training loss=0.036237, lr=4.37e-04
Epoch 210/300: Validation loss=0.031092
Model saved! Best loss: 0.031092
Set5: PSNR(Y)=36.474, SSIM(Y)=0.9518
Set14: PSNR(Y)=32.157, SSIM(Y)=0.9008
B100: PSNR(Y)=30.912, SSIM(Y)=0.8791
U100: PSNR(Y)=29.801, SSIM(Y)=0.9017
M109: PSNR(Y)=35.867, SSIM(Y)=0.9667
Epoch 211/300: Training loss=0.036225, lr=4.28e-04
Epoch 211/300: Validation loss=0.031091
Model saved! Best loss: 0.031091
Set5: PSNR(Y)=36.479, SSIM(Y)=0.9518
Set14: PSNR(Y)=32.179, SSIM(Y)=0.9010
B100: PSNR(Y)=30.911, SSIM(Y)=0.8792
U100: PSNR(Y)=29.797, SSIM(Y)=0.9017
M109: PSNR(Y)=35.871, SSIM(Y)=0.9667
Epoch 212/300: Training loss=0.036271, lr=4.20e-04
Epoch 212/300: Validation loss=0.031090
Model saved! Best loss: 0.031090
Set5: PSNR(Y)=36.471, SSIM(Y)=0.9517
Set14: PSNR(Y)=32.162, SSIM(Y)=0.9008
B100: PSNR(Y)=30.913, SSIM(Y)=0.8791
U100: PSNR(Y)=29.805, SSIM(Y)=0.9017
M109: PSNR(Y)=35.838, SSIM(Y)=0.9667
Epoch 213/300: Training loss=0.036229, lr=4.11e-04
Epoch 213/300: Validation loss=0.031089
Model saved! Best loss: 0.031089
Set5: PSNR(Y)=36.467, SSIM(Y)=0.9517
Set14: PSNR(Y)=32.171, SSIM(Y)=0.9008
B100: PSNR(Y)=30.910, SSIM(Y)=0.8792
U100: PSNR(Y)=29.803, SSIM(Y)=0.9017
M109: PSNR(Y)=35.870, SSIM(Y)=0.9668
Epoch 214/300: Training loss=0.036254, lr=4.03e-04
Epoch 214/300: Validation loss=0.031089
Model saved! Best loss: 0.031089
Set5: PSNR(Y)=36.463, SSIM(Y)=0.9517
Set14: PSNR(Y)=32.157, SSIM(Y)=0.9006
B100: PSNR(Y)=30.907, SSIM(Y)=0.8791
U100: PSNR(Y)=29.802, SSIM(Y)=0.9017
M109: PSNR(Y)=35.834, SSIM(Y)=0.9667
Epoch 215/300: Training loss=0.036266, lr=3.95e-04
Epoch 215/300: Validation loss=0.031090
Epoch 216/300: Training loss=0.036186, lr=3.87e-04
Epoch 216/300: Validation loss=0.031089
Epoch 217/300: Training loss=0.036254, lr=3.79e-04
Epoch 217/300: Validation loss=0.031089
Model saved! Best loss: 0.031089
Set5: PSNR(Y)=36.474, SSIM(Y)=0.9517
Set14: PSNR(Y)=32.151, SSIM(Y)=0.9007
B100: PSNR(Y)=30.912, SSIM(Y)=0.8792
U100: PSNR(Y)=29.813, SSIM(Y)=0.9018
M109: PSNR(Y)=35.841, SSIM(Y)=0.9667
Epoch 218/300: Training loss=0.036237, lr=3.71e-04
Epoch 218/300: Validation loss=0.031088
Model saved! Best loss: 0.031088
Set5: PSNR(Y)=36.471, SSIM(Y)=0.9518
Set14: PSNR(Y)=32.160, SSIM(Y)=0.9010
B100: PSNR(Y)=30.909, SSIM(Y)=0.8792
U100: PSNR(Y)=29.793, SSIM(Y)=0.9017
M109: PSNR(Y)=35.893, SSIM(Y)=0.9668
Epoch 219/300: Training loss=0.036268, lr=3.63e-04
Epoch 219/300: Validation loss=0.031088
Epoch 220/300: Training loss=0.036225, lr=3.55e-04
Epoch 220/300: Validation loss=0.031088
Epoch 221/300: Training loss=0.036244, lr=3.48e-04
Epoch 221/300: Validation loss=0.031088
Epoch 222/300: Training loss=0.036266, lr=3.40e-04
Epoch 222/300: Validation loss=0.031088
Epoch 223/300: Training loss=0.036226, lr=3.32e-04
Epoch 223/300: Validation loss=0.031088
Epoch 224/300: Training loss=0.036205, lr=3.25e-04
Epoch 224/300: Validation loss=0.031087
Model saved! Best loss: 0.031087
Set5: PSNR(Y)=36.479, SSIM(Y)=0.9518
Set14: PSNR(Y)=32.156, SSIM(Y)=0.9008
B100: PSNR(Y)=30.910, SSIM(Y)=0.8791
U100: PSNR(Y)=29.787, SSIM(Y)=0.9014
M109: PSNR(Y)=35.880, SSIM(Y)=0.9668
Epoch 225/300: Training loss=0.036248, lr=3.17e-04
Epoch 225/300: Validation loss=0.031087
Model saved! Best loss: 0.031087
Set5: PSNR(Y)=36.480, SSIM(Y)=0.9518
Set14: PSNR(Y)=32.154, SSIM(Y)=0.9007
B100: PSNR(Y)=30.909, SSIM(Y)=0.8792
U100: PSNR(Y)=29.802, SSIM(Y)=0.9016
M109: PSNR(Y)=35.883, SSIM(Y)=0.9668
Epoch 226/300: Training loss=0.036261, lr=3.10e-04
Epoch 226/300: Validation loss=0.031087
Model saved! Best loss: 0.031087
Set5: PSNR(Y)=36.475, SSIM(Y)=0.9518
Set14: PSNR(Y)=32.169, SSIM(Y)=0.9009
B100: PSNR(Y)=30.912, SSIM(Y)=0.8793
U100: PSNR(Y)=29.802, SSIM(Y)=0.9019
M109: PSNR(Y)=35.874, SSIM(Y)=0.9668
Epoch 227/300: Training loss=0.036234, lr=3.03e-04
Epoch 227/300: Validation loss=0.031086
Model saved! Best loss: 0.031086
Set5: PSNR(Y)=36.470, SSIM(Y)=0.9517
Set14: PSNR(Y)=32.168, SSIM(Y)=0.9010
B100: PSNR(Y)=30.911, SSIM(Y)=0.8792
U100: PSNR(Y)=29.810, SSIM(Y)=0.9018
M109: PSNR(Y)=35.869, SSIM(Y)=0.9668
Epoch 228/300: Training loss=0.036250, lr=2.95e-04
Epoch 228/300: Validation loss=0.031085
Model saved! Best loss: 0.031085
Set5: PSNR(Y)=36.469, SSIM(Y)=0.9518
Set14: PSNR(Y)=32.169, SSIM(Y)=0.9010
B100: PSNR(Y)=30.914, SSIM(Y)=0.8792
U100: PSNR(Y)=29.808, SSIM(Y)=0.9018
M109: PSNR(Y)=35.869, SSIM(Y)=0.9668
Epoch 229/300: Training loss=0.036243, lr=2.88e-04
Epoch 229/300: Validation loss=0.031084
Model saved! Best loss: 0.031084
Set5: PSNR(Y)=36.477, SSIM(Y)=0.9518
Set14: PSNR(Y)=32.166, SSIM(Y)=0.9008
B100: PSNR(Y)=30.917, SSIM(Y)=0.8792
U100: PSNR(Y)=29.810, SSIM(Y)=0.9017
M109: PSNR(Y)=35.861, SSIM(Y)=0.9667
Epoch 230/300: Training loss=0.036217, lr=2.81e-04
Epoch 230/300: Validation loss=0.031083
Model saved! Best loss: 0.031083
Set5: PSNR(Y)=36.474, SSIM(Y)=0.9518
Set14: PSNR(Y)=32.155, SSIM(Y)=0.9007
B100: PSNR(Y)=30.912, SSIM(Y)=0.8792
U100: PSNR(Y)=29.817, SSIM(Y)=0.9018
M109: PSNR(Y)=35.868, SSIM(Y)=0.9668
Epoch 231/300: Training loss=0.036253, lr=2.74e-04
Epoch 231/300: Validation loss=0.031084
Epoch 232/300: Training loss=0.036230, lr=2.67e-04
Epoch 232/300: Validation loss=0.031084
Epoch 233/300: Training loss=0.036247, lr=2.61e-04
Epoch 233/300: Validation loss=0.031083
Model saved! Best loss: 0.031083
Set5: PSNR(Y)=36.471, SSIM(Y)=0.9517
Set14: PSNR(Y)=32.153, SSIM(Y)=0.9006
B100: PSNR(Y)=30.911, SSIM(Y)=0.8792
U100: PSNR(Y)=29.828, SSIM(Y)=0.9021
M109: PSNR(Y)=35.849, SSIM(Y)=0.9668
Epoch 234/300: Training loss=0.036218, lr=2.54e-04
Epoch 234/300: Validation loss=0.031083
Model saved! Best loss: 0.031083
Set5: PSNR(Y)=36.469, SSIM(Y)=0.9517
Set14: PSNR(Y)=32.155, SSIM(Y)=0.9007
B100: PSNR(Y)=30.915, SSIM(Y)=0.8792
U100: PSNR(Y)=29.813, SSIM(Y)=0.9019
M109: PSNR(Y)=35.862, SSIM(Y)=0.9668
Epoch 235/300: Training loss=0.036214, lr=2.47e-04
Epoch 235/300: Validation loss=0.031083
Model saved! Best loss: 0.031083
Set5: PSNR(Y)=36.474, SSIM(Y)=0.9518
Set14: PSNR(Y)=32.150, SSIM(Y)=0.9007
B100: PSNR(Y)=30.910, SSIM(Y)=0.8792
U100: PSNR(Y)=29.788, SSIM(Y)=0.9017
M109: PSNR(Y)=35.872, SSIM(Y)=0.9669
Epoch 236/300: Training loss=0.036237, lr=2.41e-04
Epoch 236/300: Validation loss=0.031083
Model saved! Best loss: 0.031083
Set5: PSNR(Y)=36.468, SSIM(Y)=0.9517
Set14: PSNR(Y)=32.148, SSIM(Y)=0.9007
B100: PSNR(Y)=30.911, SSIM(Y)=0.8792
U100: PSNR(Y)=29.802, SSIM(Y)=0.9017
M109: PSNR(Y)=35.867, SSIM(Y)=0.9668
Epoch 237/300: Training loss=0.036210, lr=2.34e-04
Epoch 237/300: Validation loss=0.031082
Model saved! Best loss: 0.031082
Set5: PSNR(Y)=36.475, SSIM(Y)=0.9518
Set14: PSNR(Y)=32.162, SSIM(Y)=0.9007
B100: PSNR(Y)=30.912, SSIM(Y)=0.8792
U100: PSNR(Y)=29.804, SSIM(Y)=0.9018
M109: PSNR(Y)=35.871, SSIM(Y)=0.9668
Epoch 238/300: Training loss=0.036246, lr=2.28e-04
Epoch 238/300: Validation loss=0.031082
Model saved! Best loss: 0.031082
Set5: PSNR(Y)=36.480, SSIM(Y)=0.9518
Set14: PSNR(Y)=32.161, SSIM(Y)=0.9008
B100: PSNR(Y)=30.908, SSIM(Y)=0.8792
U100: PSNR(Y)=29.807, SSIM(Y)=0.9019
M109: PSNR(Y)=35.884, SSIM(Y)=0.9669
Epoch 239/300: Training loss=0.036267, lr=2.21e-04
Epoch 239/300: Validation loss=0.031081
Model saved! Best loss: 0.031081
Set5: PSNR(Y)=36.480, SSIM(Y)=0.9518
Set14: PSNR(Y)=32.152, SSIM(Y)=0.9006
B100: PSNR(Y)=30.912, SSIM(Y)=0.8792
U100: PSNR(Y)=29.809, SSIM(Y)=0.9018
M109: PSNR(Y)=35.876, SSIM(Y)=0.9668
Epoch 240/300: Training loss=0.036256, lr=2.15e-04
Epoch 240/300: Validation loss=0.031081
Epoch 241/300: Training loss=0.036260, lr=2.09e-04
Epoch 241/300: Validation loss=0.031081
Model saved! Best loss: 0.031081
Set5: PSNR(Y)=36.469, SSIM(Y)=0.9517
Set14: PSNR(Y)=32.152, SSIM(Y)=0.9006
B100: PSNR(Y)=30.913, SSIM(Y)=0.8793
U100: PSNR(Y)=29.825, SSIM(Y)=0.9021
M109: PSNR(Y)=35.859, SSIM(Y)=0.9668
Epoch 242/300: Training loss=0.036204, lr=2.03e-04
Epoch 242/300: Validation loss=0.031081
Epoch 243/300: Training loss=0.036229, lr=1.97e-04
Epoch 243/300: Validation loss=0.031081
Epoch 244/300: Training loss=0.036162, lr=1.91e-04
Epoch 244/300: Validation loss=0.031081
Epoch 245/300: Training loss=0.036211, lr=1.85e-04
Epoch 245/300: Validation loss=0.031080
Model saved! Best loss: 0.031080
Set5: PSNR(Y)=36.473, SSIM(Y)=0.9518
Set14: PSNR(Y)=32.171, SSIM(Y)=0.9009
B100: PSNR(Y)=30.917, SSIM(Y)=0.8793
U100: PSNR(Y)=29.807, SSIM(Y)=0.9019
M109: PSNR(Y)=35.880, SSIM(Y)=0.9668
Epoch 246/300: Training loss=0.036243, lr=1.80e-04
Epoch 246/300: Validation loss=0.031080
Model saved! Best loss: 0.031080
Set5: PSNR(Y)=36.472, SSIM(Y)=0.9517
Set14: PSNR(Y)=32.169, SSIM(Y)=0.9008
B100: PSNR(Y)=30.911, SSIM(Y)=0.8791
U100: PSNR(Y)=29.807, SSIM(Y)=0.9018
M109: PSNR(Y)=35.843, SSIM(Y)=0.9667
Epoch 247/300: Training loss=0.036211, lr=1.74e-04
Epoch 247/300: Validation loss=0.031079
Model saved! Best loss: 0.031079
Set5: PSNR(Y)=36.470, SSIM(Y)=0.9517
Set14: PSNR(Y)=32.168, SSIM(Y)=0.9009
B100: PSNR(Y)=30.916, SSIM(Y)=0.8793
U100: PSNR(Y)=29.826, SSIM(Y)=0.9020
M109: PSNR(Y)=35.867, SSIM(Y)=0.9668
Epoch 248/300: Training loss=0.036219, lr=1.69e-04
Epoch 248/300: Validation loss=0.031079
Model saved! Best loss: 0.031079
Set5: PSNR(Y)=36.470, SSIM(Y)=0.9517
Set14: PSNR(Y)=32.167, SSIM(Y)=0.9009
B100: PSNR(Y)=30.915, SSIM(Y)=0.8793
U100: PSNR(Y)=29.814, SSIM(Y)=0.9019
M109: PSNR(Y)=35.872, SSIM(Y)=0.9668
Epoch 249/300: Training loss=0.036255, lr=1.63e-04
Epoch 249/300: Validation loss=0.031079
Epoch 250/300: Training loss=0.036239, lr=1.58e-04
Epoch 250/300: Validation loss=0.031079
Epoch 251/300: Training loss=0.036283, lr=1.53e-04
Epoch 251/300: Validation loss=0.031078
Model saved! Best loss: 0.031078
Set5: PSNR(Y)=36.476, SSIM(Y)=0.9518
Set14: PSNR(Y)=32.170, SSIM(Y)=0.9010
B100: PSNR(Y)=30.915, SSIM(Y)=0.8793
U100: PSNR(Y)=29.806, SSIM(Y)=0.9018
M109: PSNR(Y)=35.886, SSIM(Y)=0.9668
Epoch 252/300: Training loss=0.036193, lr=1.47e-04
Epoch 252/300: Validation loss=0.031078
Model saved! Best loss: 0.031078
Set5: PSNR(Y)=36.475, SSIM(Y)=0.9517
Set14: PSNR(Y)=32.158, SSIM(Y)=0.9008
B100: PSNR(Y)=30.913, SSIM(Y)=0.8793
U100: PSNR(Y)=29.828, SSIM(Y)=0.9020
M109: PSNR(Y)=35.857, SSIM(Y)=0.9668
Epoch 253/300: Training loss=0.036211, lr=1.42e-04
Epoch 253/300: Validation loss=0.031078
Model saved! Best loss: 0.031078
Set5: PSNR(Y)=36.470, SSIM(Y)=0.9517
Set14: PSNR(Y)=32.156, SSIM(Y)=0.9008
B100: PSNR(Y)=30.913, SSIM(Y)=0.8793
U100: PSNR(Y)=29.819, SSIM(Y)=0.9020
M109: PSNR(Y)=35.877, SSIM(Y)=0.9668
Epoch 254/300: Training loss=0.036238, lr=1.38e-04
Epoch 254/300: Validation loss=0.031078
Epoch 255/300: Training loss=0.036243, lr=1.33e-04
Epoch 255/300: Validation loss=0.031078
Epoch 256/300: Training loss=0.036192, lr=1.28e-04
Epoch 256/300: Validation loss=0.031077
Model saved! Best loss: 0.031077
Set5: PSNR(Y)=36.470, SSIM(Y)=0.9517
Set14: PSNR(Y)=32.163, SSIM(Y)=0.9008
B100: PSNR(Y)=30.916, SSIM(Y)=0.8793
U100: PSNR(Y)=29.821, SSIM(Y)=0.9020
M109: PSNR(Y)=35.870, SSIM(Y)=0.9668
Epoch 257/300: Training loss=0.036259, lr=1.23e-04
Epoch 257/300: Validation loss=0.031077
Model saved! Best loss: 0.031077
Set5: PSNR(Y)=36.476, SSIM(Y)=0.9518
Set14: PSNR(Y)=32.158, SSIM(Y)=0.9008
B100: PSNR(Y)=30.915, SSIM(Y)=0.8792
U100: PSNR(Y)=29.809, SSIM(Y)=0.9018
M109: PSNR(Y)=35.869, SSIM(Y)=0.9668
Epoch 258/300: Training loss=0.036211, lr=1.19e-04
Epoch 258/300: Validation loss=0.031077
Model saved! Best loss: 0.031077
Set5: PSNR(Y)=36.473, SSIM(Y)=0.9517
Set14: PSNR(Y)=32.157, SSIM(Y)=0.9007
B100: PSNR(Y)=30.914, SSIM(Y)=0.8792
U100: PSNR(Y)=29.813, SSIM(Y)=0.9019
M109: PSNR(Y)=35.852, SSIM(Y)=0.9667
Epoch 259/300: Training loss=0.036237, lr=1.14e-04
Epoch 259/300: Validation loss=0.031076
Model saved! Best loss: 0.031076
Set5: PSNR(Y)=36.475, SSIM(Y)=0.9518
Set14: PSNR(Y)=32.175, SSIM(Y)=0.9010
B100: PSNR(Y)=30.917, SSIM(Y)=0.8793
U100: PSNR(Y)=29.816, SSIM(Y)=0.9019
M109: PSNR(Y)=35.869, SSIM(Y)=0.9668
Epoch 260/300: Training loss=0.036214, lr=1.10e-04
Epoch 260/300: Validation loss=0.031076
Model saved! Best loss: 0.031076
Set5: PSNR(Y)=36.476, SSIM(Y)=0.9518
Set14: PSNR(Y)=32.169, SSIM(Y)=0.9009
B100: PSNR(Y)=30.916, SSIM(Y)=0.8793
U100: PSNR(Y)=29.816, SSIM(Y)=0.9019
M109: PSNR(Y)=35.878, SSIM(Y)=0.9668
Epoch 261/300: Training loss=0.036242, lr=1.06e-04
Epoch 261/300: Validation loss=0.031075
Model saved! Best loss: 0.031075
Set5: PSNR(Y)=36.482, SSIM(Y)=0.9518
Set14: PSNR(Y)=32.174, SSIM(Y)=0.9010
B100: PSNR(Y)=30.916, SSIM(Y)=0.8792
U100: PSNR(Y)=29.816, SSIM(Y)=0.9019
M109: PSNR(Y)=35.866, SSIM(Y)=0.9668
Epoch 262/300: Training loss=0.036276, lr=1.01e-04
Epoch 262/300: Validation loss=0.031075
Model saved! Best loss: 0.031075
Set5: PSNR(Y)=36.476, SSIM(Y)=0.9518
Set14: PSNR(Y)=32.172, SSIM(Y)=0.9010
B100: PSNR(Y)=30.916, SSIM(Y)=0.8793
U100: PSNR(Y)=29.817, SSIM(Y)=0.9020
M109: PSNR(Y)=35.877, SSIM(Y)=0.9668
Epoch 263/300: Training loss=0.036236, lr=9.74e-05
Epoch 263/300: Validation loss=0.031074
Model saved! Best loss: 0.031074
Set5: PSNR(Y)=36.473, SSIM(Y)=0.9518
Set14: PSNR(Y)=32.169, SSIM(Y)=0.9009
B100: PSNR(Y)=30.916, SSIM(Y)=0.8793
U100: PSNR(Y)=29.827, SSIM(Y)=0.9021
M109: PSNR(Y)=35.871, SSIM(Y)=0.9668
Epoch 264/300: Training loss=0.036180, lr=9.34e-05
Epoch 264/300: Validation loss=0.031074
Model saved! Best loss: 0.031074
Set5: PSNR(Y)=36.476, SSIM(Y)=0.9518
Set14: PSNR(Y)=32.173, SSIM(Y)=0.9009
B100: PSNR(Y)=30.919, SSIM(Y)=0.8793
U100: PSNR(Y)=29.823, SSIM(Y)=0.9020
M109: PSNR(Y)=35.863, SSIM(Y)=0.9668
Epoch 265/300: Training loss=0.036228, lr=8.95e-05
Epoch 265/300: Validation loss=0.031074
Model saved! Best loss: 0.031074
Set5: PSNR(Y)=36.479, SSIM(Y)=0.9518
Set14: PSNR(Y)=32.171, SSIM(Y)=0.9010
B100: PSNR(Y)=30.917, SSIM(Y)=0.8793
U100: PSNR(Y)=29.815, SSIM(Y)=0.9019
M109: PSNR(Y)=35.878, SSIM(Y)=0.9668
Epoch 266/300: Training loss=0.036164, lr=8.58e-05
Epoch 266/300: Validation loss=0.031073
Model saved! Best loss: 0.031073
Set5: PSNR(Y)=36.471, SSIM(Y)=0.9518
Set14: PSNR(Y)=32.163, SSIM(Y)=0.9009
B100: PSNR(Y)=30.915, SSIM(Y)=0.8793
U100: PSNR(Y)=29.820, SSIM(Y)=0.9020
M109: PSNR(Y)=35.880, SSIM(Y)=0.9668
Epoch 267/300: Training loss=0.036207, lr=8.21e-05
Epoch 267/300: Validation loss=0.031073
Model saved! Best loss: 0.031073
Set5: PSNR(Y)=36.477, SSIM(Y)=0.9518
Set14: PSNR(Y)=32.173, SSIM(Y)=0.9010
B100: PSNR(Y)=30.916, SSIM(Y)=0.8793
U100: PSNR(Y)=29.813, SSIM(Y)=0.9019
M109: PSNR(Y)=35.886, SSIM(Y)=0.9668
Epoch 268/300: Training loss=0.036184, lr=7.85e-05
Epoch 268/300: Validation loss=0.031073
Model saved! Best loss: 0.031073
Set5: PSNR(Y)=36.479, SSIM(Y)=0.9518
Set14: PSNR(Y)=32.174, SSIM(Y)=0.9010
B100: PSNR(Y)=30.916, SSIM(Y)=0.8793
U100: PSNR(Y)=29.816, SSIM(Y)=0.9019
M109: PSNR(Y)=35.880, SSIM(Y)=0.9669
Epoch 269/300: Training loss=0.036184, lr=7.51e-05
Epoch 269/300: Validation loss=0.031072
Model saved! Best loss: 0.031072
Set5: PSNR(Y)=36.478, SSIM(Y)=0.9518
Set14: PSNR(Y)=32.163, SSIM(Y)=0.9009
B100: PSNR(Y)=30.915, SSIM(Y)=0.8792
U100: PSNR(Y)=29.820, SSIM(Y)=0.9020
M109: PSNR(Y)=35.882, SSIM(Y)=0.9668
Epoch 270/300: Training loss=0.036175, lr=7.17e-05
Epoch 270/300: Validation loss=0.031072
Model saved! Best loss: 0.031072
Set5: PSNR(Y)=36.472, SSIM(Y)=0.9518
Set14: PSNR(Y)=32.176, SSIM(Y)=0.9011
B100: PSNR(Y)=30.915, SSIM(Y)=0.8793
U100: PSNR(Y)=29.798, SSIM(Y)=0.9017
M109: PSNR(Y)=35.882, SSIM(Y)=0.9668
Epoch 271/300: Training loss=0.036204, lr=6.85e-05
Epoch 271/300: Validation loss=0.031072
Model saved! Best loss: 0.031072
Set5: PSNR(Y)=36.475, SSIM(Y)=0.9518
Set14: PSNR(Y)=32.171, SSIM(Y)=0.9010
B100: PSNR(Y)=30.917, SSIM(Y)=0.8793
U100: PSNR(Y)=29.816, SSIM(Y)=0.9019
M109: PSNR(Y)=35.874, SSIM(Y)=0.9668
Epoch 272/300: Training loss=0.036214, lr=6.53e-05
Epoch 272/300: Validation loss=0.031071
Model saved! Best loss: 0.031071
Set5: PSNR(Y)=36.473, SSIM(Y)=0.9518
Set14: PSNR(Y)=32.170, SSIM(Y)=0.9009
B100: PSNR(Y)=30.918, SSIM(Y)=0.8793
U100: PSNR(Y)=29.819, SSIM(Y)=0.9020
M109: PSNR(Y)=35.884, SSIM(Y)=0.9668
Epoch 273/300: Training loss=0.036204, lr=6.23e-05
Epoch 273/300: Validation loss=0.031071
Model saved! Best loss: 0.031071
Set5: PSNR(Y)=36.475, SSIM(Y)=0.9518
Set14: PSNR(Y)=32.172, SSIM(Y)=0.9010
B100: PSNR(Y)=30.920, SSIM(Y)=0.8793
U100: PSNR(Y)=29.825, SSIM(Y)=0.9020
M109: PSNR(Y)=35.868, SSIM(Y)=0.9668
Epoch 274/300: Training loss=0.036211, lr=5.93e-05
Epoch 274/300: Validation loss=0.031070
Model saved! Best loss: 0.031070
Set5: PSNR(Y)=36.481, SSIM(Y)=0.9518
Set14: PSNR(Y)=32.176, SSIM(Y)=0.9010
B100: PSNR(Y)=30.917, SSIM(Y)=0.8792
U100: PSNR(Y)=29.813, SSIM(Y)=0.9018
M109: PSNR(Y)=35.872, SSIM(Y)=0.9668
Epoch 275/300: Training loss=0.036242, lr=5.65e-05
Epoch 275/300: Validation loss=0.031070
Model saved! Best loss: 0.031070
Set5: PSNR(Y)=36.479, SSIM(Y)=0.9518
Set14: PSNR(Y)=32.171, SSIM(Y)=0.9010
B100: PSNR(Y)=30.917, SSIM(Y)=0.8793
U100: PSNR(Y)=29.816, SSIM(Y)=0.9019
M109: PSNR(Y)=35.875, SSIM(Y)=0.9668
Epoch 276/300: Training loss=0.036169, lr=5.37e-05
Epoch 276/300: Validation loss=0.031070
Model saved! Best loss: 0.031070
Set5: PSNR(Y)=36.475, SSIM(Y)=0.9518
Set14: PSNR(Y)=32.167, SSIM(Y)=0.9009
B100: PSNR(Y)=30.915, SSIM(Y)=0.8793
U100: PSNR(Y)=29.826, SSIM(Y)=0.9020
M109: PSNR(Y)=35.871, SSIM(Y)=0.9668
Epoch 277/300: Training loss=0.036216, lr=5.11e-05
Epoch 277/300: Validation loss=0.031070
Model saved! Best loss: 0.031070
Set5: PSNR(Y)=36.479, SSIM(Y)=0.9518
Set14: PSNR(Y)=32.168, SSIM(Y)=0.9009
B100: PSNR(Y)=30.916, SSIM(Y)=0.8793
U100: PSNR(Y)=29.818, SSIM(Y)=0.9019
M109: PSNR(Y)=35.883, SSIM(Y)=0.9669
Epoch 278/300: Training loss=0.036219, lr=4.86e-05
Epoch 278/300: Validation loss=0.031069
Model saved! Best loss: 0.031069
Set5: PSNR(Y)=36.480, SSIM(Y)=0.9518
Set14: PSNR(Y)=32.163, SSIM(Y)=0.9009
B100: PSNR(Y)=30.917, SSIM(Y)=0.8792
U100: PSNR(Y)=29.823, SSIM(Y)=0.9020
M109: PSNR(Y)=35.865, SSIM(Y)=0.9668
Epoch 279/300: Training loss=0.036190, lr=4.62e-05
Epoch 279/300: Validation loss=0.031069
Model saved! Best loss: 0.031069
Set5: PSNR(Y)=36.479, SSIM(Y)=0.9518
Set14: PSNR(Y)=32.170, SSIM(Y)=0.9010
B100: PSNR(Y)=30.916, SSIM(Y)=0.8793
U100: PSNR(Y)=29.809, SSIM(Y)=0.9018
M109: PSNR(Y)=35.883, SSIM(Y)=0.9668
Epoch 280/300: Training loss=0.036189, lr=4.38e-05
Epoch 280/300: Validation loss=0.031069
Model saved! Best loss: 0.031069
Set5: PSNR(Y)=36.482, SSIM(Y)=0.9518
Set14: PSNR(Y)=32.163, SSIM(Y)=0.9009
B100: PSNR(Y)=30.914, SSIM(Y)=0.8793
U100: PSNR(Y)=29.812, SSIM(Y)=0.9019
M109: PSNR(Y)=35.883, SSIM(Y)=0.9669
Epoch 281/300: Training loss=0.036224, lr=4.16e-05
Epoch 281/300: Validation loss=0.031069
Model saved! Best loss: 0.031069
Set5: PSNR(Y)=36.476, SSIM(Y)=0.9518
Set14: PSNR(Y)=32.162, SSIM(Y)=0.9009
B100: PSNR(Y)=30.917, SSIM(Y)=0.8793
U100: PSNR(Y)=29.822, SSIM(Y)=0.9020
M109: PSNR(Y)=35.878, SSIM(Y)=0.9668
Epoch 282/300: Training loss=0.036232, lr=3.95e-05
Epoch 282/300: Validation loss=0.031069
Epoch 283/300: Training loss=0.036177, lr=3.75e-05
Epoch 283/300: Validation loss=0.031069
Epoch 284/300: Training loss=0.036199, lr=3.56e-05
Epoch 284/300: Validation loss=0.031069
Epoch 285/300: Training loss=0.036219, lr=3.39e-05
Epoch 285/300: Validation loss=0.031069
Epoch 286/300: Training loss=0.036211, lr=3.22e-05
Epoch 286/300: Validation loss=0.031069
Model saved! Best loss: 0.031069
Set5: PSNR(Y)=36.478, SSIM(Y)=0.9518
Set14: PSNR(Y)=32.171, SSIM(Y)=0.9009
B100: PSNR(Y)=30.918, SSIM(Y)=0.8793
U100: PSNR(Y)=29.821, SSIM(Y)=0.9020
M109: PSNR(Y)=35.874, SSIM(Y)=0.9668
Epoch 287/300: Training loss=0.036234, lr=3.06e-05
Epoch 287/300: Validation loss=0.031069
Epoch 288/300: Training loss=0.036204, lr=2.92e-05
Epoch 288/300: Validation loss=0.031068
Model saved! Best loss: 0.031068
Set5: PSNR(Y)=36.476, SSIM(Y)=0.9518
Set14: PSNR(Y)=32.170, SSIM(Y)=0.9010
B100: PSNR(Y)=30.917, SSIM(Y)=0.8793
U100: PSNR(Y)=29.820, SSIM(Y)=0.9020
M109: PSNR(Y)=35.885, SSIM(Y)=0.9669
Epoch 289/300: Training loss=0.036224, lr=2.78e-05
Epoch 289/300: Validation loss=0.031069
Epoch 290/300: Training loss=0.036226, lr=2.66e-05
Epoch 290/300: Validation loss=0.031069
Epoch 291/300: Training loss=0.036202, lr=2.54e-05
Epoch 291/300: Validation loss=0.031068
Epoch 292/300: Training loss=0.036203, lr=2.44e-05
Epoch 292/300: Validation loss=0.031068
Model saved! Best loss: 0.031068
Set5: PSNR(Y)=36.477, SSIM(Y)=0.9518
Set14: PSNR(Y)=32.166, SSIM(Y)=0.9009
B100: PSNR(Y)=30.917, SSIM(Y)=0.8793
U100: PSNR(Y)=29.816, SSIM(Y)=0.9019
M109: PSNR(Y)=35.879, SSIM(Y)=0.9668
Epoch 293/300: Training loss=0.036225, lr=2.35e-05
Epoch 293/300: Validation loss=0.031068
Model saved! Best loss: 0.031068
Set5: PSNR(Y)=36.474, SSIM(Y)=0.9518
Set14: PSNR(Y)=32.168, SSIM(Y)=0.9009
B100: PSNR(Y)=30.918, SSIM(Y)=0.8793
U100: PSNR(Y)=29.819, SSIM(Y)=0.9020
M109: PSNR(Y)=35.872, SSIM(Y)=0.9668
Epoch 294/300: Training loss=0.036228, lr=2.27e-05
Epoch 294/300: Validation loss=0.031068
Model saved! Best loss: 0.031068
Set5: PSNR(Y)=36.478, SSIM(Y)=0.9518
Set14: PSNR(Y)=32.168, SSIM(Y)=0.9009
B100: PSNR(Y)=30.918, SSIM(Y)=0.8793
U100: PSNR(Y)=29.822, SSIM(Y)=0.9020
M109: PSNR(Y)=35.876, SSIM(Y)=0.9668
Epoch 295/300: Training loss=0.036177, lr=2.20e-05
Epoch 295/300: Validation loss=0.031068
Model saved! Best loss: 0.031068
Set5: PSNR(Y)=36.479, SSIM(Y)=0.9518
Set14: PSNR(Y)=32.167, SSIM(Y)=0.9009
B100: PSNR(Y)=30.917, SSIM(Y)=0.8793
U100: PSNR(Y)=29.821, SSIM(Y)=0.9020
M109: PSNR(Y)=35.880, SSIM(Y)=0.9668
Epoch 296/300: Training loss=0.036239, lr=2.14e-05
Epoch 296/300: Validation loss=0.031068
Model saved! Best loss: 0.031068
Set5: PSNR(Y)=36.477, SSIM(Y)=0.9518
Set14: PSNR(Y)=32.160, SSIM(Y)=0.9008
B100: PSNR(Y)=30.916, SSIM(Y)=0.8792
U100: PSNR(Y)=29.820, SSIM(Y)=0.9020
M109: PSNR(Y)=35.873, SSIM(Y)=0.9668
Epoch 297/300: Training loss=0.036173, lr=2.09e-05
Epoch 297/300: Validation loss=0.031068
Epoch 298/300: Training loss=0.036223, lr=2.05e-05
Epoch 298/300: Validation loss=0.031068
Model saved! Best loss: 0.031068
Set5: PSNR(Y)=36.473, SSIM(Y)=0.9518
Set14: PSNR(Y)=32.164, SSIM(Y)=0.9009
B100: PSNR(Y)=30.918, SSIM(Y)=0.8793
U100: PSNR(Y)=29.824, SSIM(Y)=0.9021
M109: PSNR(Y)=35.871, SSIM(Y)=0.9668
Epoch 299/300: Training loss=0.036202, lr=2.02e-05
Epoch 299/300: Validation loss=0.031068
Model saved! Best loss: 0.031068
Set5: PSNR(Y)=36.479, SSIM(Y)=0.9518
Set14: PSNR(Y)=32.164, SSIM(Y)=0.9009
B100: PSNR(Y)=30.916, SSIM(Y)=0.8793
U100: PSNR(Y)=29.819, SSIM(Y)=0.9020
M109: PSNR(Y)=35.884, SSIM(Y)=0.9669
Epoch 300/300: Training loss=0.036198, lr=2.01e-05
Epoch 300/300: Validation loss=0.031067
Model saved! Best loss: 0.031067
Set5: PSNR(Y)=36.479, SSIM(Y)=0.9518
Set14: PSNR(Y)=32.166, SSIM(Y)=0.9009
B100: PSNR(Y)=30.917, SSIM(Y)=0.8793
U100: PSNR(Y)=29.823, SSIM(Y)=0.9020
M109: PSNR(Y)=35.875, SSIM(Y)=0.9668
==================================================
Training Finished
==================================================
==================================================
Testing Best Model
==================================================
Set5: PSNR(Y)=36.479, SSIM(Y)=0.9518
Set14: PSNR(Y)=32.166, SSIM(Y)=0.9009
B100: PSNR(Y)=30.917, SSIM(Y)=0.8793
U100: PSNR(Y)=29.823, SSIM(Y)=0.9020
M109: PSNR(Y)=35.875, SSIM(Y)=0.9668
