使用设备: cuda
从全精度模型初始化量化模型: ./checkpoints/DPSR_x2_0320_1349.pth
全精度权重迁移完成
模型总参数量: 17,440
==================================================
Training Started
==================================================
实验名称: QDPSR_x2_0320_1608
放大倍数: 2
批次大小: 64
学习率: 0.002
最小学习率: 2e-05
训练轮数: 30
设备: cuda
模型参数数量: 17,440
训练批次: 1110
验证批次: 328
==================================================
Begin Training
Epoch 1/30: Training loss=0.021644, lr=2.00e-04
Epoch 1/30: Validation loss=0.027241
Model saved! Best loss: 0.027241
Set5: PSNR(Y)=36.067, SSIM(Y)=0.9492
Set14: PSNR(Y)=31.981, SSIM(Y)=0.9007
B100: PSNR(Y)=30.981, SSIM(Y)=0.8812
U100: PSNR(Y)=28.802, SSIM(Y)=0.8868
M109: PSNR(Y)=34.415, SSIM(Y)=0.9612
Epoch 2/30: Training loss=0.020274, lr=5.60e-04
Epoch 2/30: Validation loss=0.026207
Model saved! Best loss: 0.026207
Set5: PSNR(Y)=36.459, SSIM(Y)=0.9519
Set14: PSNR(Y)=32.258, SSIM(Y)=0.9036
B100: PSNR(Y)=31.169, SSIM(Y)=0.8843
U100: PSNR(Y)=29.164, SSIM(Y)=0.8923
M109: PSNR(Y)=35.079, SSIM(Y)=0.9644
Epoch 3/30: Training loss=0.019968, lr=9.20e-04
Epoch 3/30: Validation loss=0.025759
Model saved! Best loss: 0.025759
Set5: PSNR(Y)=36.609, SSIM(Y)=0.9531
Set14: PSNR(Y)=32.352, SSIM(Y)=0.9048
B100: PSNR(Y)=31.244, SSIM(Y)=0.8858
U100: PSNR(Y)=29.319, SSIM(Y)=0.8947
M109: PSNR(Y)=35.437, SSIM(Y)=0.9659
Epoch 4/30: Training loss=0.019822, lr=1.28e-03
Epoch 4/30: Validation loss=0.025463
Model saved! Best loss: 0.025463
Set5: PSNR(Y)=36.710, SSIM(Y)=0.9540
Set14: PSNR(Y)=32.435, SSIM(Y)=0.9064
B100: PSNR(Y)=31.311, SSIM(Y)=0.8877
U100: PSNR(Y)=29.437, SSIM(Y)=0.8967
M109: PSNR(Y)=35.726, SSIM(Y)=0.9673
Epoch 5/30: Training loss=0.019730, lr=1.64e-03
Epoch 5/30: Validation loss=0.025333
Model saved! Best loss: 0.025333
Set5: PSNR(Y)=36.744, SSIM(Y)=0.9543
Set14: PSNR(Y)=32.463, SSIM(Y)=0.9065
B100: PSNR(Y)=31.324, SSIM(Y)=0.8876
U100: PSNR(Y)=29.463, SSIM(Y)=0.8971
M109: PSNR(Y)=35.814, SSIM(Y)=0.9677
Epoch 6/30: Training loss=0.019681, lr=2.00e-03
Epoch 6/30: Validation loss=0.025252
Model saved! Best loss: 0.025252
Set5: PSNR(Y)=36.808, SSIM(Y)=0.9545
Set14: PSNR(Y)=32.483, SSIM(Y)=0.9066
B100: PSNR(Y)=31.337, SSIM(Y)=0.8881
U100: PSNR(Y)=29.518, SSIM(Y)=0.8981
M109: PSNR(Y)=35.914, SSIM(Y)=0.9680
Epoch 7/30: Training loss=0.019625, lr=1.99e-03
Epoch 7/30: Validation loss=0.025076
Model saved! Best loss: 0.025076
Set5: PSNR(Y)=36.849, SSIM(Y)=0.9546
Set14: PSNR(Y)=32.499, SSIM(Y)=0.9066
B100: PSNR(Y)=31.356, SSIM(Y)=0.8879
U100: PSNR(Y)=29.551, SSIM(Y)=0.8981
M109: PSNR(Y)=36.017, SSIM(Y)=0.9683
Epoch 8/30: Training loss=0.019567, lr=1.97e-03
Epoch 8/30: Validation loss=0.025233
Epoch 9/30: Training loss=0.019544, lr=1.93e-03
Epoch 9/30: Validation loss=0.025062
Model saved! Best loss: 0.025062
Set5: PSNR(Y)=36.858, SSIM(Y)=0.9547
Set14: PSNR(Y)=32.545, SSIM(Y)=0.9070
B100: PSNR(Y)=31.385, SSIM(Y)=0.8883
U100: PSNR(Y)=29.551, SSIM(Y)=0.8977
M109: PSNR(Y)=36.014, SSIM(Y)=0.9682
Epoch 10/30: Training loss=0.019494, lr=1.88e-03
Epoch 10/30: Validation loss=0.024992
Model saved! Best loss: 0.024992
Set5: PSNR(Y)=36.901, SSIM(Y)=0.9550
Set14: PSNR(Y)=32.554, SSIM(Y)=0.9075
B100: PSNR(Y)=31.393, SSIM(Y)=0.8890
U100: PSNR(Y)=29.591, SSIM(Y)=0.8987
M109: PSNR(Y)=36.094, SSIM(Y)=0.9686
Epoch 11/30: Training loss=0.019474, lr=1.81e-03
Epoch 11/30: Validation loss=0.024876
Model saved! Best loss: 0.024876
Set5: PSNR(Y)=36.945, SSIM(Y)=0.9553
Set14: PSNR(Y)=32.563, SSIM(Y)=0.9076
B100: PSNR(Y)=31.387, SSIM(Y)=0.8890
U100: PSNR(Y)=29.622, SSIM(Y)=0.8993
M109: PSNR(Y)=36.202, SSIM(Y)=0.9690
Epoch 12/30: Training loss=0.019444, lr=1.73e-03
Epoch 12/30: Validation loss=0.024816
Model saved! Best loss: 0.024816
Set5: PSNR(Y)=36.981, SSIM(Y)=0.9553
Set14: PSNR(Y)=32.577, SSIM(Y)=0.9076
B100: PSNR(Y)=31.407, SSIM(Y)=0.8890
U100: PSNR(Y)=29.642, SSIM(Y)=0.8996
M109: PSNR(Y)=36.176, SSIM(Y)=0.9690
Epoch 13/30: Training loss=0.019420, lr=1.64e-03
Epoch 13/30: Validation loss=0.024769
Model saved! Best loss: 0.024769
Set5: PSNR(Y)=36.969, SSIM(Y)=0.9555
Set14: PSNR(Y)=32.584, SSIM(Y)=0.9078
B100: PSNR(Y)=31.406, SSIM(Y)=0.8892
U100: PSNR(Y)=29.659, SSIM(Y)=0.8998
M109: PSNR(Y)=36.189, SSIM(Y)=0.9691
Epoch 14/30: Training loss=0.019399, lr=1.54e-03
Epoch 14/30: Validation loss=0.024755
Model saved! Best loss: 0.024755
Set5: PSNR(Y)=36.977, SSIM(Y)=0.9553
Set14: PSNR(Y)=32.586, SSIM(Y)=0.9077
B100: PSNR(Y)=31.416, SSIM(Y)=0.8891
U100: PSNR(Y)=29.680, SSIM(Y)=0.9000
M109: PSNR(Y)=36.194, SSIM(Y)=0.9690
Epoch 15/30: Training loss=0.019393, lr=1.43e-03
Epoch 15/30: Validation loss=0.024697
Model saved! Best loss: 0.024697
Set5: PSNR(Y)=36.995, SSIM(Y)=0.9554
Set14: PSNR(Y)=32.599, SSIM(Y)=0.9079
B100: PSNR(Y)=31.428, SSIM(Y)=0.8892
U100: PSNR(Y)=29.685, SSIM(Y)=0.9000
M109: PSNR(Y)=36.267, SSIM(Y)=0.9693
Epoch 16/30: Training loss=0.019380, lr=1.32e-03
Epoch 16/30: Validation loss=0.024677
Model saved! Best loss: 0.024677
Set5: PSNR(Y)=37.001, SSIM(Y)=0.9553
Set14: PSNR(Y)=32.614, SSIM(Y)=0.9078
B100: PSNR(Y)=31.431, SSIM(Y)=0.8892
U100: PSNR(Y)=29.691, SSIM(Y)=0.9000
M109: PSNR(Y)=36.263, SSIM(Y)=0.9692
Epoch 17/30: Training loss=0.019347, lr=1.20e-03
Epoch 17/30: Validation loss=0.024704
Epoch 18/30: Training loss=0.019323, lr=1.07e-03
Epoch 18/30: Validation loss=0.024730
Epoch 19/30: Training loss=0.019312, lr=9.48e-04
Epoch 19/30: Validation loss=0.024657
Model saved! Best loss: 0.024657
Set5: PSNR(Y)=36.985, SSIM(Y)=0.9555
Set14: PSNR(Y)=32.619, SSIM(Y)=0.9082
B100: PSNR(Y)=31.440, SSIM(Y)=0.8898
U100: PSNR(Y)=29.711, SSIM(Y)=0.9007
M109: PSNR(Y)=36.260, SSIM(Y)=0.9694
