使用设备: cuda
模型总参数量: 17,440
==================================================
Training Started
==================================================
实验名称: QISCSR_x2_1009_1551
放大倍数: 2
批次大小: 64
学习率: 0.002
最小学习率: 2e-05
训练轮数: 100
设备: cuda
模型参数数量: 17,440
训练批次: 612
验证批次: 328
==================================================
Begin Training
Epoch 1/100: Training loss=0.039090, lr=2.00e-03
Epoch 1/100: Validation loss=0.036157
Model saved! Best loss: 0.036157
Set5: PSNR(Y)=34.898, SSIM(Y)=0.9429
Set14: PSNR(Y)=31.136, SSIM(Y)=0.8913
B100: PSNR(Y)=30.114, SSIM(Y)=0.8686
U100: PSNR(Y)=27.652, SSIM(Y)=0.8685
M109: PSNR(Y)=32.681, SSIM(Y)=0.9524
Epoch 2/100: Training loss=0.037898, lr=2.00e-03
Epoch 2/100: Validation loss=0.033754
Model saved! Best loss: 0.033754
Set5: PSNR(Y)=35.807, SSIM(Y)=0.9485
Set14: PSNR(Y)=31.670, SSIM(Y)=0.8958
B100: PSNR(Y)=30.500, SSIM(Y)=0.8734
U100: PSNR(Y)=28.471, SSIM(Y)=0.8820
M109: PSNR(Y)=34.339, SSIM(Y)=0.9605
Epoch 3/100: Training loss=0.037714, lr=2.00e-03
Epoch 3/100: Validation loss=0.033115
Model saved! Best loss: 0.033115
Set5: PSNR(Y)=36.047, SSIM(Y)=0.9493
Set14: PSNR(Y)=31.801, SSIM(Y)=0.8965
B100: PSNR(Y)=30.612, SSIM(Y)=0.8743
U100: PSNR(Y)=28.774, SSIM(Y)=0.8859
M109: PSNR(Y)=34.834, SSIM(Y)=0.9623
Epoch 4/100: Training loss=0.037577, lr=2.00e-03
Epoch 4/100: Validation loss=0.032799
Model saved! Best loss: 0.032799
Set5: PSNR(Y)=36.127, SSIM(Y)=0.9501
Set14: PSNR(Y)=31.836, SSIM(Y)=0.8973
B100: PSNR(Y)=30.634, SSIM(Y)=0.8752
U100: PSNR(Y)=28.907, SSIM(Y)=0.8886
M109: PSNR(Y)=34.932, SSIM(Y)=0.9631
Epoch 5/100: Training loss=0.037409, lr=1.99e-03
Epoch 5/100: Validation loss=0.032546
Model saved! Best loss: 0.032546
Set5: PSNR(Y)=36.166, SSIM(Y)=0.9505
Set14: PSNR(Y)=31.881, SSIM(Y)=0.8977
B100: PSNR(Y)=30.679, SSIM(Y)=0.8758
U100: PSNR(Y)=29.041, SSIM(Y)=0.8908
M109: PSNR(Y)=35.119, SSIM(Y)=0.9637
Epoch 6/100: Training loss=0.037397, lr=1.99e-03
Epoch 6/100: Validation loss=0.032492
Model saved! Best loss: 0.032492
Set5: PSNR(Y)=36.173, SSIM(Y)=0.9505
Set14: PSNR(Y)=31.900, SSIM(Y)=0.8979
B100: PSNR(Y)=30.687, SSIM(Y)=0.8760
U100: PSNR(Y)=29.070, SSIM(Y)=0.8911
M109: PSNR(Y)=35.131, SSIM(Y)=0.9639
Epoch 7/100: Training loss=0.037396, lr=1.98e-03
Epoch 7/100: Validation loss=0.032388
Model saved! Best loss: 0.032388
Set5: PSNR(Y)=36.210, SSIM(Y)=0.9504
Set14: PSNR(Y)=31.915, SSIM(Y)=0.8977
B100: PSNR(Y)=30.704, SSIM(Y)=0.8759
U100: PSNR(Y)=29.108, SSIM(Y)=0.8914
M109: PSNR(Y)=35.176, SSIM(Y)=0.9639
Epoch 8/100: Training loss=0.037336, lr=1.98e-03
Epoch 8/100: Validation loss=0.032350
Model saved! Best loss: 0.032350
Set5: PSNR(Y)=36.263, SSIM(Y)=0.9507
Set14: PSNR(Y)=31.955, SSIM(Y)=0.8983
B100: PSNR(Y)=30.722, SSIM(Y)=0.8762
U100: PSNR(Y)=29.117, SSIM(Y)=0.8914
M109: PSNR(Y)=35.240, SSIM(Y)=0.9641
Epoch 9/100: Training loss=0.037217, lr=1.97e-03
Epoch 9/100: Validation loss=0.032492
Epoch 10/100: Training loss=0.037269, lr=1.96e-03
Epoch 10/100: Validation loss=0.032232
Model saved! Best loss: 0.032232
Set5: PSNR(Y)=36.254, SSIM(Y)=0.9507
Set14: PSNR(Y)=31.931, SSIM(Y)=0.8981
B100: PSNR(Y)=30.727, SSIM(Y)=0.8762
U100: PSNR(Y)=29.214, SSIM(Y)=0.8928
M109: PSNR(Y)=35.236, SSIM(Y)=0.9641
Epoch 11/100: Training loss=0.037221, lr=1.95e-03
Epoch 11/100: Validation loss=0.032234
Epoch 12/100: Training loss=0.037187, lr=1.94e-03
Epoch 12/100: Validation loss=0.032249
Epoch 13/100: Training loss=0.037171, lr=1.93e-03
Epoch 13/100: Validation loss=0.032238
Epoch 14/100: Training loss=0.037144, lr=1.92e-03
Epoch 14/100: Validation loss=0.032254
Epoch 15/100: Training loss=0.037089, lr=1.91e-03
Epoch 15/100: Validation loss=0.032052
Model saved! Best loss: 0.032052
Set5: PSNR(Y)=36.274, SSIM(Y)=0.9509
Set14: PSNR(Y)=31.984, SSIM(Y)=0.8986
B100: PSNR(Y)=30.766, SSIM(Y)=0.8769
U100: PSNR(Y)=29.313, SSIM(Y)=0.8945
M109: PSNR(Y)=35.318, SSIM(Y)=0.9644
Epoch 16/100: Training loss=0.037106, lr=1.89e-03
Epoch 16/100: Validation loss=0.032310
Epoch 17/100: Training loss=0.037122, lr=1.88e-03
Epoch 17/100: Validation loss=0.032126
Epoch 18/100: Training loss=0.037096, lr=1.86e-03
Epoch 18/100: Validation loss=0.032087
Epoch 19/100: Training loss=0.037092, lr=1.85e-03
Epoch 19/100: Validation loss=0.032018
Model saved! Best loss: 0.032018
Set5: PSNR(Y)=36.308, SSIM(Y)=0.9509
Set14: PSNR(Y)=31.986, SSIM(Y)=0.8988
B100: PSNR(Y)=30.774, SSIM(Y)=0.8771
U100: PSNR(Y)=29.313, SSIM(Y)=0.8943
M109: PSNR(Y)=35.450, SSIM(Y)=0.9649
Epoch 20/100: Training loss=0.037080, lr=1.83e-03
Epoch 20/100: Validation loss=0.031979
Model saved! Best loss: 0.031979
Set5: PSNR(Y)=36.325, SSIM(Y)=0.9510
Set14: PSNR(Y)=31.996, SSIM(Y)=0.8989
B100: PSNR(Y)=30.774, SSIM(Y)=0.8771
U100: PSNR(Y)=29.299, SSIM(Y)=0.8944
M109: PSNR(Y)=35.452, SSIM(Y)=0.9650
Epoch 21/100: Training loss=0.037076, lr=1.81e-03
Epoch 21/100: Validation loss=0.032050
Epoch 22/100: Training loss=0.037012, lr=1.79e-03
Epoch 22/100: Validation loss=0.031957
Model saved! Best loss: 0.031957
Set5: PSNR(Y)=36.308, SSIM(Y)=0.9510
Set14: PSNR(Y)=31.970, SSIM(Y)=0.8983
B100: PSNR(Y)=30.767, SSIM(Y)=0.8769
U100: PSNR(Y)=29.360, SSIM(Y)=0.8952
M109: PSNR(Y)=35.433, SSIM(Y)=0.9649
Epoch 23/100: Training loss=0.037008, lr=1.77e-03
Epoch 23/100: Validation loss=0.031912
Model saved! Best loss: 0.031912
Set5: PSNR(Y)=36.287, SSIM(Y)=0.9509
Set14: PSNR(Y)=31.983, SSIM(Y)=0.8985
B100: PSNR(Y)=30.783, SSIM(Y)=0.8771
U100: PSNR(Y)=29.411, SSIM(Y)=0.8960
M109: PSNR(Y)=35.408, SSIM(Y)=0.9648
Epoch 24/100: Training loss=0.037045, lr=1.75e-03
Epoch 24/100: Validation loss=0.032044
Epoch 25/100: Training loss=0.037046, lr=1.73e-03
Epoch 25/100: Validation loss=0.031994
Epoch 26/100: Training loss=0.036983, lr=1.71e-03
Epoch 26/100: Validation loss=0.031861
Model saved! Best loss: 0.031861
Set5: PSNR(Y)=36.307, SSIM(Y)=0.9509
Set14: PSNR(Y)=32.008, SSIM(Y)=0.8986
B100: PSNR(Y)=30.801, SSIM(Y)=0.8771
U100: PSNR(Y)=29.411, SSIM(Y)=0.8959
M109: PSNR(Y)=35.439, SSIM(Y)=0.9648
Epoch 27/100: Training loss=0.037023, lr=1.69e-03
Epoch 27/100: Validation loss=0.031872
Epoch 28/100: Training loss=0.037037, lr=1.66e-03
Epoch 28/100: Validation loss=0.031972
Epoch 29/100: Training loss=0.037035, lr=1.64e-03
Epoch 29/100: Validation loss=0.031893
Epoch 30/100: Training loss=0.037045, lr=1.62e-03
Epoch 30/100: Validation loss=0.032065
Epoch 31/100: Training loss=0.037023, lr=1.59e-03
Epoch 31/100: Validation loss=0.032010
Epoch 32/100: Training loss=0.036947, lr=1.57e-03
Epoch 32/100: Validation loss=0.031911
Epoch 33/100: Training loss=0.036954, lr=1.54e-03
Epoch 33/100: Validation loss=0.031919
Epoch 34/100: Training loss=0.036930, lr=1.51e-03
Epoch 34/100: Validation loss=0.031917
Epoch 35/100: Training loss=0.036979, lr=1.49e-03
Epoch 35/100: Validation loss=0.031823
Model saved! Best loss: 0.031823
Set5: PSNR(Y)=36.353, SSIM(Y)=0.9510
Set14: PSNR(Y)=31.982, SSIM(Y)=0.8985
B100: PSNR(Y)=30.793, SSIM(Y)=0.8771
U100: PSNR(Y)=29.435, SSIM(Y)=0.8959
M109: PSNR(Y)=35.546, SSIM(Y)=0.9652
Epoch 36/100: Training loss=0.036927, lr=1.46e-03
Epoch 36/100: Validation loss=0.031899
Epoch 37/100: Training loss=0.036954, lr=1.43e-03
Epoch 37/100: Validation loss=0.031889
Epoch 38/100: Training loss=0.036972, lr=1.40e-03
Epoch 38/100: Validation loss=0.031913
Epoch 39/100: Training loss=0.036918, lr=1.37e-03
Epoch 39/100: Validation loss=0.031891
Epoch 40/100: Training loss=0.036930, lr=1.35e-03
Epoch 40/100: Validation loss=0.032056
Epoch 41/100: Training loss=0.036911, lr=1.32e-03
Epoch 41/100: Validation loss=0.031875
Epoch 42/100: Training loss=0.036885, lr=1.29e-03
Epoch 42/100: Validation loss=0.031956
Epoch 43/100: Training loss=0.036873, lr=1.26e-03
Epoch 43/100: Validation loss=0.031956
Epoch 44/100: Training loss=0.036885, lr=1.23e-03
Epoch 44/100: Validation loss=0.031871
Epoch 45/100: Training loss=0.036862, lr=1.20e-03
Epoch 45/100: Validation loss=0.031910
Epoch 46/100: Training loss=0.036874, lr=1.16e-03
Epoch 46/100: Validation loss=0.031912
Epoch 47/100: Training loss=0.036853, lr=1.13e-03
Epoch 47/100: Validation loss=0.031779
Model saved! Best loss: 0.031779
Set5: PSNR(Y)=36.338, SSIM(Y)=0.9510
Set14: PSNR(Y)=32.016, SSIM(Y)=0.8987
B100: PSNR(Y)=30.808, SSIM(Y)=0.8775
U100: PSNR(Y)=29.472, SSIM(Y)=0.8966
M109: PSNR(Y)=35.502, SSIM(Y)=0.9651
Epoch 48/100: Training loss=0.036881, lr=1.10e-03
Epoch 48/100: Validation loss=0.031794
Epoch 49/100: Training loss=0.036886, lr=1.07e-03
Epoch 49/100: Validation loss=0.031780
Epoch 50/100: Training loss=0.036820, lr=1.04e-03
Epoch 50/100: Validation loss=0.031789
Epoch 51/100: Training loss=0.036821, lr=1.01e-03
Epoch 51/100: Validation loss=0.031816
Epoch 52/100: Training loss=0.036850, lr=9.79e-04
Epoch 52/100: Validation loss=0.031841
Epoch 53/100: Training loss=0.036811, lr=9.48e-04
Epoch 53/100: Validation loss=0.031767
Model saved! Best loss: 0.031767
Set5: PSNR(Y)=36.314, SSIM(Y)=0.9509
Set14: PSNR(Y)=32.017, SSIM(Y)=0.8991
B100: PSNR(Y)=30.810, SSIM(Y)=0.8775
U100: PSNR(Y)=29.458, SSIM(Y)=0.8966
M109: PSNR(Y)=35.525, SSIM(Y)=0.9652
Epoch 54/100: Training loss=0.036832, lr=9.17e-04
Epoch 54/100: Validation loss=0.031768
Epoch 55/100: Training loss=0.036809, lr=8.86e-04
Epoch 55/100: Validation loss=0.031753
Model saved! Best loss: 0.031753
Set5: PSNR(Y)=36.347, SSIM(Y)=0.9510
Set14: PSNR(Y)=32.039, SSIM(Y)=0.8991
B100: PSNR(Y)=30.820, SSIM(Y)=0.8776
U100: PSNR(Y)=29.456, SSIM(Y)=0.8966
M109: PSNR(Y)=35.540, SSIM(Y)=0.9653
Epoch 56/100: Training loss=0.036820, lr=8.55e-04
Epoch 56/100: Validation loss=0.031745
Model saved! Best loss: 0.031745
Set5: PSNR(Y)=36.360, SSIM(Y)=0.9510
Set14: PSNR(Y)=32.012, SSIM(Y)=0.8989
B100: PSNR(Y)=30.806, SSIM(Y)=0.8775
U100: PSNR(Y)=29.507, SSIM(Y)=0.8976
M109: PSNR(Y)=35.516, SSIM(Y)=0.9652
Epoch 57/100: Training loss=0.036825, lr=8.24e-04
Epoch 57/100: Validation loss=0.031699
Model saved! Best loss: 0.031699
Set5: PSNR(Y)=36.365, SSIM(Y)=0.9512
Set14: PSNR(Y)=32.045, SSIM(Y)=0.8993
B100: PSNR(Y)=30.817, SSIM(Y)=0.8777
U100: PSNR(Y)=29.458, SSIM(Y)=0.8965
M109: PSNR(Y)=35.570, SSIM(Y)=0.9656
Epoch 58/100: Training loss=0.036813, lr=7.94e-04
Epoch 58/100: Validation loss=0.031748
Epoch 59/100: Training loss=0.036820, lr=7.64e-04
Epoch 59/100: Validation loss=0.031795
Epoch 60/100: Training loss=0.036800, lr=7.34e-04
Epoch 60/100: Validation loss=0.031727
Epoch 61/100: Training loss=0.036783, lr=7.04e-04
Epoch 61/100: Validation loss=0.031799
Epoch 62/100: Training loss=0.036786, lr=6.75e-04
Epoch 62/100: Validation loss=0.031856
Epoch 63/100: Training loss=0.036757, lr=6.46e-04
Epoch 63/100: Validation loss=0.031737
Epoch 64/100: Training loss=0.036839, lr=6.17e-04
Epoch 64/100: Validation loss=0.031804
Epoch 65/100: Training loss=0.036808, lr=5.88e-04
Epoch 65/100: Validation loss=0.031642
Model saved! Best loss: 0.031642
Set5: PSNR(Y)=36.381, SSIM(Y)=0.9513
Set14: PSNR(Y)=32.056, SSIM(Y)=0.8995
B100: PSNR(Y)=30.830, SSIM(Y)=0.8779
U100: PSNR(Y)=29.499, SSIM(Y)=0.8974
M109: PSNR(Y)=35.639, SSIM(Y)=0.9658
Epoch 66/100: Training loss=0.036809, lr=5.61e-04
Epoch 66/100: Validation loss=0.031743
Epoch 67/100: Training loss=0.036756, lr=5.33e-04
Epoch 67/100: Validation loss=0.031872
Epoch 68/100: Training loss=0.036753, lr=5.06e-04
Epoch 68/100: Validation loss=0.031744
Epoch 69/100: Training loss=0.036742, lr=4.80e-04
Epoch 69/100: Validation loss=0.031700
Epoch 70/100: Training loss=0.036726, lr=4.54e-04
Epoch 70/100: Validation loss=0.031737
Epoch 71/100: Training loss=0.036748, lr=4.28e-04
Epoch 71/100: Validation loss=0.032025
Epoch 72/100: Training loss=0.036751, lr=4.03e-04
Epoch 72/100: Validation loss=0.031811
Epoch 73/100: Training loss=0.036772, lr=3.79e-04
Epoch 73/100: Validation loss=0.031836
Epoch 74/100: Training loss=0.036738, lr=3.55e-04
Epoch 74/100: Validation loss=0.031796
Epoch 75/100: Training loss=0.036773, lr=3.32e-04
Epoch 75/100: Validation loss=0.031724
Epoch 76/100: Training loss=0.036704, lr=3.10e-04
Epoch 76/100: Validation loss=0.031778
Epoch 77/100: Training loss=0.036736, lr=2.88e-04
Epoch 77/100: Validation loss=0.031775
Epoch 78/100: Training loss=0.036714, lr=2.67e-04
Epoch 78/100: Validation loss=0.031758
Epoch 79/100: Training loss=0.036753, lr=2.47e-04
Epoch 79/100: Validation loss=0.031776
Epoch 80/100: Training loss=0.036727, lr=2.28e-04
Epoch 80/100: Validation loss=0.031711
Epoch 81/100: Training loss=0.036692, lr=2.09e-04
Epoch 81/100: Validation loss=0.031788
Epoch 82/100: Training loss=0.036718, lr=1.91e-04
Epoch 82/100: Validation loss=0.031771
Epoch 83/100: Training loss=0.036671, lr=1.74e-04
Epoch 83/100: Validation loss=0.031679
Epoch 84/100: Training loss=0.036697, lr=1.58e-04
Epoch 84/100: Validation loss=0.031711
Epoch 85/100: Training loss=0.036656, lr=1.42e-04
Epoch 85/100: Validation loss=0.031721
Epoch 86/100: Training loss=0.036674, lr=1.28e-04
Epoch 86/100: Validation loss=0.031778
Epoch 87/100: Training loss=0.036672, lr=1.14e-04
Epoch 87/100: Validation loss=0.031726
Epoch 88/100: Training loss=0.036652, lr=1.01e-04
Epoch 88/100: Validation loss=0.031725
Epoch 89/100: Training loss=0.036615, lr=8.95e-05
Epoch 89/100: Validation loss=0.031693
Epoch 90/100: Training loss=0.036649, lr=7.85e-05
Epoch 90/100: Validation loss=0.031706
Epoch 91/100: Training loss=0.036619, lr=6.85e-05
Epoch 91/100: Validation loss=0.031754
Epoch 92/100: Training loss=0.036611, lr=5.93e-05
Epoch 92/100: Validation loss=0.031794
Epoch 93/100: Training loss=0.036660, lr=5.11e-05
Epoch 93/100: Validation loss=0.031699
Epoch 94/100: Training loss=0.036644, lr=4.38e-05
Epoch 94/100: Validation loss=0.031795
Epoch 95/100: Training loss=0.036667, lr=3.75e-05
Epoch 95/100: Validation loss=0.031753
Epoch 96/100: Training loss=0.036583, lr=3.22e-05
Epoch 96/100: Validation loss=0.031725
Epoch 97/100: Training loss=0.036599, lr=2.78e-05
Epoch 97/100: Validation loss=0.031829
Epoch 98/100: Training loss=0.036620, lr=2.44e-05
Epoch 98/100: Validation loss=0.031695
Epoch 99/100: Training loss=0.036650, lr=2.20e-05
Epoch 99/100: Validation loss=0.031770
Epoch 100/100: Training loss=0.036608, lr=2.05e-05
Epoch 100/100: Validation loss=0.031858
==================================================
Training Finished
==================================================
==================================================
Testing Best Model
==================================================
Set5: PSNR(Y)=36.381, SSIM(Y)=0.9513
Set14: PSNR(Y)=32.056, SSIM(Y)=0.8995
B100: PSNR(Y)=30.830, SSIM(Y)=0.8779
U100: PSNR(Y)=29.499, SSIM(Y)=0.8974
M109: PSNR(Y)=35.639, SSIM(Y)=0.9658
